Hello, World! I am process 3 of 224 with 33648 and 44864.

block_rmsd 33648 44864 1
Hello, World! I am process 5 of 224 with 56080 and 67296.

block_rmsd 56080 67296 1
Hello, World! I am process 6 of 224 with 67296 and 78512.

block_rmsd 67296 78512 1
Hello, World! I am process 7 of 224 with 78512 and 89728.

block_rmsd 78512 89728 1
Hello, World! I am process 8 of 224 with 89728 and 100944.

block_rmsd 89728 100944 1
Hello, World! I am process 9 of 224 with 100944 and 112160.

block_rmsd 100944 112160 1
Hello, World! I am process 17 of 224 with 190672 and 201888.

block_rmsd 190672 201888 1
Hello, World! I am process 18 of 224 with 201888 and 213104.

block_rmsd 201888 213104 1
Hello, World! I am process 19 of 224 with 213104 and 224320.

block_rmsd 213104 224320 1
Hello, World! I am process 20 of 224 with 224320 and 235536.

block_rmsd 224320 235536 1
Hello, World! I am process 21 of 224 with 235536 and 246752.

block_rmsd 235536 246752 1
Hello, World! I am process 23 of 224 with 257968 and 269184.

block_rmsd 257968 269184 1
Hello, World! I am process 24 of 224 with 269184 and 280400.

block_rmsd 269184 280400 1
Hello, World! I am process 1 of 224 with 11216 and 22432.

block_rmsd 11216 22432 1
Hello, World! I am process 2 of 224 with 22432 and 33648.

block_rmsd 22432 33648 1
Hello, World! I am process 11 of 224 with 123376 and 134592.

block_rmsd 123376 134592 1
Hello, World! I am process 16 of 224 with 179456 and 190672.

block_rmsd 179456 190672 1
Hello, World! I am process 25 of 224 with 280400 and 291616.

block_rmsd 280400 291616 1
Hello, World! I am process 10 of 224 with 112160 and 123376.

block_rmsd 112160 123376 1
Hello, World! I am process 4 of 224 with 44864 and 56080.

block_rmsd 44864 56080 1
Hello, World! I am process 131 of 224 with 1469296 and 1480512.

block_rmsd 1469296 1480512 1
Hello, World! I am process 192 of 224 with 2153472 and 2164688.

block_rmsd 2153472 2164688 1
Hello, World! I am process 46 of 224 with 515936 and 527152.

block_rmsd 515936 527152 1
Hello, World! I am process 202 of 224 with 2265632 and 2276848.

block_rmsd 2265632 2276848 1
Hello, World! I am process 158 of 224 with 1772128 and 1783344.

block_rmsd 1772128 1783344 1
Hello, World! I am process 62 of 224 with 695392 and 706608.

block_rmsd 695392 706608 1
Hello, World! I am process 92 of 224 with 1031872 and 1043088.

block_rmsd 1031872 1043088 1
Hello, World! I am process 12 of 224 with 134592 and 145808.

block_rmsd 134592 145808 1
Hello, World! I am process 134 of 224 with 1502944 and 1514160.

block_rmsd 1502944 1514160 1
Hello, World! I am process 184 of 224 with 2063744 and 2074960.

block_rmsd 2063744 2074960 1
Hello, World! I am process 48 of 224 with 538368 and 549584.

block_rmsd 538368 549584 1
Hello, World! I am process 163 of 224 with 1828208 and 1839424.

block_rmsd 1828208 1839424 1
Hello, World! I am process 63 of 224 with 706608 and 717824.

block_rmsd 706608 717824 1
Hello, World! I am process 93 of 224 with 1043088 and 1054304.

block_rmsd 1043088 1054304 1
Hello, World! I am process 22 of 224 with 246752 and 257968.

block_rmsd 246752 257968 1
Hello, World! I am process 188 of 224 with 2108608 and 2119824.

block_rmsd 2108608 2119824 1
Hello, World! I am process 52 of 224 with 583232 and 594448.

block_rmsd 583232 594448 1
Hello, World! I am process 162 of 224 with 1816992 and 1828208.

block_rmsd 1816992 1828208 1
Hello, World! I am process 65 of 224 with 729040 and 740256.

block_rmsd 729040 740256 1
Hello, World! I am process 101 of 224 with 1132816 and 1144032.

block_rmsd 1132816 1144032 1
Hello, World! I am process 26 of 224 with 291616 and 302832.

block_rmsd 291616 302832 1
Hello, World! I am process 189 of 224 with 2119824 and 2131040.

block_rmsd 2119824 2131040 1
Hello, World! I am process 32 of 224 with 358912 and 370128.

block_rmsd 358912 370128 1
Hello, World! I am process 157 of 224 with 1760912 and 1772128.

block_rmsd 1760912 1772128 1
Hello, World! I am process 66 of 224 with 740256 and 751472.

block_rmsd 740256 751472 1
Hello, World! I am process 87 of 224 with 975792 and 987008.

block_rmsd 975792 987008 1
Hello, World! I am process 15 of 224 with 168240 and 179456.

block_rmsd 168240 179456 1
Hello, World! I am process 190 of 224 with 2131040 and 2142256.

block_rmsd 2131040 2142256 1
Hello, World! I am process 45 of 224 with 504720 and 515936.

block_rmsd 504720 515936 1
Hello, World! I am process 160 of 224 with 1794560 and 1805776.

block_rmsd 1794560 1805776 1
Hello, World! I am process 78 of 224 with 874848 and 886064.

block_rmsd 874848 886064 1
Hello, World! I am process 104 of 224 with 1166464 and 1177680.

block_rmsd 1166464 1177680 1
Hello, World! I am process 191 of 224 with 2142256 and 2153472.

block_rmsd 2142256 2153472 1
Hello, World! I am process 49 of 224 with 549584 and 560800.

block_rmsd 549584 560800 1
Hello, World! I am process 150 of 224 with 1682400 and 1693616.

block_rmsd 1682400 1693616 1
Hello, World! I am process 79 of 224 with 886064 and 897280.

block_rmsd 886064 897280 1
Hello, World! I am process 88 of 224 with 987008 and 998224.

block_rmsd 987008 998224 1
Hello, World! I am process 185 of 224 with 2074960 and 2086176.

block_rmsd 2074960 2086176 1
Hello, World! I am process 51 of 224 with 572016 and 583232.

block_rmsd 572016 583232 1
Hello, World! I am process 159 of 224 with 1783344 and 1794560.

block_rmsd 1783344 1794560 1
Hello, World! I am process 64 of 224 with 717824 and 729040.

block_rmsd 717824 729040 1
Hello, World! I am process 94 of 224 with 1054304 and 1065520.

block_rmsd 1054304 1065520 1
Hello, World! I am process 173 of 224 with 1940368 and 1951584.

block_rmsd 1940368 1951584 1
Hello, World! I am process 47 of 224 with 527152 and 538368.

block_rmsd 527152 538368 1
Hello, World! I am process 164 of 224 with 1839424 and 1850640.

block_rmsd 1839424 1850640 1
Hello, World! I am process 59 of 224 with 661744 and 672960.

block_rmsd 661744 672960 1
Hello, World! I am process 107 of 224 with 1200112 and 1211328.

block_rmsd 1200112 1211328 1
Hello, World! I am process 177 of 224 with 1985232 and 1996448.

block_rmsd 1985232 1996448 1
Hello, World! I am process 35 of 224 with 392560 and 403776.

block_rmsd 392560 403776 1
Hello, World! I am process 147 of 224 with 1648752 and 1659968.

block_rmsd 1648752 1659968 1
Hello, World! I am process 74 of 224 with 829984 and 841200.

block_rmsd 829984 841200 1
Hello, World! I am process 89 of 224 with 998224 and 1009440.

block_rmsd 998224 1009440 1
Hello, World! I am process 27 of 224 with 302832 and 314048.

block_rmsd 302832 314048 1
Hello, World! I am process 130 of 224 with 1458080 and 1469296.

block_rmsd 1458080 1469296 1
Hello, World! I am process 176 of 224 with 1974016 and 1985232.

block_rmsd 1974016 1985232 1
Hello, World! I am process 36 of 224 with 403776 and 414992.

block_rmsd 403776 414992 1
Hello, World! I am process 196 of 224 with 2198336 and 2209552.

block_rmsd 2198336 2209552 1
Hello, World! I am process 149 of 224 with 1671184 and 1682400.

block_rmsd 1671184 1682400 1
Hello, World! I am process 80 of 224 with 897280 and 908496.

block_rmsd 897280 908496 1
Hello, World! I am process 91 of 224 with 1020656 and 1031872.

block_rmsd 1020656 1031872 1
Hello, World! I am process 135 of 224 with 1514160 and 1525376.

block_rmsd 1514160 1525376 1
Hello, World! I am process 178 of 224 with 1996448 and 2007664.

block_rmsd 1996448 2007664 1
Hello, World! I am process 33 of 224 with 370128 and 381344.

block_rmsd 370128 381344 1
Hello, World! I am process 197 of 224 with 2209552 and 2220768.

block_rmsd 2209552 2220768 1
Hello, World! I am process 161 of 224 with 1805776 and 1816992.

block_rmsd 1805776 1816992 1
Hello, World! I am process 77 of 224 with 863632 and 874848.

block_rmsd 863632 874848 1
Hello, World! I am process 102 of 224 with 1144032 and 1155248.

block_rmsd 1144032 1155248 1
Hello, World! I am process 120 of 224 with 1345920 and 1357136.

block_rmsd 1345920 1357136 1
Hello, World! I am process 186 of 224 with 2086176 and 2097392.

block_rmsd 2086176 2097392 1
Hello, World! I am process 37 of 224 with 414992 and 426208.

block_rmsd 414992 426208 1
Hello, World! I am process 198 of 224 with 2220768 and 2231984.

block_rmsd 2220768 2231984 1
Hello, World! I am process 143 of 224 with 1603888 and 1615104.

block_rmsd 1603888 1615104 1
Hello, World! I am process 57 of 224 with 639312 and 650528.

block_rmsd 639312 650528 1
Hello, World! I am process 106 of 224 with 1188896 and 1200112.

block_rmsd 1188896 1200112 1
Hello, World! I am process 132 of 224 with 1480512 and 1491728.

block_rmsd 1480512 1491728 1
Hello, World! I am process 195 of 224 with 2187120 and 2198336.

block_rmsd 2187120 2198336 1
Hello, World! I am process 43 of 224 with 482288 and 493504.

block_rmsd 482288 493504 1
Hello, World! I am process 200 of 224 with 2243200 and 2254416.

block_rmsd 2243200 2254416 1
Hello, World! I am process 144 of 224 with 1615104 and 1626320.

block_rmsd 1615104 1626320 1
Hello, World! I am process 60 of 224 with 672960 and 684176.

block_rmsd 672960 684176 1
Hello, World! I am process 108 of 224 with 1211328 and 1222544.

block_rmsd 1211328 1222544 1
Hello, World! I am process 116 of 224 with 1301056 and 1312272.

block_rmsd 1301056 1312272 1
Hello, World! I am process 171 of 224 with 1917936 and 1929152.

block_rmsd 1917936 1929152 1
Hello, World! I am process 54 of 224 with 605664 and 616880.

block_rmsd 605664 616880 1
Hello, World! I am process 201 of 224 with 2254416 and 2265632.

block_rmsd 2254416 2265632 1
Hello, World! I am process 148 of 224 with 1659968 and 1671184.

block_rmsd 1659968 1671184 1
Hello, World! I am process 69 of 224 with 773904 and 785120.

block_rmsd 773904 785120 1
Hello, World! I am process 84 of 224 with 942144 and 953360.

block_rmsd 942144 953360 1
Hello, World! I am process 119 of 224 with 1334704 and 1345920.

block_rmsd 1334704 1345920 1
Hello, World! I am process 175 of 224 with 1962800 and 1974016.

block_rmsd 1962800 1974016 1
Hello, World! I am process 50 of 224 with 560800 and 572016.

block_rmsd 560800 572016 1
Hello, World! I am process 203 of 224 with 2276848 and 2288064.

block_rmsd 2276848 2288064 1
Hello, World! I am process 156 of 224 with 1749696 and 1760912.

block_rmsd 1749696 1760912 1
Hello, World! I am process 56 of 224 with 628096 and 639312.

block_rmsd 628096 639312 1
Hello, World! I am process 85 of 224 with 953360 and 964576.

block_rmsd 953360 964576 1
Hello, World! I am process 118 of 224 with 1323488 and 1334704.

block_rmsd 1323488 1334704 1
Hello, World! I am process 172 of 224 with 1929152 and 1940368.

block_rmsd 1929152 1940368 1
Hello, World! I am process 44 of 224 with 493504 and 504720.

block_rmsd 493504 504720 1
Hello, World! I am process 204 of 224 with 2288064 and 2299280.

block_rmsd 2288064 2299280 1
Hello, World! I am process 142 of 224 with 1592672 and 1603888.

block_rmsd 1592672 1603888 1
Hello, World! I am process 58 of 224 with 650528 and 661744.

block_rmsd 650528 661744 1
Hello, World! I am process 86 of 224 with 964576 and 975792.

block_rmsd 964576 975792 1
Hello, World! I am process 174 of 224 with 1951584 and 1962800.

block_rmsd 1951584 1962800 1
Hello, World! I am process 28 of 224 with 314048 and 325264.

block_rmsd 314048 325264 1
Hello, World! I am process 205 of 224 with 2299280 and 2310496.

block_rmsd 2299280 2310496 1
Hello, World! I am process 166 of 224 with 1861856 and 1873072.

block_rmsd 1861856 1873072 1
Hello, World! I am process 61 of 224 with 684176 and 695392.

block_rmsd 684176 695392 1
Hello, World! I am process 90 of 224 with 1009440 and 1020656.

block_rmsd 1009440 1020656 1
Hello, World! I am process 187 of 224 with 2097392 and 2108608.

block_rmsd 2097392 2108608 1
Hello, World! I am process 30 of 224 with 336480 and 347696.

block_rmsd 336480 347696 1
Hello, World! I am process 206 of 224 with 2310496 and 2321712.

block_rmsd 2310496 2321712 1
Hello, World! I am process 167 of 224 with 1873072 and 1884288.

block_rmsd 1873072 1884288 1
Hello, World! I am process 67 of 224 with 751472 and 762688.

block_rmsd 751472 762688 1
Hello, World! I am process 95 of 224 with 1065520 and 1076736.

block_rmsd 1065520 1076736 1
Hello, World! I am process 169 of 224 with 1895504 and 1906720.

block_rmsd 1895504 1906720 1
Hello, World! I am process 34 of 224 with 381344 and 392560.

block_rmsd 381344 392560 1
Hello, World! I am process 207 of 224 with 2321712 and 2332928.

block_rmsd 2321712 2332928 1
Hello, World! I am process 141 of 224 with 1581456 and 1592672.

block_rmsd 1581456 1592672 1
Hello, World! I am process 71 of 224 with 796336 and 807552.

block_rmsd 796336 807552 1
Hello, World! I am process 96 of 224 with 1076736 and 1087952.

block_rmsd 1076736 1087952 1
Hello, World! I am process 181 of 224 with 2030096 and 2041312.

block_rmsd 2030096 2041312 1
Hello, World! I am process 40 of 224 with 448640 and 459856.

block_rmsd 448640 459856 1
Hello, World! I am process 208 of 224 with 2332928 and 2344144.

block_rmsd 2332928 2344144 1
Hello, World! I am process 145 of 224 with 1626320 and 1637536.

block_rmsd 1626320 1637536 1
Hello, World! I am process 73 of 224 with 818768 and 829984.

block_rmsd 818768 829984 1
Hello, World! I am process 97 of 224 with 1087952 and 1099168.

block_rmsd 1087952 1099168 1
Hello, World! I am process 183 of 224 with 2052528 and 2063744.

block_rmsd 2052528 2063744 1
Hello, World! I am process 55 of 224 with 616880 and 628096.

block_rmsd 616880 628096 1
Hello, World! I am process 209 of 224 with 2344144 and 2355360.

block_rmsd 2344144 2355360 1
Hello, World! I am process 146 of 224 with 1637536 and 1648752.

block_rmsd 1637536 1648752 1
Hello, World! I am process 75 of 224 with 841200 and 852416.

block_rmsd 841200 852416 1
Hello, World! I am process 99 of 224 with 1110384 and 1121600.

block_rmsd 1110384 1121600 1
Hello, World! I am process 193 of 224 with 2164688 and 2175904.

block_rmsd 2164688 2175904 1
Hello, World! I am process 41 of 224 with 459856 and 471072.

block_rmsd 459856 471072 1
Hello, World! I am process 211 of 224 with 2366576 and 2377792.

block_rmsd 2366576 2377792 1
Hello, World! I am process 151 of 224 with 1693616 and 1704832.

block_rmsd 1693616 1704832 1
Hello, World! I am process 76 of 224 with 852416 and 863632.

block_rmsd 852416 863632 1
Hello, World! I am process 100 of 224 with 1121600 and 1132816.

block_rmsd 1121600 1132816 1
Hello, World! I am process 194 of 224 with 2175904 and 2187120.

block_rmsd 2175904 2187120 1
Hello, World! I am process 53 of 224 with 594448 and 605664.

block_rmsd 594448 605664 1
Hello, World! I am process 212 of 224 with 2377792 and 2389008.

block_rmsd 2377792 2389008 1
Hello, World! I am process 152 of 224 with 1704832 and 1716048.

block_rmsd 1704832 1716048 1
Hello, World! I am process 81 of 224 with 908496 and 919712.

block_rmsd 908496 919712 1
Hello, World! I am process 103 of 224 with 1155248 and 1166464.

block_rmsd 1155248 1166464 1
Hello, World! I am process 168 of 224 with 1884288 and 1895504.

block_rmsd 1884288 1895504 1
Hello, World! I am process 29 of 224 with 325264 and 336480.

block_rmsd 325264 336480 1
Hello, World! I am process 213 of 224 with 2389008 and 2400224.

block_rmsd 2389008 2400224 1
Hello, World! I am process 153 of 224 with 1716048 and 1727264.

block_rmsd 1716048 1727264 1
Hello, World! I am process 83 of 224 with 930928 and 942144.

block_rmsd 930928 942144 1
Hello, World! I am process 105 of 224 with 1177680 and 1188896.

block_rmsd 1177680 1188896 1
Hello, World! I am process 179 of 224 with 2007664 and 2018880.

block_rmsd 2007664 2018880 1
Hello, World! I am process 31 of 224 with 347696 and 358912.

block_rmsd 347696 358912 1
Hello, World! I am process 214 of 224 with 2400224 and 2411440.

block_rmsd 2400224 2411440 1
Hello, World! I am process 155 of 224 with 1738480 and 1749696.

block_rmsd 1738480 1749696 1
Hello, World! I am process 82 of 224 with 919712 and 930928.

block_rmsd 919712 930928 1
Hello, World! I am process 109 of 224 with 1222544 and 1233760.

block_rmsd 1222544 1233760 1
Hello, World! I am process 180 of 224 with 2018880 and 2030096.

block_rmsd 2018880 2030096 1
Hello, World! I am process 39 of 224 with 437424 and 448640.

block_rmsd 437424 448640 1
Hello, World! I am process 215 of 224 with 2411440 and 2422656.

block_rmsd 2411440 2422656 1
Hello, World! I am process 165 of 224 with 1850640 and 1861856.

block_rmsd 1850640 1861856 1
Hello, World! I am process 68 of 224 with 762688 and 773904.

block_rmsd 762688 773904 1
Hello, World! I am process 110 of 224 with 1233760 and 1244976.

block_rmsd 1233760 1244976 1
Hello, World! I am process 216 of 224 with 2422656 and 2433872.

block_rmsd 2422656 2433872 1
Hello, World! I am process 72 of 224 with 807552 and 818768.

block_rmsd 807552 818768 1
Hello, World! I am process 111 of 224 with 1244976 and 1256192.

block_rmsd 1244976 1256192 1
Hello, World! I am process 217 of 224 with 2433872 and 2445088.

block_rmsd 2433872 2445088 1
Hello, World! I am process 218 of 224 with 2445088 and 2456304.

block_rmsd 2445088 2456304 1
Hello, World! I am process 219 of 224 with 2456304 and 2467520.

block_rmsd 2456304 2467520 1
Hello, World! I am process 220 of 224 with 2467520 and 2478736.

block_rmsd 2467520 2478736 1
Hello, World! I am process 221 of 224 with 2478736 and 2489952.

block_rmsd 2478736 2489952 1
Hello, World! I am process 222 of 224 with 2489952 and 2501168.

block_rmsd 2489952 2501168 1
Hello, World! I am process 223 of 224 with 2501168 and 2512384.

block_rmsd 2501168 2512384 1
Hello, World! I am process 112 of 224 with 1256192 and 1267408.

block_rmsd 1256192 1267408 1
Hello, World! I am process 113 of 224 with 1267408 and 1278624.

block_rmsd 1267408 1278624 1
Hello, World! I am process 170 of 224 with 1906720 and 1917936.

block_rmsd 1906720 1917936 1
Hello, World! I am process 114 of 224 with 1278624 and 1289840.

block_rmsd 1278624 1289840 1
Hello, World! I am process 115 of 224 with 1289840 and 1301056.

block_rmsd 1289840 1301056 1
Hello, World! I am process 117 of 224 with 1312272 and 1323488.

block_rmsd 1312272 1323488 1
Hello, World! I am process 121 of 224 with 1357136 and 1368352.

block_rmsd 1357136 1368352 1
Hello, World! I am process 123 of 224 with 1379568 and 1390784.

block_rmsd 1379568 1390784 1
Hello, World! I am process 124 of 224 with 1390784 and 1402000.

block_rmsd 1390784 1402000 1
Hello, World! I am process 127 of 224 with 1424432 and 1435648.

block_rmsd 1424432 1435648 1
Hello, World! I am process 128 of 224 with 1435648 and 1446864.

block_rmsd 1435648 1446864 1
Hello, World! I am process 129 of 224 with 1446864 and 1458080.

block_rmsd 1446864 1458080 1
Hello, World! I am process 133 of 224 with 1491728 and 1502944.

block_rmsd 1491728 1502944 1
Hello, World! I am process 136 of 224 with 1525376 and 1536592.

block_rmsd 1525376 1536592 1
Hello, World! I am process 137 of 224 with 1536592 and 1547808.

block_rmsd 1536592 1547808 1
Hello, World! I am process 138 of 224 with 1547808 and 1559024.

block_rmsd 1547808 1559024 1
Hello, World! I am process 139 of 224 with 1559024 and 1570240.

block_rmsd 1559024 1570240 1
Hello, World! I am process 13 of 224 with 145808 and 157024.

block_rmsd 145808 157024 1
Hello, World! I am process 125 of 224 with 1402000 and 1413216.

block_rmsd 1402000 1413216 1
Hello, World! I am process 38 of 224 with 426208 and 437424.

block_rmsd 426208 437424 1
Hello, World! I am process 199 of 224 with 2231984 and 2243200.

block_rmsd 2231984 2243200 1
Hello, World! I am process 140 of 224 with 1570240 and 1581456.

block_rmsd 1570240 1581456 1
Hello, World! I am process 122 of 224 with 1368352 and 1379568.

block_rmsd 1368352 1379568 1
Hello, World! I am process 182 of 224 with 2041312 and 2052528.

block_rmsd 2041312 2052528 1
Hello, World! I am process 42 of 224 with 471072 and 482288.

block_rmsd 471072 482288 1
Hello, World! I am process 98 of 224 with 1099168 and 1110384.

block_rmsd 1099168 1110384 1
Hello, World! I am process 70 of 224 with 785120 and 796336.

block_rmsd 785120 796336 1
Hello, World! I am process 14 of 224 with 157024 and 168240.

block_rmsd 157024 168240 1
Hello, World! I am process 154 of 224 with 1727264 and 1738480.

block_rmsd 1727264 1738480 1
Hello, World! I am process 126 of 224 with 1413216 and 1424432.

block_rmsd 1413216 1424432 1
Hello, World! I am process 0 of 224 with 0 and 11216.

block_rmsd 0 11216 1
[0.49446773529052734, 0.38960814476013184, 0.38968563079833984, 0.3826107978820801, 0.39615464210510254, 0.38275885581970215, 0.38323402404785156, 0.38328123092651367, 0.38326478004455566, 0.38332176208496094, 0.3950941562652588, 0.38974809646606445, 0.39642858505249023, 0.42328596115112305, 0.4759647846221924, 0.3980259895324707, 0.3898169994354248, 0.3837699890136719, 0.3838331699371338, 0.3838694095611572, 0.3838613033294678, 0.38390541076660156, 0.39603590965270996, 0.38416624069213867, 0.3839690685272217, 0.3918602466583252, 0.3973219394683838, 0.4117131233215332, 0.4017908573150635, 0.40639472007751465, 0.40242767333984375, 0.4065556526184082, 0.39307522773742676, 0.39786386489868164, 0.4021315574645996, 0.39412856101989746, 0.39647769927978516, 0.3980276584625244, 0.4115126132965088, 0.40801358222961426, 0.40126705169677734, 0.40421009063720703, 0.46175670623779297, 0.39838433265686035, 0.401073694229126, 0.3932344913482666, 0.3918766975402832, 0.39402151107788086, 0.39236021041870117, 0.39353227615356445, 0.40087056159973145, 0.393216609954834, 0.39287495613098145, 0.40545058250427246, 0.4007549285888672, 0.40281057357788086, 0.39863109588623047, 0.39450788497924805, 0.3988032341003418, 0.39195775985717773, 0.3942234516143799, 0.39741015434265137, 0.3906228542327881, 0.3906550407409668, 0.3907196521759033, 0.38942456245422363, 0.3901066780090332, 0.3982424736022949, 0.401796817779541, 0.39511561393737793, 0.4703938961029053, 0.3972744941711426, 0.40214014053344727, 0.39669227600097656, 0.3920917510986328, 0.396320104598999, 0.39765167236328125, 0.39322423934936523, 0.3901534080505371, 0.3906373977661133, 0.3923516273498535, 0.3976917266845703, 0.4012017250061035, 0.39986228942871094, 0.4009273052215576, 0.3969571590423584, 0.3966827392578125, 0.3906261920928955, 0.3918890953063965, 0.39301109313964844, 0.401275634765625, 0.392747163772583, 0.3901331424713135, 0.3901388645172119, 0.3908069133758545, 0.40142154693603516, 0.4019942283630371, 0.3993091583251953, 0.4631528854370117, 0.4017062187194824, 0.4037892818450928, 0.39017558097839355, 0.39230775833129883, 0.39388155937194824, 0.3902113437652588, 0.4005453586578369, 0.39346790313720703, 0.3907923698425293, 0.3926863670349121, 0.39879417419433594, 0.4005126953125, 0.40299272537231445, 0.4094109535217285, 0.4158940315246582, 0.4077742099761963, 0.407991886138916, 0.40520143508911133, 0.4078385829925537, 0.405470609664917, 0.40539979934692383, 0.4023613929748535, 0.412365198135376, 0.42789363861083984, 0.41475796699523926, 0.41520261764526367, 0.4219338893890381, 0.4796745777130127, 0.4070284366607666, 0.4099702835083008, 0.4066770076751709, 0.40146803855895996, 0.3990945816040039, 0.4049811363220215, 0.40663790702819824, 0.39986157417297363, 0.40187692642211914, 0.41182374954223633, 0.40575504302978516, 0.40895891189575195, 0.4168529510498047, 0.41650986671447754, 0.4055957794189453, 0.40067481994628906, 0.398679256439209, 0.39926958084106445, 0.4046056270599365, 0.40292978286743164, 0.3974757194519043, 0.3990061283111572, 0.39691853523254395, 0.3932919502258301, 0.40941572189331055, 0.4074568748474121, 0.40889644622802734, 0.4786515235900879, 0.4014110565185547, 0.3984065055847168, 0.3925600051879883, 0.39081382751464844, 0.3962123394012451, 0.39296889305114746, 0.3978288173675537, 0.3923168182373047, 0.3920609951019287, 0.3944845199584961, 0.40878748893737793, 0.39997363090515137, 0.4004859924316406, 0.40695643424987793, 0.4036884307861328, 0.4170351028442383, 0.3989753723144531, 0.401752233505249, 0.3936493396759033, 0.4007303714752197, 0.39911818504333496, 0.3951089382171631, 0.3940911293029785, 0.3953855037689209, 0.4053969383239746, 0.4064457416534424, 0.40393781661987305, 0.46028780937194824, 0.402202844619751, 0.3924133777618408, 0.39272642135620117, 0.39680981636047363, 0.4001951217651367, 0.39225316047668457, 0.39246463775634766, 0.392444372177124, 0.3922615051269531, 0.39013051986694336, 0.40262556076049805, 0.40387415885925293, 0.3971679210662842, 0.40200209617614746, 0.40766048431396484, 0.4004192352294922, 0.4223341941833496, 0.4078211784362793, 0.3980848789215088, 0.392453670501709, 0.3953578472137451, 0.39385223388671875, 0.393646240234375, 0.3952054977416992, 0.40792179107666016, 0.4029712677001953, 0.4060981273651123, 0.494387149810791, 0.4064023494720459, 0.40230393409729004, 0.39812636375427246, 0.40004968643188477, 0.39363574981689453, 0.3975188732147217, 0.3973076343536377, 0.39377427101135254, 0.3966057300567627, 0.3988807201385498, 0.4071331024169922, 0.40273451805114746, 0.4036862850189209] [0.0004343986511230469, 0.0004374980926513672, 0.00041961669921875, 0.00043702125549316406, 0.0004191398620605469, 0.0004277229309082031, 0.0004191398620605469, 0.00043582916259765625, 0.00042176246643066406, 0.0004355907440185547, 0.0004169940948486328, 0.00042891502380371094, 0.00044608116149902344, 0.00042724609375, 0.0004215240478515625, 0.0004222393035888672, 0.0004246234893798828, 0.00042247772216796875, 0.0004382133483886719, 0.0004432201385498047, 0.0004334449768066406, 0.0004203319549560547, 0.0004177093505859375, 0.0004379749298095703, 0.00043582916259765625, 0.0004220008850097656, 0.0004191398620605469, 0.00042247772216796875, 0.00044465065002441406, 0.00043845176696777344, 0.0004482269287109375, 0.0004544258117675781, 0.00042438507080078125, 0.0004248619079589844, 0.00045013427734375, 0.00043463706970214844, 0.0004241466522216797, 0.0004322528839111328, 0.0004284381866455078, 0.00045108795166015625, 0.00044918060302734375, 0.0004417896270751953, 0.00045371055603027344, 0.00043964385986328125, 0.00043129920959472656, 0.00043129920959472656, 0.00042748451232910156, 0.00044155120849609375, 0.0004315376281738281, 0.000446319580078125, 0.00046324729919433594, 0.0004241466522216797, 0.00043892860412597656, 0.00043964385986328125, 0.0004315376281738281, 0.0004436969757080078, 0.0004782676696777344, 0.0004487037658691406, 0.0004215240478515625, 0.0004305839538574219, 0.00042438507080078125, 0.0004341602325439453, 0.0004317760467529297, 0.0004284381866455078, 0.0004413127899169922, 0.00043582916259765625, 0.00045037269592285156, 0.0004298686981201172, 0.0004229545593261719, 0.0004570484161376953, 0.00043392181396484375, 0.0004515647888183594, 0.0004322528839111328, 0.00043129920959472656, 0.0004246234893798828, 0.0004544258117675781, 0.00048470497131347656, 0.00042557716369628906, 0.0004322528839111328, 0.00042557716369628906, 0.00043511390686035156, 0.0004277229309082031, 0.0004794597625732422, 0.0004367828369140625, 0.00043702125549316406, 0.0004324913024902344, 0.0004413127899169922, 0.0004298686981201172, 0.00043773651123046875, 0.00044846534729003906, 0.0004296302795410156, 0.0004241466522216797, 0.0004413127899169922, 0.0004315376281738281, 0.0004391670227050781, 0.0004489421844482422, 0.00043487548828125, 0.00043201446533203125, 0.00044846534729003906, 0.0004436969757080078, 0.00043082237243652344, 0.0004241466522216797, 0.0004246234893798828, 0.00041937828063964844, 0.0004367828369140625, 0.0004315376281738281, 0.00043201446533203125, 0.0004367828369140625, 0.0004277229309082031, 0.00043702125549316406, 0.0004284381866455078, 0.0004353523254394531, 0.00042891502380371094, 0.00042939186096191406, 0.0004246234893798828, 0.0004284381866455078, 0.000415802001953125, 0.0004246234893798828, 0.00041866302490234375, 0.0004248619079589844, 0.00041937828063964844, 0.00042366981506347656, 0.0004181861877441406, 0.00042510032653808594, 0.0004200935363769531, 0.00042939186096191406, 0.00044274330139160156, 0.00042700767517089844, 0.0004229545593261719, 0.0004324913024902344, 0.00043010711669921875, 0.000423431396484375, 0.0004119873046875, 0.0004215240478515625, 0.0004203319549560547, 0.000423431396484375, 0.00042700767517089844, 0.00041675567626953125, 0.00044918060302734375, 0.0004200935363769531, 0.00043487548828125, 0.0004343986511230469, 0.00042700767517089844, 0.0004131793975830078, 0.00042891502380371094, 0.0004165172576904297, 0.00043511390686035156, 0.00041556358337402344, 0.0004413127899169922, 0.0004379749298095703, 0.00043392181396484375, 0.0004222393035888672, 0.00042891502380371094, 0.00044155120849609375, 0.0004229545593261719, 0.0004258155822753906, 0.00041866302490234375, 0.0004189014434814453, 0.00042939186096191406, 0.00043511390686035156, 0.0004303455352783203, 0.00044655799865722656, 0.00041866302490234375, 0.00043129920959472656, 0.0004239082336425781, 0.00044417381286621094, 0.00042939186096191406, 0.0004425048828125, 0.0004210472106933594, 0.00041985511779785156, 0.00042891502380371094, 0.00042128562927246094, 0.00043892860412597656, 0.0004343986511230469, 0.000431060791015625, 0.00041675567626953125, 0.0004134178161621094, 0.00042819976806640625, 0.0004227161407470703, 0.00041866302490234375, 0.0004241466522216797, 0.00042176246643066406, 0.00043511390686035156, 0.00042510032653808594, 0.0004215240478515625, 0.0004322528839111328, 0.00042748451232910156, 0.0004267692565917969, 0.0004253387451171875, 0.00042629241943359375, 0.0004191398620605469, 0.00041794776916503906, 0.0004191398620605469, 0.00042128562927246094, 0.00042438507080078125, 0.0004162788391113281, 0.00042724609375, 0.0004477500915527344, 0.0004291534423828125, 0.00042939186096191406, 0.0004627704620361328, 0.0004324913024902344, 0.0004248619079589844, 0.00042819976806640625, 0.0004215240478515625, 0.0004248619079589844, 0.00042748451232910156, 0.0004513263702392578, 0.00042724609375, 0.0004284381866455078, 0.0004353523254394531, 0.0004324913024902344, 0.0004322528839111328, 0.0004298686981201172, 0.00042128562927246094, 0.0004241466522216797, 0.0004267692565917969, 0.00043320655822753906, 0.00042700767517089844, 0.00042891502380371094, 0.00043487548828125, 0.0004315376281738281, 0.00043010711669921875, 0.00042748451232910156]Hello, World! I am process 210 of 224 with 2355360 and 2366576.

block_rmsd 2355360 2366576 1
 [0.11231851577758789, 0.0016574859619140625, 0.0020804405212402344, 0.0006351470947265625, 0.0007071495056152344, 0.0059702396392822266, 0.0026166439056396484, 0.004468441009521484, 0.003043651580810547, 0.0022258758544921875, 0.00027179718017578125, 0.0012350082397460938, 0.00012612342834472656, 0.00015854835510253906, 0.00015544891357421875, 0.00013899803161621094, 0.0016279220581054688, 0.009603023529052734, 0.002122163772583008, 0.0038263797760009766, 0.0044934749603271484, 0.009616851806640625, 0.0005464553833007812, 9.489059448242188e-05, 0.005748271942138672, 0.00087738037109375, 0.0001518726348876953, 0.00017690658569335938, 0.00623631477355957, 0.002758026123046875, 0.005097866058349609, 0.0026636123657226562, 0.016200542449951172, 0.010723590850830078, 0.006043434143066406, 0.01310873031616211, 0.013215065002441406, 0.01076054573059082, 0.00020265579223632812, 0.0013077259063720703, 0.0076808929443359375, 0.0038590431213378906, 0.00018715858459472656, 0.010690927505493164, 0.00811004638671875, 0.016294002532958984, 0.02148580551147461, 0.013143777847290039, 0.01874065399169922, 0.01460719108581543, 0.00866842269897461, 0.015227794647216797, 0.01673746109008789, 0.0035066604614257812, 0.008691787719726562, 0.004698991775512695, 0.010588884353637695, 0.012786388397216797, 0.010016918182373047, 0.021212100982666016, 0.01266169548034668, 0.01173853874206543, 0.021876811981201172, 0.02165961265563965, 0.021654605865478516, 0.024976730346679688, 0.025130510330200195, 0.01064443588256836, 0.006224393844604492, 0.01262807846069336, 0.0001876354217529297, 0.011911630630493164, 0.006032705307006836, 0.013100862503051758, 0.020656108856201172, 0.013357877731323242, 0.011456727981567383, 0.01495218276977539, 0.02233290672302246, 0.021602153778076172, 0.018937349319458008, 0.011173248291015625, 0.007750272750854492, 0.00991964340209961, 0.008382797241210938, 0.011730432510375977, 0.013258934020996094, 0.021657466888427734, 0.02114558219909668, 0.01629161834716797, 0.007671833038330078, 0.016644716262817383, 0.025362491607666016, 0.02326226234436035, 0.020398616790771484, 0.007676601409912109, 0.006173610687255859, 0.009582757949829102, 0.00019860267639160156, 0.0065631866455078125, 0.004528522491455078, 0.022449493408203125, 0.01879596710205078, 0.013169288635253906, 0.02148747444152832, 0.00893092155456543, 0.014876604080200195, 0.021062850952148438, 0.016972064971923828, 0.01058650016784668, 0.009093761444091797, 0.0045664310455322266, 0.00011110305786132812, 0.00013494491577148438, 0.0015234947204589844, 0.0012798309326171875, 0.003550291061401367, 0.001394033432006836, 0.0033943653106689453, 0.0034456253051757812, 0.00525665283203125, 0.00015306472778320312, 0.00019550323486328125, 0.00017189979553222656, 0.00014400482177734375, 0.00019741058349609375, 0.000186920166015625, 0.0023877620697021484, 0.0001513957977294922, 0.0026819705963134766, 0.007632017135620117, 0.009644031524658203, 0.0036640167236328125, 0.0026717185974121094, 0.009762763977050781, 0.006178855895996094, 0.00021767616271972656, 0.003426074981689453, 0.0003006458282470703, 0.0001685619354248047, 0.00017881393432617188, 0.003423452377319336, 0.008697032928466797, 0.010539531707763672, 0.009594917297363281, 0.0038280487060546875, 0.0044820308685302734, 0.011604547500610352, 0.009780168533325195, 0.01282358169555664, 0.014690160751342773, 0.00012946128845214844, 0.0019974708557128906, 0.00043320655822753906, 0.00021195411682128906, 0.007664203643798828, 0.010442733764648438, 0.017159700393676758, 0.021654129028320312, 0.013241052627563477, 0.016547203063964844, 0.011222600936889648, 0.01898026466369629, 0.020833969116210938, 0.012317895889282227, 0.0007097721099853516, 0.00974583625793457, 0.009465694427490234, 0.0024046897888183594, 0.004499197006225586, 0.00018095970153808594, 0.009680986404418945, 0.006440639495849609, 0.014266490936279297, 0.008670568466186523, 0.009613513946533203, 0.012607097625732422, 0.013127565383911133, 0.012674570083618164, 0.0034284591674804688, 0.0027265548706054688, 0.004048585891723633, 0.00019860267639160156, 0.00589442253112793, 0.0180816650390625, 0.016638994216918945, 0.013126611709594727, 0.009629249572753906, 0.020816326141357422, 0.018028736114501953, 0.017211198806762695, 0.020368337631225586, 0.0233612060546875, 0.005267620086669922, 0.004347085952758789, 0.011849403381347656, 0.006073713302612305, 0.001825571060180664, 0.009615898132324219, 0.0001552104949951172, 0.0014407634735107422, 0.010775089263916016, 0.017703533172607422, 0.012669801712036133, 0.013145923614501953, 0.013822555541992188, 0.01258707046508789, 0.0013179779052734375, 0.004559040069580078, 0.0031964778900146484, 0.000560760498046875, 0.0027573108673095703, 0.005838871002197266, 0.010736227035522461, 0.009536027908325195, 0.013667583465576172, 0.011620521545410156, 0.011808633804321289, 0.013647317886352539, 0.013221502304077148, 0.010040521621704102, 0.0022821426391601562, 0.0047948360443115234, 0.0044994354248046875]
[[  3.34548074e-05   3.81515980e-01]
 [  3.39424644e-05   3.87293816e-01]
 [  3.39326649e-05   3.86944532e-01]
 [  3.34564867e-05   3.81350040e-01]
 [  3.46427552e-05   3.94815922e-01]
 [  3.29756745e-05   3.76172066e-01]
 [  3.32531847e-05   3.80010128e-01]
 [  3.31400975e-05   3.78192186e-01]
 [  3.32715720e-05   3.79621029e-01]
 [  3.33228652e-05   3.80476236e-01]
 [  3.45560266e-05   3.94171476e-01]
 [  3.39655070e-05   3.87867212e-01]
 [  3.46696453e-05   3.95631313e-01]
 [  3.70278763e-05   4.22460794e-01]
 [  4.15331712e-05   4.75148201e-01]
 [  3.48344934e-05   3.97259235e-01]
 [  3.39530079e-05   3.87542963e-01]
 [  3.27600860e-05   3.73552799e-01]
 [  3.33854246e-05   3.81080866e-01]
 [  3.33335150e-05   3.79414082e-01]
 [  3.31887335e-05   3.78755808e-01]
 [  3.28149503e-05   3.73689651e-01]
 [  3.46466240e-05   3.94851923e-01]
 [  3.36031388e-05   3.83444786e-01]
 [  3.30908662e-05   3.77599239e-01]
 [  3.42079219e-05   3.90331030e-01]
 [  3.47445763e-05   3.96529675e-01]
 [  3.60285845e-05   4.10860062e-01]
 [  3.45696736e-05   3.94926310e-01]
 [  3.53381569e-05   4.03009892e-01]
 [  3.47702335e-05   3.96695375e-01]
 [  3.53591801e-05   4.03242826e-01]
 [  3.29641107e-05   3.76246452e-01]
 [  3.39277971e-05   3.86520863e-01]
 [  3.46422025e-05   3.95426273e-01]
 [  3.33497766e-05   3.80409241e-01]
 [  3.35948699e-05   3.82644176e-01]
 [  3.39376391e-05   3.86647940e-01]
 [  3.59857303e-05   4.10629749e-01]
 [  3.56281237e-05   4.06032562e-01]
 [  3.44400697e-05   3.92933369e-01]
 [  3.49800401e-05   3.99721146e-01]
 [  4.03113185e-05   4.60875273e-01]
 [  3.39652307e-05   3.87073040e-01]
 [  3.44119466e-05   3.92348766e-01]
 [  3.30416988e-05   3.76327276e-01]
 [  3.24716284e-05   3.69766235e-01]
 [  3.33405723e-05   3.80253792e-01]
 [  3.26973991e-05   3.73001099e-01]
 [  3.31151843e-05   3.78283262e-01]
 [  3.42822577e-05   3.91560078e-01]
 [  3.31274495e-05   3.77386093e-01]
 [  3.28786576e-05   3.75517130e-01]
 [  3.51991148e-05   4.01314497e-01]
 [  3.43047476e-05   3.91452551e-01]
 [  3.48481829e-05   3.97473812e-01]
 [  3.38942535e-05   3.87370110e-01]
 [  3.34144616e-05   3.81080866e-01]
 [  3.39770921e-05   3.88173819e-01]
 [  3.24464601e-05   3.70125532e-01]
 [  3.33732443e-05   3.80943537e-01]
 [  3.37832920e-05   3.85057211e-01]
 [  3.23144328e-05   3.68133307e-01]
 [  3.22762553e-05   3.68374348e-01]
 [  3.23225955e-05   3.68438244e-01]
 [  3.19401820e-05   3.63809347e-01]
 [  3.19648401e-05   3.64333153e-01]
 [  3.38843478e-05   3.86977434e-01]
 [  3.46426277e-05   3.94958258e-01]
 [  3.35270175e-05   3.81822348e-01]
 [  4.10493192e-05   4.69512701e-01]
 [  3.37085523e-05   3.84733438e-01]
 [  3.47015946e-05   3.95483017e-01]
 [  3.35513780e-05   3.82969379e-01]
 [  3.25184576e-05   3.70816946e-01]
 [  3.35318428e-05   3.82311106e-01]
 [  3.38172394e-05   3.85526419e-01]
 [  3.30886343e-05   3.77655029e-01]
 [  3.21344498e-05   3.67188215e-01]
 [  3.23115844e-05   3.68423223e-01]
 [  3.27314953e-05   3.72795105e-01]
 [  3.38552682e-05   3.85899067e-01]
 [  3.44353506e-05   3.92787218e-01]
 [  3.41333523e-05   3.89313221e-01]
 [  3.43349538e-05   3.91911030e-01]
 [  3.37111457e-05   3.84590387e-01]
 [  3.35113298e-05   3.82767200e-01]
 [  3.22589946e-05   3.68344069e-01]
 [  3.24621053e-05   3.70121717e-01]
 [  3.29995461e-05   3.76065016e-01]
 [  3.43749382e-05   3.92965078e-01]
 [  3.29395164e-05   3.75496387e-01]
 [  3.19531063e-05   3.64105701e-01]
 [  3.21132140e-05   3.66258144e-01]
 [  3.24154674e-05   3.69771719e-01]
 [  3.43226885e-05   3.93107891e-01]
 [  3.46392903e-05   3.95193100e-01]
 [  3.40723660e-05   3.89108181e-01]
 [  4.04683015e-05   4.62247372e-01]
 [  3.45795156e-05   3.94506693e-01]
 [  3.49801889e-05   3.98631096e-01]
 [  3.21800673e-05   3.67087364e-01]
 [  3.26729535e-05   3.72899771e-01]
 [  3.32338196e-05   3.80109787e-01]
 [  3.22780621e-05   3.68088245e-01]
 [  3.42243961e-05   3.91000032e-01]
 [  3.30855945e-05   3.77970457e-01]
 [  3.23678304e-05   3.69094372e-01]
 [  3.29062704e-05   3.75100136e-01]
 [  3.40134628e-05   3.87574911e-01]
 [  3.42804933e-05   3.90804768e-01]
 [  3.48773688e-05   3.97795200e-01]
 [  3.58420542e-05   4.08617496e-01]
 [  3.63920155e-05   4.15048838e-01]
 [  3.55864813e-05   4.05639648e-01]
 [  3.56067604e-05   4.06058788e-01]
 [  3.51347911e-05   4.01046753e-01]
 [  3.55947077e-05   4.05819654e-01]
 [  3.52312767e-05   4.01445150e-01]
 [  3.52501317e-05   4.01321173e-01]
 [  3.47413877e-05   3.96423578e-01]
 [  3.60658905e-05   4.11531925e-01]
 [  3.74471282e-05   4.26965237e-01]
 [  3.61997671e-05   4.13915634e-01]
 [  3.63478009e-05   4.14383411e-01]
 [  3.68226187e-05   4.20995235e-01]
 [  4.19375432e-05   4.78796244e-01]
 [  3.54555381e-05   4.03997421e-01]
 [  3.59345222e-05   4.09169436e-01]
 [  3.52911152e-05   4.03329372e-01]
 [  3.44745060e-05   3.93206358e-01]
 [  3.40699852e-05   3.88769150e-01]
 [  3.51330268e-05   4.00688171e-01]
 [  3.53645581e-05   4.03357029e-01]
 [  3.41423653e-05   3.89478445e-01]
 [  3.45885499e-05   3.95084381e-01]
 [  3.59696600e-05   4.10916567e-01]
 [  3.52178848e-05   4.01692152e-01]
 [  3.57865522e-05   4.07976151e-01]
 [  3.63669747e-05   4.15979624e-01]
 [  3.65093754e-05   4.15642738e-01]
 [  3.52081916e-05   4.01374578e-01]
 [  3.43356127e-05   3.91360760e-01]
 [  3.39205484e-05   3.87546062e-01]
 [  3.40610573e-05   3.89052391e-01]
 [  3.51336433e-05   4.00176764e-01]
 [  3.48836396e-05   3.97830486e-01]
 [  3.38036137e-05   3.85257721e-01]
 [  3.40270248e-05   3.88597488e-01]
 [  3.36544107e-05   3.83476019e-01]
 [  3.31144403e-05   3.77982140e-01]
 [  3.58260690e-05   4.08645153e-01]
 [  3.54747544e-05   4.04835463e-01]
 [  3.57590669e-05   4.07802343e-01]
 [  4.17737155e-05   4.77768898e-01]
 [  3.44837316e-05   3.93133640e-01]
 [  3.39677390e-05   3.87357950e-01]
 [  3.29046974e-05   3.74807358e-01]
 [  3.22850769e-05   3.68533373e-01]
 [  3.35627505e-05   3.82358551e-01]
 [  3.29573297e-05   3.75799656e-01]
 [  3.38528024e-05   3.85971785e-01]
 [  3.26473388e-05   3.72733116e-01]
 [  3.24896543e-05   3.70603085e-01]
 [  3.34280874e-05   3.81563425e-01]
 [  3.56762071e-05   4.07389641e-01]
 [  3.41421102e-05   3.89612913e-01]
 [  3.42161059e-05   3.90388966e-01]
 [  3.53778863e-05   4.03933764e-01]
 [  3.49644587e-05   3.98587227e-01]
 [  3.64267920e-05   4.16166067e-01]
 [  3.40496422e-05   3.88684750e-01]
 [  3.46593144e-05   3.94690037e-01]
 [  3.32297595e-05   3.78751516e-01]
 [  3.43307449e-05   3.91443729e-01]
 [  3.41316943e-05   3.88908625e-01]
 [  3.34465385e-05   3.81901503e-01]
 [  3.33899311e-05   3.80358934e-01]
 [  3.34587612e-05   3.82103682e-01]
 [  3.52134846e-05   4.01365042e-01]
 [  3.53154119e-05   4.03101683e-01]
 [  3.50325875e-05   3.99282932e-01]
 [  4.01727653e-05   4.59404945e-01]
 [  3.46619078e-05   3.95694256e-01]
 [  3.27638272e-05   3.73719692e-01]
 [  3.28995744e-05   3.75473738e-01]
 [  3.35586054e-05   3.83072853e-01]
 [  3.41850706e-05   3.89951468e-01]
 [  3.25141212e-05   3.70832920e-01]
 [  3.27645287e-05   3.73822212e-01]
 [  3.28465595e-05   3.74629021e-01]
 [  3.25904763e-05   3.71289968e-01]
 [  3.21073471e-05   3.66157770e-01]
 [  3.47440661e-05   3.96750212e-01]
 [  3.50001705e-05   3.98915291e-01]
 [  3.36556436e-05   3.84719849e-01]
 [  3.46627793e-05   3.95320415e-01]
 [  3.54724587e-05   4.05180216e-01]
 [  3.42026927e-05   3.90187263e-01]
 [  3.70389937e-05   4.21514511e-01]
 [  3.55555098e-05   4.05713320e-01]
 [  3.38997378e-05   3.86689663e-01]
 [  3.27998791e-05   3.74138117e-01]
 [  3.34947494e-05   3.82072687e-01]
 [  3.33071138e-05   3.80110979e-01]
 [  3.32787357e-05   3.79220486e-01]
 [  3.34881384e-05   3.82000446e-01]
 [  3.56238086e-05   4.05940294e-01]
 [  3.49339762e-05   3.97799969e-01]
 [  3.52853120e-05   4.02284384e-01]
 [  4.31245982e-05   4.93155718e-01]
 [  3.52762990e-05   4.03020144e-01]
 [  3.47605190e-05   3.95848989e-01]
 [  3.38752923e-05   3.86778593e-01]
 [  3.41822222e-05   3.89915228e-01]
 [  3.32574574e-05   3.79339457e-01]
 [  3.38038262e-05   3.85290861e-01]
 [  3.37527882e-05   3.84898186e-01]
 [  3.32338409e-05   3.79523754e-01]
 [  3.35522708e-05   3.82774591e-01]
 [  3.40828669e-05   3.88231993e-01]
 [  3.53877495e-05   4.04233694e-01]
 [  3.48498197e-05   3.97323847e-01]
 [  3.49296610e-05   3.98569822e-01]]
