TACC: Starting up job 7504868
TACC: Setting up parallel environment for MVAPICH2+mpispawn.
TACC: Starting parallel tasks...

CPPTRAJ: Trajectory Analysis. V16.00b MPI
    ___  ___  ___  ___
     | \/ | \/ | \/ | 
    _|_/\_|_/\_|_/\_|_

| Running on 128 threads
| Date/time: 08/17/16 10:07:42
| Available memory: 29.189 GB

INPUT: Reading input from 'cpptraj_ens.in'
  [parm /scratch/03170/tg824689/amber_test/utah_DNA/amber.utah.edu/DNA-dynamics/GAAC/Anton-data/GAAC3/GAAC.topo]
	Reading '/scratch/03170/tg824689/amber_test/utah_DNA/amber.utah.edu/DNA-dynamics/GAAC/Anton-data/GAAC3/GAAC.topo' as Amber Topology
  [ensemble /scratch/03170/tg824689/amber_test/utah_DNA/amber.utah.edu/DNA-dynamics/GAAC/Anton-data/GAAC3/GAAC3.dcd.1 1 20000 nosort trajnames /scratch/03170/tg824689/amber_test/utah_DNA/amber.utah.edu/DNA-dynamics/GAAC/Anton-data/GAAC3/GAAC3.dcd.2,/scratch/03170/tg824689/amber_test/utah_DNA/amber.utah.edu/DNA-dynamics/GAAC/Anton-data/GAAC3/GAAC3.dcd.3,/scratch/03170/tg824689/amber_test/utah_DNA/amber.utah.edu/DNA-dynamics/GAAC/Anton-data/GAAC3/GAAC3.dcd.4,/scratch/03170/tg824689/amber_test/utah_DNA/amber.utah.edu/DNA-dynamics/GAAC/Anton-data/GAAC3/GAAC3.dcd.5,/scratch/03170/tg824689/amber_test/utah_DNA/amber.utah.edu/DNA-dynamics/GAAC/Anton-data/GAAC3/GAAC3.dcd.6,/scratch/03170/tg824689/amber_test/utah_DNA/amber.utah.edu/DNA-dynamics/GAAC/Anton-data/GAAC3/GAAC3.dcd.7,/scratch/03170/tg824689/amber_test/utah_DNA/amber.utah.edu/DNA-dynamics/GAAC/Anton-data/GAAC3/GAAC3.dcd.8,/scratch/03170/tg824689/amber_test/utah_DNA/amber.utah.edu/DNA-dynamics/GAAC/Anton-data/GAAC3/GAAC3.dcd.9,/scratch/03170/tg824689/amber_test/utah_DNA/amber.utah.edu/DNA-dynamics/GAAC/Anton-data/GAAC3/GAAC3.dcd.10,/scratch/03170/tg824689/amber_test/utah_DNA/amber.utah.edu/DNA-dynamics/GAAC/Anton-data/GAAC3/GAAC3.dcd.11,/scratch/03170/tg824689/amber_test/utah_DNA/amber.utah.edu/DNA-dynamics/GAAC/Anton-data/GAAC3/GAAC3.dcd.12,/scratch/03170/tg824689/amber_test/utah_DNA/amber.utah.edu/DNA-dynamics/GAAC/Anton-data/GAAC3/GAAC3.dcd.13,/scratch/03170/tg824689/amber_test/utah_DNA/amber.utah.edu/DNA-dynamics/GAAC/Anton-data/GAAC3/GAAC3.dcd.14,/scratch/03170/tg824689/amber_test/utah_DNA/amber.utah.edu/DNA-dynamics/GAAC/Anton-data/GAAC3/GAAC3.dcd.15,/scratch/03170/tg824689/amber_test/utah_DNA/amber.utah.edu/DNA-dynamics/GAAC/Anton-data/GAAC3/GAAC3.dcd.16]
Warning: Ensemble setup efficiency in parallel is greatly
Warning:   improved via the 'ensemblesize' command.
	Reading '/scratch/03170/tg824689/amber_test/utah_DNA/amber.utah.edu/DNA-dynamics/GAAC/Anton-data/GAAC3/GAAC3.dcd.1' as Charmm DCD
Warning: Replica GAAC3.dcd.2 frames (20000) does not match # frames in first replica (20001).
Warning: Setting total # of frames to read from replica ensemble to 20000
Warning: Replica GAAC3.dcd.3 frames (20000) does not match # frames in first replica (20001).
Warning: Replica GAAC3.dcd.4 frames (20000) does not match # frames in first replica (20001).
Warning: Replica GAAC3.dcd.5 frames (20000) does not match # frames in first replica (20001).
Warning: Replica GAAC3.dcd.6 frames (20000) does not match # frames in first replica (20001).
Warning: Replica GAAC3.dcd.7 frames (20000) does not match # frames in first replica (20001).
Warning: Replica GAAC3.dcd.8 frames (20000) does not match # frames in first replica (20001).
Warning: Replica GAAC3.dcd.9 frames (20000) does not match # frames in first replica (20001).
Warning: Replica GAAC3.dcd.10 frames (20000) does not match # frames in first replica (20001).
Warning: Replica GAAC3.dcd.11 frames (20000) does not match # frames in first replica (20001).
Warning: Replica GAAC3.dcd.12 frames (20000) does not match # frames in first replica (20001).
Warning: Replica GAAC3.dcd.13 frames (20000) does not match # frames in first replica (20001).
Warning: Replica GAAC3.dcd.14 frames (20000) does not match # frames in first replica (20001).
Warning: Replica GAAC3.dcd.15 frames (20000) does not match # frames in first replica (20001).
Warning: Replica GAAC3.dcd.16 frames (20000) does not match # frames in first replica (20001).
  [rmsd first @H* out rsmd_exp_ens.dat]
    RMSD: (@H*), reference is first frame (@H*).
	Best-fit RMSD will be calculated, coords will be rotated and translated.
  [run]
---------- RUN BEGIN -------------------------------------------------

ENSEMBLE INFO:
  Ensemble size is 16

PARAMETER FILES (1 total):
 0: GAAC.topo, 58329 atoms, 19202 res, box: Orthogonal, 19168 mol, 19012 solvent

INPUT ENSEMBLES (1 total):
 0: Trajectory ensemble (16 total), lowest replica 'GAAC3.dcd.1' (reading 20000 of 20000)
	Not sorting ensemble.
  Coordinate processing will occur on 20000 frames.

PARALLEL INFO:
  8 threads per ensemble member.
  Thread 0 will process 2500 frames.
  Thread 1 will process 2500 frames.
  Thread 2 will process 2500 frames.
  Thread 3 will process 2500 frames.
  Thread 4 will process 2500 frames.
  Thread 5 will process 2500 frames.
  Thread 6 will process 2500 frames.
  Thread 7 will process 2500 frames.
.....................................................
ACTION SETUP FOR PARM 'GAAC.topo' (1 actions):
  0: [rmsd first @H* out rsmd_exp_ens.dat]
	Target mask: [@H*](38431)
	Reference mask: [@H*](38431)
Warning: Coordinates are being rotated and box coordinates are present.
Warning: Unit cell vectors are NOT rotated; imaging will not be possible
Warning:  after the RMS-fit is performed.

BEGIN PARALLEL ENSEMBLE PROCESSING:
 0% 10% 20% 30% 40% 50% 60% 70% 80% 90% 100% Complete.
TIME: Member    0 ranks FPS=    69.74    70.03    70.45    68.97    81.69    69.67    95.74    71.15
TIME: Member    1 ranks FPS=    67.63    68.93    72.62    75.20    67.62    77.42   103.19    78.53
TIME: Member    2 ranks FPS=    80.20    84.40    89.79    83.52    81.64   104.41    83.57    80.66
TIME: Member    3 ranks FPS=    66.87    72.61    67.41    68.55    70.64    84.65    72.07    68.89
TIME: Member    4 ranks FPS=    82.09    76.61    72.42    98.79    68.67    70.32    96.00    78.59
TIME: Member    5 ranks FPS=    94.71   132.98    99.53   102.61   108.56   117.40   112.41   107.43
TIME: Member    6 ranks FPS=    80.03    83.14    91.79    92.66    96.41    92.35    92.55    86.64
TIME: Member    7 ranks FPS=    77.37    82.61    79.00    78.22    79.06    76.55    88.10    85.61
TIME: Member    8 ranks FPS=    89.45   277.62   107.41    94.90    88.93   181.99   104.72   145.78
TIME: Member    9 ranks FPS=    85.50    85.85    91.07    88.21    88.14    94.45    97.07    93.90
TIME: Member   10 ranks FPS=    72.26   114.38    78.67    91.82    73.45   109.95    80.71    80.87
TIME: Member   11 ranks FPS=    73.52    74.93    73.08    75.65    75.94    81.21    78.01    73.10
TIME: Member   12 ranks FPS=    72.44    82.40    78.87    75.15    72.97    78.58    93.61    75.59
TIME: Member   13 ranks FPS=    71.41    92.06    72.88    74.61    72.81    87.34    78.90    83.76
TIME: Member   14 ranks FPS=    71.83   105.19    77.96    78.86    83.73   169.29    73.62    81.35
TIME: Member   15 ranks FPS=    63.01    70.08   108.71    83.57    70.52   112.69    68.63    75.68
TIME: Avg. throughput= 504.0596 frames / second.

ACTION OUTPUT:

DATASETS (1 total):
	RMSD_00001%0 "RMSD_00001%0" (double, rms), size is 20000

DATAFILES (1 total):
  rsmd_exp_ens.dat.0 (Standard Data File):  RMSD_00001%0

RUN TIMING:
TIME:		Init               : 0.0196 s (  0.05%)
TIME:		Trajectory Process : 39.6778 s ( 99.88%)
TIME:		Data Set Sync      : 0.0006 s (  0.00%)
TIME:		Action Post        : 0.0000 s (  0.00%)
TIME:		Analysis           : 0.0000 s (  0.00%)
TIME:		Data File Write    : 0.0252 s (  0.06%)
TIME:		Other              : 0.0034 s (  0.00%)
TIME:	Run Total 39.7267 s
---------- RUN END ---------------------------------------------------
  [quit]
TIME: Total execution time: 42.0561 seconds.
--------------------------------------------------------------------------------
To cite CPPTRAJ use:
Daniel R. Roe and Thomas E. Cheatham, III, "PTRAJ and CPPTRAJ: Software for
  Processing and Analysis of Molecular Dynamics Trajectory Data". J. Chem.
  Theory Comput., 2013, 9 (7), pp 3084-3095.

 
TACC: Shutdown complete. Exiting.
