SCHEDULER: c251-102.wrangler.tacc.utexas.edu
c251-102
====-get to work-====
Iteration 1
Iteration 1 Dask, 1, Runtime, 0.0317
Iteration 1 Dask, 4, Runtime, 0.0635
Iteration 1 Dask, 32768, Runtime, 26.7462
Iteration 1 Dask, 131072, Runtime, 111.8433
Iteration 1 Dask, 128, Runtime, 6.7783
Iteration 1 Dask, 16384, Runtime, 13.3649
Iteration 1 Dask, 8, Runtime, 0.1638
Iteration 1 Dask, 512, Runtime, 0.8725
Iteration 1 Dask, 32, Runtime, 0.1140
Iteration 1 Dask, 2048, Runtime, 1.8736
Iteration 1 Dask, 8192, Runtime, 7.4289
Iteration 1 Dask, 2, Runtime, 0.1140
Iteration 1 Dask, 16, Runtime, 0.0636
Iteration 1 Dask, 64, Runtime, 0.1145
Iteration 1 Dask, 1024, Runtime, 0.9232
Iteration 1 Dask, 256, Runtime, 0.3174
Iteration 1 Dask, 65536, Runtime, 54.8470
Iteration 1 Dask, 4096, Runtime, 4.8392
Iteration 2
Iteration 2 Dask, 4, Runtime, 0.0315
Iteration 2 Dask, 512, Runtime, 0.5185
Iteration 2 Dask, 2, Runtime, 0.0315
Iteration 2 Dask, 256, Runtime, 0.3670
Iteration 2 Dask, 32, Runtime, 0.0637
Iteration 2 Dask, 16, Runtime, 0.0637
Iteration 2 Dask, 8, Runtime, 0.0636
Iteration 2 Dask, 65536, Runtime, 57.9195
Iteration 2 Dask, 32768, Runtime, 26.6101
Iteration 2 Dask, 1024, Runtime, 2.1255
Iteration 2 Dask, 4096, Runtime, 3.5839
Iteration 2 Dask, 1, Runtime, 0.0316
Iteration 2 Dask, 64, Runtime, 0.1137
Iteration 2 Dask, 2048, Runtime, 1.6878
Iteration 2 Dask, 128, Runtime, 0.1645
Iteration 2 Dask, 8192, Runtime, 8.1556
Iteration 2 Dask, 16384, Runtime, 14.0858
Iteration 2 Dask, 131072, Runtime, 109.2200
Iteration 3
Iteration 3 Dask, 32, Runtime, 6.8259
Iteration 3 Dask, 32768, Runtime, 27.6925
Iteration 3 Dask, 4, Runtime, 0.2641
Iteration 3 Dask, 256, Runtime, 1.4688
Iteration 3 Dask, 8, Runtime, 0.0638
Iteration 3 Dask, 131072, Runtime, 112.9162
Iteration 3 Dask, 4096, Runtime, 8.1794
Iteration 3 Dask, 16384, Runtime, 13.8220
Iteration 3 Dask, 64, Runtime, 0.2642
Iteration 3 Dask, 1, Runtime, 0.0316
Iteration 3 Dask, 1024, Runtime, 0.9687
Iteration 3 Dask, 16, Runtime, 0.0641
Iteration 3 Dask, 512, Runtime, 0.5179
Iteration 3 Dask, 128, Runtime, 0.2142
Iteration 3 Dask, 2, Runtime, 0.0316
Iteration 3 Dask, 65536, Runtime, 57.2720
Iteration 3 Dask, 8192, Runtime, 8.4097
Iteration 3 Dask, 2048, Runtime, 1.9221
Iteration 4
Iteration 4 Dask, 1024, Runtime, 0.9238
Iteration 4 Dask, 128, Runtime, 0.2184
Iteration 4 Dask, 4, Runtime, 0.0316
Iteration 4 Dask, 256, Runtime, 0.3198
Iteration 4 Dask, 2, Runtime, 0.0316
Iteration 4 Dask, 1, Runtime, 0.0638
Iteration 4 Dask, 32768, Runtime, 30.9433
Iteration 4 Dask, 32, Runtime, 0.3645
Iteration 4 Dask, 65536, Runtime, 56.0043
Iteration 4 Dask, 512, Runtime, 5.0782
Iteration 4 Dask, 16384, Runtime, 14.0213
Iteration 4 Dask, 131072, Runtime, 117.5287
Iteration 4 Dask, 4096, Runtime, 8.5559
Iteration 4 Dask, 8, Runtime, 0.0665
Iteration 4 Dask, 8192, Runtime, 7.0752
Iteration 4 Dask, 64, Runtime, 0.2145
Iteration 4 Dask, 2048, Runtime, 1.8850
Iteration 4 Dask, 16, Runtime, 0.0637
Iteration 5
Iteration 5 Dask, 131072, Runtime, 119.1329
Iteration 5 Dask, 4096, Runtime, 8.3786
Iteration 5 Dask, 32768, Runtime, 27.2884
Iteration 5 Dask, 256, Runtime, 1.6573
Iteration 5 Dask, 8192, Runtime, 9.0519
Iteration 5 Dask, 2, Runtime, 0.1137
Iteration 5 Dask, 4, Runtime, 0.0327
Iteration 5 Dask, 65536, Runtime, 59.0993
Iteration 5 Dask, 1, Runtime, 0.6147
Iteration 5 Dask, 16384, Runtime, 15.9692
Iteration 5 Dask, 512, Runtime, 0.6174
Iteration 5 Dask, 128, Runtime, 0.3164
Iteration 5 Dask, 8, Runtime, 0.0687
Iteration 5 Dask, 64, Runtime, 0.2189
Iteration 5 Dask, 1024, Runtime, 0.9734
Iteration 5 Dask, 16, Runtime, 0.1232
Iteration 5 Dask, 32, Runtime, 0.1639
Iteration 5 Dask, 2048, Runtime, 1.8513
Iteration 6
Iteration 6 Dask, 16384, Runtime, 16.3372
Iteration 6 Dask, 2048, Runtime, 1.9360
Iteration 6 Dask, 512, Runtime, 0.6722
Iteration 6 Dask, 8192, Runtime, 7.4712
Iteration 6 Dask, 256, Runtime, 0.5169
Iteration 6 Dask, 1, Runtime, 0.0320
Iteration 6 Dask, 8, Runtime, 0.0636
Iteration 6 Dask, 4, Runtime, 0.0315
Iteration 6 Dask, 4096, Runtime, 5.3585
Iteration 6 Dask, 16, Runtime, 0.1638
Iteration 6 Dask, 131072, Runtime, 119.9702
Iteration 6 Dask, 32768, Runtime, 28.1507
Iteration 6 Dask, 2, Runtime, 0.3187
Iteration 6 Dask, 64, Runtime, 0.1655
Iteration 6 Dask, 32, Runtime, 0.1145
Iteration 6 Dask, 65536, Runtime, 64.8470
Iteration 6 Dask, 1024, Runtime, 1.8188
Iteration 6 Dask, 128, Runtime, 0.2140
Iteration 7
Iteration 7 Dask, 2, Runtime, 0.0315
Iteration 7 Dask, 32768, Runtime, 32.4712
Iteration 7 Dask, 4096, Runtime, 3.6639
Iteration 7 Dask, 512, Runtime, 0.5680
Iteration 7 Dask, 8192, Runtime, 8.9423
Iteration 7 Dask, 64, Runtime, 0.1653
Iteration 7 Dask, 2048, Runtime, 1.8942
Iteration 7 Dask, 1024, Runtime, 1.0337
Iteration 7 Dask, 32, Runtime, 0.1137
Iteration 7 Dask, 4, Runtime, 0.0316
Iteration 7 Dask, 1, Runtime, 0.0324
Iteration 7 Dask, 131072, Runtime, 125.4282
Iteration 7 Dask, 16, Runtime, 1.2665
Iteration 7 Dask, 128, Runtime, 0.2644
Iteration 7 Dask, 256, Runtime, 0.3733
Iteration 7 Dask, 65536, Runtime, 62.5923
Iteration 7 Dask, 16384, Runtime, 16.2092
Iteration 7 Dask, 8, Runtime, 0.1639
Iteration 8
Iteration 8 Dask, 8192, Runtime, 7.2607
Iteration 8 Dask, 256, Runtime, 0.4166
Iteration 8 Dask, 16, Runtime, 0.1138
Iteration 8 Dask, 2, Runtime, 0.0794
Iteration 8 Dask, 131072, Runtime, 121.5068
Iteration 8 Dask, 16384, Runtime, 16.7377
Iteration 8 Dask, 2048, Runtime, 1.8832
Iteration 8 Dask, 1, Runtime, 0.0316
Iteration 8 Dask, 4, Runtime, 0.0316
Iteration 8 Dask, 1024, Runtime, 1.0252
Iteration 8 Dask, 512, Runtime, 0.5663
Iteration 8 Dask, 65536, Runtime, 67.3381
Iteration 8 Dask, 128, Runtime, 0.8653
Iteration 8 Dask, 64, Runtime, 0.1654
Iteration 8 Dask, 32768, Runtime, 32.3312
Iteration 8 Dask, 32, Runtime, 1.6177
Iteration 8 Dask, 8, Runtime, 0.0636
Iteration 8 Dask, 4096, Runtime, 4.0505
Iteration 9
Iteration 9 Dask, 1024, Runtime, 1.0239
Iteration 9 Dask, 32768, Runtime, 31.3377
Iteration 9 Dask, 65536, Runtime, 64.2767
Iteration 9 Dask, 4, Runtime, 0.5651
Iteration 9 Dask, 64, Runtime, 0.1657
Iteration 9 Dask, 512, Runtime, 0.5681
Iteration 9 Dask, 131072, Runtime, 133.6237
Iteration 9 Dask, 32, Runtime, 1.1847
Iteration 9 Dask, 4096, Runtime, 3.7778
Iteration 9 Dask, 8192, Runtime, 7.7033
Iteration 9 Dask, 8, Runtime, 0.1138
Iteration 9 Dask, 16384, Runtime, 17.3224
Iteration 9 Dask, 1, Runtime, 0.1641
Iteration 9 Dask, 2048, Runtime, 1.9839
Iteration 9 Dask, 16, Runtime, 0.0637
Iteration 9 Dask, 256, Runtime, 0.3277
Iteration 9 Dask, 2, Runtime, 0.0638
Iteration 9 Dask, 128, Runtime, 0.2140
Iteration 10
Iteration 10 Dask, 2, Runtime, 0.0340
Iteration 10 Dask, 512, Runtime, 0.5694
Iteration 10 Dask, 16384, Runtime, 15.4544
Iteration 10 Dask, 4, Runtime, 0.2157
Iteration 10 Dask, 8, Runtime, 0.0637
Iteration 10 Dask, 4096, Runtime, 5.2597
Iteration 10 Dask, 65536, Runtime, 66.3078
Iteration 10 Dask, 32768, Runtime, 32.5613
Iteration 10 Dask, 32, Runtime, 0.3144
Iteration 10 Dask, 8192, Runtime, 8.9581
Iteration 10 Dask, 131072, Runtime, 135.0789
Iteration 10 Dask, 2048, Runtime, 2.8680
Iteration 10 Dask, 1, Runtime, 0.0420
Iteration 10 Dask, 16, Runtime, 0.0636
Iteration 10 Dask, 128, Runtime, 0.2149
Iteration 10 Dask, 256, Runtime, 0.3170
Iteration 10 Dask, 64, Runtime, 0.1646
Iteration 10 Dask, 1024, Runtime, 1.0234
