SCHEDULER: c251-103.wrangler.tacc.utexas.edu
c251-103
====-get to work-====
Iteration 1
Iteration 1 Dask, 2, Runtime, 0.0636
Iteration 1 Dask, 16384, Runtime, 13.9742
Iteration 1 Dask, 1, Runtime, 0.1645
Iteration 1 Dask, 32768, Runtime, 29.1811
Iteration 1 Dask, 2048, Runtime, 2.4519
Iteration 1 Dask, 131072, Runtime, 125.3345
Iteration 1 Dask, 1024, Runtime, 7.0363
Iteration 1 Dask, 4, Runtime, 0.0637
Iteration 1 Dask, 256, Runtime, 0.3158
Iteration 1 Dask, 8192, Runtime, 7.6668
Iteration 1 Dask, 8, Runtime, 0.1138
Iteration 1 Dask, 32, Runtime, 0.1138
Iteration 1 Dask, 128, Runtime, 0.2139
Iteration 1 Dask, 64, Runtime, 0.7154
Iteration 1 Dask, 4096, Runtime, 4.0386
Iteration 1 Dask, 512, Runtime, 0.6175
Iteration 1 Dask, 16, Runtime, 0.1137
Iteration 1 Dask, 65536, Runtime, 63.2272
Iteration 2
Iteration 2 Dask, 64, Runtime, 3.2201
Iteration 2 Dask, 512, Runtime, 0.5655
Iteration 2 Dask, 32, Runtime, 0.1137
Iteration 2 Dask, 1, Runtime, 0.0637
Iteration 2 Dask, 131072, Runtime, 128.8972
Iteration 2 Dask, 65536, Runtime, 63.9397
Iteration 2 Dask, 4, Runtime, 0.6145
Iteration 2 Dask, 128, Runtime, 2.7686
Iteration 2 Dask, 2048, Runtime, 2.0798
Iteration 2 Dask, 16, Runtime, 0.0636
Iteration 2 Dask, 8, Runtime, 0.0636
Iteration 2 Dask, 8192, Runtime, 7.7334
Iteration 2 Dask, 1024, Runtime, 1.7250
Iteration 2 Dask, 4096, Runtime, 3.9473
Iteration 2 Dask, 2, Runtime, 0.1138
Iteration 2 Dask, 256, Runtime, 0.4166
Iteration 2 Dask, 32768, Runtime, 30.8009
Iteration 2 Dask, 16384, Runtime, 17.4591
Iteration 3
Iteration 3 Dask, 4096, Runtime, 3.9585
Iteration 3 Dask, 8192, Runtime, 9.1086
Iteration 3 Dask, 2048, Runtime, 2.2945
Iteration 3 Dask, 2, Runtime, 0.0637
Iteration 3 Dask, 512, Runtime, 0.6188
Iteration 3 Dask, 65536, Runtime, 65.2361
Iteration 3 Dask, 4, Runtime, 0.6150
Iteration 3 Dask, 16384, Runtime, 16.8457
Iteration 3 Dask, 131072, Runtime, 140.0785
Iteration 3 Dask, 1024, Runtime, 2.2235
Iteration 3 Dask, 32, Runtime, 0.1138
Iteration 3 Dask, 256, Runtime, 0.3667
Iteration 3 Dask, 128, Runtime, 0.2641
Iteration 3 Dask, 64, Runtime, 0.2146
Iteration 3 Dask, 8, Runtime, 0.0638
Iteration 3 Dask, 32768, Runtime, 35.9965
Iteration 3 Dask, 1, Runtime, 0.2642
Iteration 3 Dask, 16, Runtime, 0.1745
Iteration 4
Iteration 4 Dask, 2, Runtime, 0.0644
Iteration 4 Dask, 4096, Runtime, 4.3074
Iteration 4 Dask, 32768, Runtime, 33.1078
Iteration 4 Dask, 512, Runtime, 0.9202
Iteration 4 Dask, 1, Runtime, 0.0636
Iteration 4 Dask, 8, Runtime, 0.1665
Iteration 4 Dask, 128, Runtime, 0.2143
Iteration 4 Dask, 2048, Runtime, 2.1335
Iteration 4 Dask, 131072, Runtime, 136.4143
Iteration 4 Dask, 16, Runtime, 1.2189
Iteration 4 Dask, 8192, Runtime, 8.1688
Iteration 4 Dask, 32, Runtime, 0.1146
Iteration 4 Dask, 4, Runtime, 0.0637
Iteration 4 Dask, 64, Runtime, 0.2935
Iteration 4 Dask, 1024, Runtime, 1.1238
Iteration 4 Dask, 65536, Runtime, 71.2078
Iteration 4 Dask, 16384, Runtime, 18.0968
Iteration 4 Dask, 256, Runtime, 0.4671
Iteration 5
Iteration 5 Dask, 16, Runtime, 0.1753
Iteration 5 Dask, 4096, Runtime, 4.4259
Iteration 5 Dask, 8, Runtime, 0.1137
Iteration 5 Dask, 65536, Runtime, 71.1857
Iteration 5 Dask, 4, Runtime, 0.6669
Iteration 5 Dask, 1024, Runtime, 2.7792
Iteration 5 Dask, 8192, Runtime, 7.7744
Iteration 5 Dask, 2, Runtime, 0.1178
Iteration 5 Dask, 128, Runtime, 0.4149
Iteration 5 Dask, 131072, Runtime, 142.2032
Iteration 5 Dask, 32, Runtime, 6.6249
Iteration 5 Dask, 16384, Runtime, 18.3825
Iteration 5 Dask, 1, Runtime, 0.1738
Iteration 5 Dask, 64, Runtime, 0.2227
Iteration 5 Dask, 32768, Runtime, 34.1112
Iteration 5 Dask, 256, Runtime, 1.7229
Iteration 5 Dask, 512, Runtime, 0.6669
Iteration 5 Dask, 2048, Runtime, 2.1380
Iteration 6
Iteration 6 Dask, 256, Runtime, 0.4209
Iteration 6 Dask, 32, Runtime, 0.1413
Iteration 6 Dask, 16384, Runtime, 16.6876
Iteration 6 Dask, 2048, Runtime, 2.2086
Iteration 6 Dask, 128, Runtime, 0.3226
Iteration 6 Dask, 512, Runtime, 0.6195
Iteration 6 Dask, 8192, Runtime, 8.4602
Iteration 6 Dask, 32768, Runtime, 36.5602
Iteration 6 Dask, 1, Runtime, 0.3142
Iteration 6 Dask, 64, Runtime, 0.1645
Iteration 6 Dask, 131072, Runtime, 142.5605
Iteration 6 Dask, 1024, Runtime, 7.1836
Iteration 6 Dask, 4096, Runtime, 4.1572
Iteration 6 Dask, 4, Runtime, 0.0636
Iteration 6 Dask, 2, Runtime, 0.0636
Iteration 6 Dask, 16, Runtime, 0.1160
Iteration 6 Dask, 8, Runtime, 0.0771
Iteration 6 Dask, 65536, Runtime, 70.6433
Iteration 7
Iteration 7 Dask, 8, Runtime, 0.5647
Iteration 7 Dask, 65536, Runtime, 72.9447
Iteration 7 Dask, 512, Runtime, 1.1695
Iteration 7 Dask, 256, Runtime, 0.4656
Iteration 7 Dask, 1, Runtime, 0.1250
Iteration 7 Dask, 131072, Runtime, 140.9999
Iteration 7 Dask, 1024, Runtime, 7.1369
Iteration 7 Dask, 2048, Runtime, 2.1868
Iteration 7 Dask, 4, Runtime, 0.0638
Iteration 7 Dask, 32, Runtime, 0.1140
Iteration 7 Dask, 8192, Runtime, 9.8187
Iteration 7 Dask, 16, Runtime, 0.1438
Iteration 7 Dask, 32768, Runtime, 34.7772
Iteration 7 Dask, 128, Runtime, 0.4651
Iteration 7 Dask, 16384, Runtime, 18.8938
Iteration 7 Dask, 2, Runtime, 0.1653
Iteration 7 Dask, 64, Runtime, 0.1640
Iteration 7 Dask, 4096, Runtime, 4.3307
Iteration 8
Iteration 8 Dask, 256, Runtime, 0.3645
Iteration 8 Dask, 131072, Runtime, 149.2530
Iteration 8 Dask, 2, Runtime, 1.0689
Iteration 8 Dask, 32, Runtime, 0.1145
Iteration 8 Dask, 32768, Runtime, 34.4398
Iteration 8 Dask, 16384, Runtime, 18.2439
Iteration 8 Dask, 8192, Runtime, 8.7648
Iteration 8 Dask, 1, Runtime, 0.0697
Iteration 8 Dask, 128, Runtime, 0.2647
Iteration 8 Dask, 1024, Runtime, 1.2229
Iteration 8 Dask, 4096, Runtime, 4.4201
Iteration 8 Dask, 16, Runtime, 0.2140
Iteration 8 Dask, 64, Runtime, 0.1651
Iteration 8 Dask, 8, Runtime, 0.0642
Iteration 8 Dask, 65536, Runtime, 71.6435
Iteration 8 Dask, 4, Runtime, 0.5647
Iteration 8 Dask, 512, Runtime, 3.1310
Iteration 8 Dask, 2048, Runtime, 2.2876
Iteration 9
Iteration 9 Dask, 2, Runtime, 0.0636
Iteration 9 Dask, 65536, Runtime, 75.2053
Iteration 9 Dask, 32, Runtime, 0.6160
Iteration 9 Dask, 64, Runtime, 0.1762
Iteration 9 Dask, 1, Runtime, 0.0636
Iteration 9 Dask, 4, Runtime, 0.0636
Iteration 9 Dask, 128, Runtime, 0.3283
Iteration 9 Dask, 131072, Runtime, 150.7745
Iteration 9 Dask, 256, Runtime, 1.5670
Iteration 9 Dask, 512, Runtime, 0.7188
Iteration 9 Dask, 2048, Runtime, 2.2350
Iteration 9 Dask, 8, Runtime, 0.0636
Iteration 9 Dask, 16, Runtime, 0.1136
Iteration 9 Dask, 8192, Runtime, 9.9937
Iteration 9 Dask, 32768, Runtime, 37.1358
Iteration 9 Dask, 4096, Runtime, 5.8330
Iteration 9 Dask, 16384, Runtime, 17.7074
Iteration 9 Dask, 1024, Runtime, 1.2753
Iteration 10
Iteration 10 Dask, 4, Runtime, 0.0636
Iteration 10 Dask, 128, Runtime, 0.3298
Iteration 10 Dask, 131072, Runtime, 152.9912
Iteration 10 Dask, 8, Runtime, 1.1667
Iteration 10 Dask, 65536, Runtime, 76.1864
Iteration 10 Dask, 256, Runtime, 0.9159
Iteration 10 Dask, 8192, Runtime, 8.9956
Iteration 10 Dask, 16384, Runtime, 19.8257
Iteration 10 Dask, 2048, Runtime, 2.2914
Iteration 10 Dask, 64, Runtime, 0.2672
Iteration 10 Dask, 32768, Runtime, 37.6229
Iteration 10 Dask, 4096, Runtime, 4.4380
Iteration 10 Dask, 2, Runtime, 0.0638
Iteration 10 Dask, 1024, Runtime, 1.2169
Iteration 10 Dask, 32, Runtime, 0.1639
Iteration 10 Dask, 16, Runtime, 0.1786
Iteration 10 Dask, 512, Runtime, 0.7154
Iteration 10 Dask, 1, Runtime, 0.0637
