SCHEDULER: c559-702.stampede.tacc.utexas.edu
c559-702 c559-703 c559-704 c559-801
c559-702.stampede.tacc.utexas.edu:8786
<type 'str'>
0.15.0
['.newtraj4.xtc_offsets.npz', '.newtraj1.xtc_offsets.npz', 'XTCscript2.sh', 'MDDaskDev2.err', '.newtraj5.xtc_offsets.npz', 'MDDaskDev2.out', '.newtraj2.xtc_offsets.npz', 'dask-ssh_2017-05-30_14:36:19', 'Parallel-RMSD-dist-final-xtc.py', '.newtraj3.xtc_offsets.npz']
<Universe with 3341 atoms and 3365 bonds>
frames in trajectory  418700
418700
setting up 192 blocks with 2181 frames each
dask setting up block trajectory[0:2181]
dask setting up block trajectory[2181:4362]
dask setting up block trajectory[4362:6543]
dask setting up block trajectory[6543:8724]
dask setting up block trajectory[8724:10905]
dask setting up block trajectory[10905:13086]
dask setting up block trajectory[13086:15267]
dask setting up block trajectory[15267:17448]
dask setting up block trajectory[17448:19629]
dask setting up block trajectory[19629:21810]
dask setting up block trajectory[21810:23991]
dask setting up block trajectory[23991:26172]
dask setting up block trajectory[26172:28353]
dask setting up block trajectory[28353:30534]
dask setting up block trajectory[30534:32715]
dask setting up block trajectory[32715:34896]
dask setting up block trajectory[34896:37077]
dask setting up block trajectory[37077:39258]
dask setting up block trajectory[39258:41439]
dask setting up block trajectory[41439:43620]
dask setting up block trajectory[43620:45801]
dask setting up block trajectory[45801:47982]
dask setting up block trajectory[47982:50163]
dask setting up block trajectory[50163:52344]
dask setting up block trajectory[52344:54525]
dask setting up block trajectory[54525:56706]
dask setting up block trajectory[56706:58887]
dask setting up block trajectory[58887:61068]
dask setting up block trajectory[61068:63249]
dask setting up block trajectory[63249:65430]
dask setting up block trajectory[65430:67611]
dask setting up block trajectory[67611:69792]
dask setting up block trajectory[69792:71973]
dask setting up block trajectory[71973:74154]
dask setting up block trajectory[74154:76335]
dask setting up block trajectory[76335:78516]
dask setting up block trajectory[78516:80697]
dask setting up block trajectory[80697:82878]
dask setting up block trajectory[82878:85059]
dask setting up block trajectory[85059:87240]
dask setting up block trajectory[87240:89421]
dask setting up block trajectory[89421:91602]
dask setting up block trajectory[91602:93783]
dask setting up block trajectory[93783:95964]
dask setting up block trajectory[95964:98145]
dask setting up block trajectory[98145:100326]
dask setting up block trajectory[100326:102507]
dask setting up block trajectory[102507:104688]
dask setting up block trajectory[104688:106869]
dask setting up block trajectory[106869:109050]
dask setting up block trajectory[109050:111231]
dask setting up block trajectory[111231:113412]
dask setting up block trajectory[113412:115593]
dask setting up block trajectory[115593:117774]
dask setting up block trajectory[117774:119955]
dask setting up block trajectory[119955:122136]
dask setting up block trajectory[122136:124317]
dask setting up block trajectory[124317:126498]
dask setting up block trajectory[126498:128679]
dask setting up block trajectory[128679:130860]
dask setting up block trajectory[130860:133041]
dask setting up block trajectory[133041:135222]
dask setting up block trajectory[135222:137403]
dask setting up block trajectory[137403:139584]
dask setting up block trajectory[139584:141765]
dask setting up block trajectory[141765:143946]
dask setting up block trajectory[143946:146127]
dask setting up block trajectory[146127:148308]
dask setting up block trajectory[148308:150489]
dask setting up block trajectory[150489:152670]
dask setting up block trajectory[152670:154851]
dask setting up block trajectory[154851:157032]
dask setting up block trajectory[157032:159213]
dask setting up block trajectory[159213:161394]
dask setting up block trajectory[161394:163575]
dask setting up block trajectory[163575:165756]
dask setting up block trajectory[165756:167937]
dask setting up block trajectory[167937:170118]
dask setting up block trajectory[170118:172299]
dask setting up block trajectory[172299:174480]
dask setting up block trajectory[174480:176661]
dask setting up block trajectory[176661:178842]
dask setting up block trajectory[178842:181023]
dask setting up block trajectory[181023:183204]
dask setting up block trajectory[183204:185385]
dask setting up block trajectory[185385:187566]
dask setting up block trajectory[187566:189747]
dask setting up block trajectory[189747:191928]
dask setting up block trajectory[191928:194109]
dask setting up block trajectory[194109:196290]
dask setting up block trajectory[196290:198471]
dask setting up block trajectory[198471:200652]
dask setting up block trajectory[200652:202833]
dask setting up block trajectory[202833:205014]
dask setting up block trajectory[205014:207195]
dask setting up block trajectory[207195:209376]
dask setting up block trajectory[209376:211557]
dask setting up block trajectory[211557:213738]
dask setting up block trajectory[213738:215919]
dask setting up block trajectory[215919:218100]
dask setting up block trajectory[218100:220281]
dask setting up block trajectory[220281:222462]
dask setting up block trajectory[222462:224643]
dask setting up block trajectory[224643:226824]
dask setting up block trajectory[226824:229005]
dask setting up block trajectory[229005:231186]
dask setting up block trajectory[231186:233367]
dask setting up block trajectory[233367:235548]
dask setting up block trajectory[235548:237729]
dask setting up block trajectory[237729:239910]
dask setting up block trajectory[239910:242091]
dask setting up block trajectory[242091:244272]
dask setting up block trajectory[244272:246453]
dask setting up block trajectory[246453:248634]
dask setting up block trajectory[248634:250815]
dask setting up block trajectory[250815:252996]
dask setting up block trajectory[252996:255177]
dask setting up block trajectory[255177:257358]
dask setting up block trajectory[257358:259539]
dask setting up block trajectory[259539:261720]
dask setting up block trajectory[261720:263901]
dask setting up block trajectory[263901:266082]
dask setting up block trajectory[266082:268263]
dask setting up block trajectory[268263:270444]
dask setting up block trajectory[270444:272625]
dask setting up block trajectory[272625:274806]
dask setting up block trajectory[274806:276987]
dask setting up block trajectory[276987:279168]
dask setting up block trajectory[279168:281349]
dask setting up block trajectory[281349:283530]
dask setting up block trajectory[283530:285711]
dask setting up block trajectory[285711:287892]
dask setting up block trajectory[287892:290073]
dask setting up block trajectory[290073:292254]
dask setting up block trajectory[292254:294435]
dask setting up block trajectory[294435:296616]
dask setting up block trajectory[296616:298797]
dask setting up block trajectory[298797:300978]
dask setting up block trajectory[300978:303159]
dask setting up block trajectory[303159:305340]
dask setting up block trajectory[305340:307521]
dask setting up block trajectory[307521:309702]
dask setting up block trajectory[309702:311883]
dask setting up block trajectory[311883:314064]
dask setting up block trajectory[314064:316245]
dask setting up block trajectory[316245:318426]
dask setting up block trajectory[318426:320607]
dask setting up block trajectory[320607:322788]
dask setting up block trajectory[322788:324969]
dask setting up block trajectory[324969:327150]
dask setting up block trajectory[327150:329331]
dask setting up block trajectory[329331:331512]
dask setting up block trajectory[331512:333693]
dask setting up block trajectory[333693:335874]
dask setting up block trajectory[335874:338055]
dask setting up block trajectory[338055:340236]
dask setting up block trajectory[340236:342417]
dask setting up block trajectory[342417:344598]
dask setting up block trajectory[344598:346779]
dask setting up block trajectory[346779:348960]
dask setting up block trajectory[348960:351141]
dask setting up block trajectory[351141:353322]
dask setting up block trajectory[353322:355503]
dask setting up block trajectory[355503:357684]
dask setting up block trajectory[357684:359865]
dask setting up block trajectory[359865:362046]
dask setting up block trajectory[362046:364227]
dask setting up block trajectory[364227:366408]
dask setting up block trajectory[366408:368589]
dask setting up block trajectory[368589:370770]
dask setting up block trajectory[370770:372951]
dask setting up block trajectory[372951:375132]
dask setting up block trajectory[375132:377313]
dask setting up block trajectory[377313:379494]
dask setting up block trajectory[379494:381675]
dask setting up block trajectory[381675:383856]
dask setting up block trajectory[383856:386037]
dask setting up block trajectory[386037:388218]
dask setting up block trajectory[388218:390399]
dask setting up block trajectory[390399:392580]
dask setting up block trajectory[392580:394761]
dask setting up block trajectory[394761:396942]
dask setting up block trajectory[396942:399123]
dask setting up block trajectory[399123:401304]
dask setting up block trajectory[401304:403485]
dask setting up block trajectory[403485:405666]
dask setting up block trajectory[405666:407847]
dask setting up block trajectory[407847:410028]
dask setting up block trajectory[410028:412209]
dask setting up block trajectory[412209:414390]
dask setting up block trajectory[414390:416571]
dask setting up block trajectory[416571:418752]
<Universe with 3341 atoms and 3365 bonds>
frames in trajectory  418700
418700
setting up 192 blocks with 2181 frames each
dask setting up block trajectory[0:2181]
dask setting up block trajectory[2181:4362]
dask setting up block trajectory[4362:6543]
dask setting up block trajectory[6543:8724]
dask setting up block trajectory[8724:10905]
dask setting up block trajectory[10905:13086]
dask setting up block trajectory[13086:15267]
dask setting up block trajectory[15267:17448]
dask setting up block trajectory[17448:19629]
dask setting up block trajectory[19629:21810]
dask setting up block trajectory[21810:23991]
dask setting up block trajectory[23991:26172]
dask setting up block trajectory[26172:28353]
dask setting up block trajectory[28353:30534]
dask setting up block trajectory[30534:32715]
dask setting up block trajectory[32715:34896]
dask setting up block trajectory[34896:37077]
dask setting up block trajectory[37077:39258]
dask setting up block trajectory[39258:41439]
dask setting up block trajectory[41439:43620]
dask setting up block trajectory[43620:45801]
dask setting up block trajectory[45801:47982]
dask setting up block trajectory[47982:50163]
dask setting up block trajectory[50163:52344]
dask setting up block trajectory[52344:54525]
dask setting up block trajectory[54525:56706]
dask setting up block trajectory[56706:58887]
dask setting up block trajectory[58887:61068]
dask setting up block trajectory[61068:63249]
dask setting up block trajectory[63249:65430]
dask setting up block trajectory[65430:67611]
dask setting up block trajectory[67611:69792]
dask setting up block trajectory[69792:71973]
dask setting up block trajectory[71973:74154]
dask setting up block trajectory[74154:76335]
dask setting up block trajectory[76335:78516]
dask setting up block trajectory[78516:80697]
dask setting up block trajectory[80697:82878]
dask setting up block trajectory[82878:85059]
dask setting up block trajectory[85059:87240]
dask setting up block trajectory[87240:89421]
dask setting up block trajectory[89421:91602]
dask setting up block trajectory[91602:93783]
dask setting up block trajectory[93783:95964]
dask setting up block trajectory[95964:98145]
dask setting up block trajectory[98145:100326]
dask setting up block trajectory[100326:102507]
dask setting up block trajectory[102507:104688]
dask setting up block trajectory[104688:106869]
dask setting up block trajectory[106869:109050]
dask setting up block trajectory[109050:111231]
dask setting up block trajectory[111231:113412]
dask setting up block trajectory[113412:115593]
dask setting up block trajectory[115593:117774]
dask setting up block trajectory[117774:119955]
dask setting up block trajectory[119955:122136]
dask setting up block trajectory[122136:124317]
dask setting up block trajectory[124317:126498]
dask setting up block trajectory[126498:128679]
dask setting up block trajectory[128679:130860]
dask setting up block trajectory[130860:133041]
dask setting up block trajectory[133041:135222]
dask setting up block trajectory[135222:137403]
dask setting up block trajectory[137403:139584]
dask setting up block trajectory[139584:141765]
dask setting up block trajectory[141765:143946]
dask setting up block trajectory[143946:146127]
dask setting up block trajectory[146127:148308]
dask setting up block trajectory[148308:150489]
dask setting up block trajectory[150489:152670]
dask setting up block trajectory[152670:154851]
dask setting up block trajectory[154851:157032]
dask setting up block trajectory[157032:159213]
dask setting up block trajectory[159213:161394]
dask setting up block trajectory[161394:163575]
dask setting up block trajectory[163575:165756]
dask setting up block trajectory[165756:167937]
dask setting up block trajectory[167937:170118]
dask setting up block trajectory[170118:172299]
dask setting up block trajectory[172299:174480]
dask setting up block trajectory[174480:176661]
dask setting up block trajectory[176661:178842]
dask setting up block trajectory[178842:181023]
dask setting up block trajectory[181023:183204]
dask setting up block trajectory[183204:185385]
dask setting up block trajectory[185385:187566]
dask setting up block trajectory[187566:189747]
dask setting up block trajectory[189747:191928]
dask setting up block trajectory[191928:194109]
dask setting up block trajectory[194109:196290]
dask setting up block trajectory[196290:198471]
dask setting up block trajectory[198471:200652]
dask setting up block trajectory[200652:202833]
dask setting up block trajectory[202833:205014]
dask setting up block trajectory[205014:207195]
dask setting up block trajectory[207195:209376]
dask setting up block trajectory[209376:211557]
dask setting up block trajectory[211557:213738]
dask setting up block trajectory[213738:215919]
dask setting up block trajectory[215919:218100]
dask setting up block trajectory[218100:220281]
dask setting up block trajectory[220281:222462]
dask setting up block trajectory[222462:224643]
dask setting up block trajectory[224643:226824]
dask setting up block trajectory[226824:229005]
dask setting up block trajectory[229005:231186]
dask setting up block trajectory[231186:233367]
dask setting up block trajectory[233367:235548]
dask setting up block trajectory[235548:237729]
dask setting up block trajectory[237729:239910]
dask setting up block trajectory[239910:242091]
dask setting up block trajectory[242091:244272]
dask setting up block trajectory[244272:246453]
dask setting up block trajectory[246453:248634]
dask setting up block trajectory[248634:250815]
dask setting up block trajectory[250815:252996]
dask setting up block trajectory[252996:255177]
dask setting up block trajectory[255177:257358]
dask setting up block trajectory[257358:259539]
dask setting up block trajectory[259539:261720]
dask setting up block trajectory[261720:263901]
dask setting up block trajectory[263901:266082]
dask setting up block trajectory[266082:268263]
dask setting up block trajectory[268263:270444]
dask setting up block trajectory[270444:272625]
dask setting up block trajectory[272625:274806]
dask setting up block trajectory[274806:276987]
dask setting up block trajectory[276987:279168]
dask setting up block trajectory[279168:281349]
dask setting up block trajectory[281349:283530]
dask setting up block trajectory[283530:285711]
dask setting up block trajectory[285711:287892]
dask setting up block trajectory[287892:290073]
dask setting up block trajectory[290073:292254]
dask setting up block trajectory[292254:294435]
dask setting up block trajectory[294435:296616]
dask setting up block trajectory[296616:298797]
dask setting up block trajectory[298797:300978]
dask setting up block trajectory[300978:303159]
dask setting up block trajectory[303159:305340]
dask setting up block trajectory[305340:307521]
dask setting up block trajectory[307521:309702]
dask setting up block trajectory[309702:311883]
dask setting up block trajectory[311883:314064]
dask setting up block trajectory[314064:316245]
dask setting up block trajectory[316245:318426]
dask setting up block trajectory[318426:320607]
dask setting up block trajectory[320607:322788]
dask setting up block trajectory[322788:324969]
dask setting up block trajectory[324969:327150]
dask setting up block trajectory[327150:329331]
dask setting up block trajectory[329331:331512]
dask setting up block trajectory[331512:333693]
dask setting up block trajectory[333693:335874]
dask setting up block trajectory[335874:338055]
dask setting up block trajectory[338055:340236]
dask setting up block trajectory[340236:342417]
dask setting up block trajectory[342417:344598]
dask setting up block trajectory[344598:346779]
dask setting up block trajectory[346779:348960]
dask setting up block trajectory[348960:351141]
dask setting up block trajectory[351141:353322]
dask setting up block trajectory[353322:355503]
dask setting up block trajectory[355503:357684]
dask setting up block trajectory[357684:359865]
dask setting up block trajectory[359865:362046]
dask setting up block trajectory[362046:364227]
dask setting up block trajectory[364227:366408]
dask setting up block trajectory[366408:368589]
dask setting up block trajectory[368589:370770]
dask setting up block trajectory[370770:372951]
dask setting up block trajectory[372951:375132]
dask setting up block trajectory[375132:377313]
dask setting up block trajectory[377313:379494]
dask setting up block trajectory[379494:381675]
dask setting up block trajectory[381675:383856]
dask setting up block trajectory[383856:386037]
dask setting up block trajectory[386037:388218]
dask setting up block trajectory[388218:390399]
dask setting up block trajectory[390399:392580]
dask setting up block trajectory[392580:394761]
dask setting up block trajectory[394761:396942]
dask setting up block trajectory[396942:399123]
dask setting up block trajectory[399123:401304]
dask setting up block trajectory[401304:403485]
dask setting up block trajectory[403485:405666]
dask setting up block trajectory[405666:407847]
dask setting up block trajectory[407847:410028]
dask setting up block trajectory[410028:412209]
dask setting up block trajectory[412209:414390]
dask setting up block trajectory[414390:416571]
dask setting up block trajectory[416571:418752]
<Universe with 3341 atoms and 3365 bonds>
frames in trajectory  418700
418700
setting up 192 blocks with 2181 frames each
dask setting up block trajectory[0:2181]
dask setting up block trajectory[2181:4362]
dask setting up block trajectory[4362:6543]
dask setting up block trajectory[6543:8724]
dask setting up block trajectory[8724:10905]
dask setting up block trajectory[10905:13086]
dask setting up block trajectory[13086:15267]
dask setting up block trajectory[15267:17448]
dask setting up block trajectory[17448:19629]
dask setting up block trajectory[19629:21810]
dask setting up block trajectory[21810:23991]
dask setting up block trajectory[23991:26172]
dask setting up block trajectory[26172:28353]
dask setting up block trajectory[28353:30534]
dask setting up block trajectory[30534:32715]
dask setting up block trajectory[32715:34896]
dask setting up block trajectory[34896:37077]
dask setting up block trajectory[37077:39258]
dask setting up block trajectory[39258:41439]
dask setting up block trajectory[41439:43620]
dask setting up block trajectory[43620:45801]
dask setting up block trajectory[45801:47982]
dask setting up block trajectory[47982:50163]
dask setting up block trajectory[50163:52344]
dask setting up block trajectory[52344:54525]
dask setting up block trajectory[54525:56706]
dask setting up block trajectory[56706:58887]
dask setting up block trajectory[58887:61068]
dask setting up block trajectory[61068:63249]
dask setting up block trajectory[63249:65430]
dask setting up block trajectory[65430:67611]
dask setting up block trajectory[67611:69792]
dask setting up block trajectory[69792:71973]
dask setting up block trajectory[71973:74154]
dask setting up block trajectory[74154:76335]
dask setting up block trajectory[76335:78516]
dask setting up block trajectory[78516:80697]
dask setting up block trajectory[80697:82878]
dask setting up block trajectory[82878:85059]
dask setting up block trajectory[85059:87240]
dask setting up block trajectory[87240:89421]
dask setting up block trajectory[89421:91602]
dask setting up block trajectory[91602:93783]
dask setting up block trajectory[93783:95964]
dask setting up block trajectory[95964:98145]
dask setting up block trajectory[98145:100326]
dask setting up block trajectory[100326:102507]
dask setting up block trajectory[102507:104688]
dask setting up block trajectory[104688:106869]
dask setting up block trajectory[106869:109050]
dask setting up block trajectory[109050:111231]
dask setting up block trajectory[111231:113412]
dask setting up block trajectory[113412:115593]
dask setting up block trajectory[115593:117774]
dask setting up block trajectory[117774:119955]
dask setting up block trajectory[119955:122136]
dask setting up block trajectory[122136:124317]
dask setting up block trajectory[124317:126498]
dask setting up block trajectory[126498:128679]
dask setting up block trajectory[128679:130860]
dask setting up block trajectory[130860:133041]
dask setting up block trajectory[133041:135222]
dask setting up block trajectory[135222:137403]
dask setting up block trajectory[137403:139584]
dask setting up block trajectory[139584:141765]
dask setting up block trajectory[141765:143946]
dask setting up block trajectory[143946:146127]
dask setting up block trajectory[146127:148308]
dask setting up block trajectory[148308:150489]
dask setting up block trajectory[150489:152670]
dask setting up block trajectory[152670:154851]
dask setting up block trajectory[154851:157032]
dask setting up block trajectory[157032:159213]
dask setting up block trajectory[159213:161394]
dask setting up block trajectory[161394:163575]
dask setting up block trajectory[163575:165756]
dask setting up block trajectory[165756:167937]
dask setting up block trajectory[167937:170118]
dask setting up block trajectory[170118:172299]
dask setting up block trajectory[172299:174480]
dask setting up block trajectory[174480:176661]
dask setting up block trajectory[176661:178842]
dask setting up block trajectory[178842:181023]
dask setting up block trajectory[181023:183204]
dask setting up block trajectory[183204:185385]
dask setting up block trajectory[185385:187566]
dask setting up block trajectory[187566:189747]
dask setting up block trajectory[189747:191928]
dask setting up block trajectory[191928:194109]
dask setting up block trajectory[194109:196290]
dask setting up block trajectory[196290:198471]
dask setting up block trajectory[198471:200652]
dask setting up block trajectory[200652:202833]
dask setting up block trajectory[202833:205014]
dask setting up block trajectory[205014:207195]
dask setting up block trajectory[207195:209376]
dask setting up block trajectory[209376:211557]
dask setting up block trajectory[211557:213738]
dask setting up block trajectory[213738:215919]
dask setting up block trajectory[215919:218100]
dask setting up block trajectory[218100:220281]
dask setting up block trajectory[220281:222462]
dask setting up block trajectory[222462:224643]
dask setting up block trajectory[224643:226824]
dask setting up block trajectory[226824:229005]
dask setting up block trajectory[229005:231186]
dask setting up block trajectory[231186:233367]
dask setting up block trajectory[233367:235548]
dask setting up block trajectory[235548:237729]
dask setting up block trajectory[237729:239910]
dask setting up block trajectory[239910:242091]
dask setting up block trajectory[242091:244272]
dask setting up block trajectory[244272:246453]
dask setting up block trajectory[246453:248634]
dask setting up block trajectory[248634:250815]
dask setting up block trajectory[250815:252996]
dask setting up block trajectory[252996:255177]
dask setting up block trajectory[255177:257358]
dask setting up block trajectory[257358:259539]
dask setting up block trajectory[259539:261720]
dask setting up block trajectory[261720:263901]
dask setting up block trajectory[263901:266082]
dask setting up block trajectory[266082:268263]
dask setting up block trajectory[268263:270444]
dask setting up block trajectory[270444:272625]
dask setting up block trajectory[272625:274806]
dask setting up block trajectory[274806:276987]
dask setting up block trajectory[276987:279168]
dask setting up block trajectory[279168:281349]
dask setting up block trajectory[281349:283530]
dask setting up block trajectory[283530:285711]
dask setting up block trajectory[285711:287892]
dask setting up block trajectory[287892:290073]
dask setting up block trajectory[290073:292254]
dask setting up block trajectory[292254:294435]
dask setting up block trajectory[294435:296616]
dask setting up block trajectory[296616:298797]
dask setting up block trajectory[298797:300978]
dask setting up block trajectory[300978:303159]
dask setting up block trajectory[303159:305340]
dask setting up block trajectory[305340:307521]
dask setting up block trajectory[307521:309702]
dask setting up block trajectory[309702:311883]
dask setting up block trajectory[311883:314064]
dask setting up block trajectory[314064:316245]
dask setting up block trajectory[316245:318426]
dask setting up block trajectory[318426:320607]
dask setting up block trajectory[320607:322788]
dask setting up block trajectory[322788:324969]
dask setting up block trajectory[324969:327150]
dask setting up block trajectory[327150:329331]
dask setting up block trajectory[329331:331512]
dask setting up block trajectory[331512:333693]
dask setting up block trajectory[333693:335874]
dask setting up block trajectory[335874:338055]
dask setting up block trajectory[338055:340236]
dask setting up block trajectory[340236:342417]
dask setting up block trajectory[342417:344598]
dask setting up block trajectory[344598:346779]
dask setting up block trajectory[346779:348960]
dask setting up block trajectory[348960:351141]
dask setting up block trajectory[351141:353322]
dask setting up block trajectory[353322:355503]
dask setting up block trajectory[355503:357684]
dask setting up block trajectory[357684:359865]
dask setting up block trajectory[359865:362046]
dask setting up block trajectory[362046:364227]
dask setting up block trajectory[364227:366408]
dask setting up block trajectory[366408:368589]
dask setting up block trajectory[368589:370770]
dask setting up block trajectory[370770:372951]
dask setting up block trajectory[372951:375132]
dask setting up block trajectory[375132:377313]
dask setting up block trajectory[377313:379494]
dask setting up block trajectory[379494:381675]
dask setting up block trajectory[381675:383856]
dask setting up block trajectory[383856:386037]
dask setting up block trajectory[386037:388218]
dask setting up block trajectory[388218:390399]
dask setting up block trajectory[390399:392580]
dask setting up block trajectory[392580:394761]
dask setting up block trajectory[394761:396942]
dask setting up block trajectory[396942:399123]
dask setting up block trajectory[399123:401304]
dask setting up block trajectory[401304:403485]
dask setting up block trajectory[403485:405666]
dask setting up block trajectory[405666:407847]
dask setting up block trajectory[407847:410028]
dask setting up block trajectory[410028:412209]
dask setting up block trajectory[412209:414390]
dask setting up block trajectory[414390:416571]
dask setting up block trajectory[416571:418752]
<Universe with 3341 atoms and 3365 bonds>
frames in trajectory  418700
418700
setting up 192 blocks with 2181 frames each
dask setting up block trajectory[0:2181]
dask setting up block trajectory[2181:4362]
dask setting up block trajectory[4362:6543]
dask setting up block trajectory[6543:8724]
dask setting up block trajectory[8724:10905]
dask setting up block trajectory[10905:13086]
dask setting up block trajectory[13086:15267]
dask setting up block trajectory[15267:17448]
dask setting up block trajectory[17448:19629]
dask setting up block trajectory[19629:21810]
dask setting up block trajectory[21810:23991]
dask setting up block trajectory[23991:26172]
dask setting up block trajectory[26172:28353]
dask setting up block trajectory[28353:30534]
dask setting up block trajectory[30534:32715]
dask setting up block trajectory[32715:34896]
dask setting up block trajectory[34896:37077]
dask setting up block trajectory[37077:39258]
dask setting up block trajectory[39258:41439]
dask setting up block trajectory[41439:43620]
dask setting up block trajectory[43620:45801]
dask setting up block trajectory[45801:47982]
dask setting up block trajectory[47982:50163]
dask setting up block trajectory[50163:52344]
dask setting up block trajectory[52344:54525]
dask setting up block trajectory[54525:56706]
dask setting up block trajectory[56706:58887]
dask setting up block trajectory[58887:61068]
dask setting up block trajectory[61068:63249]
dask setting up block trajectory[63249:65430]
dask setting up block trajectory[65430:67611]
dask setting up block trajectory[67611:69792]
dask setting up block trajectory[69792:71973]
dask setting up block trajectory[71973:74154]
dask setting up block trajectory[74154:76335]
dask setting up block trajectory[76335:78516]
dask setting up block trajectory[78516:80697]
dask setting up block trajectory[80697:82878]
dask setting up block trajectory[82878:85059]
dask setting up block trajectory[85059:87240]
dask setting up block trajectory[87240:89421]
dask setting up block trajectory[89421:91602]
dask setting up block trajectory[91602:93783]
dask setting up block trajectory[93783:95964]
dask setting up block trajectory[95964:98145]
dask setting up block trajectory[98145:100326]
dask setting up block trajectory[100326:102507]
dask setting up block trajectory[102507:104688]
dask setting up block trajectory[104688:106869]
dask setting up block trajectory[106869:109050]
dask setting up block trajectory[109050:111231]
dask setting up block trajectory[111231:113412]
dask setting up block trajectory[113412:115593]
dask setting up block trajectory[115593:117774]
dask setting up block trajectory[117774:119955]
dask setting up block trajectory[119955:122136]
dask setting up block trajectory[122136:124317]
dask setting up block trajectory[124317:126498]
dask setting up block trajectory[126498:128679]
dask setting up block trajectory[128679:130860]
dask setting up block trajectory[130860:133041]
dask setting up block trajectory[133041:135222]
dask setting up block trajectory[135222:137403]
dask setting up block trajectory[137403:139584]
dask setting up block trajectory[139584:141765]
dask setting up block trajectory[141765:143946]
dask setting up block trajectory[143946:146127]
dask setting up block trajectory[146127:148308]
dask setting up block trajectory[148308:150489]
dask setting up block trajectory[150489:152670]
dask setting up block trajectory[152670:154851]
dask setting up block trajectory[154851:157032]
dask setting up block trajectory[157032:159213]
dask setting up block trajectory[159213:161394]
dask setting up block trajectory[161394:163575]
dask setting up block trajectory[163575:165756]
dask setting up block trajectory[165756:167937]
dask setting up block trajectory[167937:170118]
dask setting up block trajectory[170118:172299]
dask setting up block trajectory[172299:174480]
dask setting up block trajectory[174480:176661]
dask setting up block trajectory[176661:178842]
dask setting up block trajectory[178842:181023]
dask setting up block trajectory[181023:183204]
dask setting up block trajectory[183204:185385]
dask setting up block trajectory[185385:187566]
dask setting up block trajectory[187566:189747]
dask setting up block trajectory[189747:191928]
dask setting up block trajectory[191928:194109]
dask setting up block trajectory[194109:196290]
dask setting up block trajectory[196290:198471]
dask setting up block trajectory[198471:200652]
dask setting up block trajectory[200652:202833]
dask setting up block trajectory[202833:205014]
dask setting up block trajectory[205014:207195]
dask setting up block trajectory[207195:209376]
dask setting up block trajectory[209376:211557]
dask setting up block trajectory[211557:213738]
dask setting up block trajectory[213738:215919]
dask setting up block trajectory[215919:218100]
dask setting up block trajectory[218100:220281]
dask setting up block trajectory[220281:222462]
dask setting up block trajectory[222462:224643]
dask setting up block trajectory[224643:226824]
dask setting up block trajectory[226824:229005]
dask setting up block trajectory[229005:231186]
dask setting up block trajectory[231186:233367]
dask setting up block trajectory[233367:235548]
dask setting up block trajectory[235548:237729]
dask setting up block trajectory[237729:239910]
dask setting up block trajectory[239910:242091]
dask setting up block trajectory[242091:244272]
dask setting up block trajectory[244272:246453]
dask setting up block trajectory[246453:248634]
dask setting up block trajectory[248634:250815]
dask setting up block trajectory[250815:252996]
dask setting up block trajectory[252996:255177]
dask setting up block trajectory[255177:257358]
dask setting up block trajectory[257358:259539]
dask setting up block trajectory[259539:261720]
dask setting up block trajectory[261720:263901]
dask setting up block trajectory[263901:266082]
dask setting up block trajectory[266082:268263]
dask setting up block trajectory[268263:270444]
dask setting up block trajectory[270444:272625]
dask setting up block trajectory[272625:274806]
dask setting up block trajectory[274806:276987]
dask setting up block trajectory[276987:279168]
dask setting up block trajectory[279168:281349]
dask setting up block trajectory[281349:283530]
dask setting up block trajectory[283530:285711]
dask setting up block trajectory[285711:287892]
dask setting up block trajectory[287892:290073]
dask setting up block trajectory[290073:292254]
dask setting up block trajectory[292254:294435]
dask setting up block trajectory[294435:296616]
dask setting up block trajectory[296616:298797]
dask setting up block trajectory[298797:300978]
dask setting up block trajectory[300978:303159]
dask setting up block trajectory[303159:305340]
dask setting up block trajectory[305340:307521]
dask setting up block trajectory[307521:309702]
dask setting up block trajectory[309702:311883]
dask setting up block trajectory[311883:314064]
dask setting up block trajectory[314064:316245]
dask setting up block trajectory[316245:318426]
dask setting up block trajectory[318426:320607]
dask setting up block trajectory[320607:322788]
dask setting up block trajectory[322788:324969]
dask setting up block trajectory[324969:327150]
dask setting up block trajectory[327150:329331]
dask setting up block trajectory[329331:331512]
dask setting up block trajectory[331512:333693]
dask setting up block trajectory[333693:335874]
dask setting up block trajectory[335874:338055]
dask setting up block trajectory[338055:340236]
dask setting up block trajectory[340236:342417]
dask setting up block trajectory[342417:344598]
dask setting up block trajectory[344598:346779]
dask setting up block trajectory[346779:348960]
dask setting up block trajectory[348960:351141]
dask setting up block trajectory[351141:353322]
dask setting up block trajectory[353322:355503]
dask setting up block trajectory[355503:357684]
dask setting up block trajectory[357684:359865]
dask setting up block trajectory[359865:362046]
dask setting up block trajectory[362046:364227]
dask setting up block trajectory[364227:366408]
dask setting up block trajectory[366408:368589]
dask setting up block trajectory[368589:370770]
dask setting up block trajectory[370770:372951]
dask setting up block trajectory[372951:375132]
dask setting up block trajectory[375132:377313]
dask setting up block trajectory[377313:379494]
dask setting up block trajectory[379494:381675]
dask setting up block trajectory[381675:383856]
dask setting up block trajectory[383856:386037]
dask setting up block trajectory[386037:388218]
dask setting up block trajectory[388218:390399]
dask setting up block trajectory[390399:392580]
dask setting up block trajectory[392580:394761]
dask setting up block trajectory[394761:396942]
dask setting up block trajectory[396942:399123]
dask setting up block trajectory[399123:401304]
dask setting up block trajectory[401304:403485]
dask setting up block trajectory[403485:405666]
dask setting up block trajectory[405666:407847]
dask setting up block trajectory[407847:410028]
dask setting up block trajectory[410028:412209]
dask setting up block trajectory[412209:414390]
dask setting up block trajectory[414390:416571]
dask setting up block trajectory[416571:418752]
<Universe with 3341 atoms and 3365 bonds>
frames in trajectory  418700
418700
setting up 192 blocks with 2181 frames each
dask setting up block trajectory[0:2181]
dask setting up block trajectory[2181:4362]
dask setting up block trajectory[4362:6543]
dask setting up block trajectory[6543:8724]
dask setting up block trajectory[8724:10905]
dask setting up block trajectory[10905:13086]
dask setting up block trajectory[13086:15267]
dask setting up block trajectory[15267:17448]
dask setting up block trajectory[17448:19629]
dask setting up block trajectory[19629:21810]
dask setting up block trajectory[21810:23991]
dask setting up block trajectory[23991:26172]
dask setting up block trajectory[26172:28353]
dask setting up block trajectory[28353:30534]
dask setting up block trajectory[30534:32715]
dask setting up block trajectory[32715:34896]
dask setting up block trajectory[34896:37077]
dask setting up block trajectory[37077:39258]
dask setting up block trajectory[39258:41439]
dask setting up block trajectory[41439:43620]
dask setting up block trajectory[43620:45801]
dask setting up block trajectory[45801:47982]
dask setting up block trajectory[47982:50163]
dask setting up block trajectory[50163:52344]
dask setting up block trajectory[52344:54525]
dask setting up block trajectory[54525:56706]
dask setting up block trajectory[56706:58887]
dask setting up block trajectory[58887:61068]
dask setting up block trajectory[61068:63249]
dask setting up block trajectory[63249:65430]
dask setting up block trajectory[65430:67611]
dask setting up block trajectory[67611:69792]
dask setting up block trajectory[69792:71973]
dask setting up block trajectory[71973:74154]
dask setting up block trajectory[74154:76335]
dask setting up block trajectory[76335:78516]
dask setting up block trajectory[78516:80697]
dask setting up block trajectory[80697:82878]
dask setting up block trajectory[82878:85059]
dask setting up block trajectory[85059:87240]
dask setting up block trajectory[87240:89421]
dask setting up block trajectory[89421:91602]
dask setting up block trajectory[91602:93783]
dask setting up block trajectory[93783:95964]
dask setting up block trajectory[95964:98145]
dask setting up block trajectory[98145:100326]
dask setting up block trajectory[100326:102507]
dask setting up block trajectory[102507:104688]
dask setting up block trajectory[104688:106869]
dask setting up block trajectory[106869:109050]
dask setting up block trajectory[109050:111231]
dask setting up block trajectory[111231:113412]
dask setting up block trajectory[113412:115593]
dask setting up block trajectory[115593:117774]
dask setting up block trajectory[117774:119955]
dask setting up block trajectory[119955:122136]
dask setting up block trajectory[122136:124317]
dask setting up block trajectory[124317:126498]
dask setting up block trajectory[126498:128679]
dask setting up block trajectory[128679:130860]
dask setting up block trajectory[130860:133041]
dask setting up block trajectory[133041:135222]
dask setting up block trajectory[135222:137403]
dask setting up block trajectory[137403:139584]
dask setting up block trajectory[139584:141765]
dask setting up block trajectory[141765:143946]
dask setting up block trajectory[143946:146127]
dask setting up block trajectory[146127:148308]
dask setting up block trajectory[148308:150489]
dask setting up block trajectory[150489:152670]
dask setting up block trajectory[152670:154851]
dask setting up block trajectory[154851:157032]
dask setting up block trajectory[157032:159213]
dask setting up block trajectory[159213:161394]
dask setting up block trajectory[161394:163575]
dask setting up block trajectory[163575:165756]
dask setting up block trajectory[165756:167937]
dask setting up block trajectory[167937:170118]
dask setting up block trajectory[170118:172299]
dask setting up block trajectory[172299:174480]
dask setting up block trajectory[174480:176661]
dask setting up block trajectory[176661:178842]
dask setting up block trajectory[178842:181023]
dask setting up block trajectory[181023:183204]
dask setting up block trajectory[183204:185385]
dask setting up block trajectory[185385:187566]
dask setting up block trajectory[187566:189747]
dask setting up block trajectory[189747:191928]
dask setting up block trajectory[191928:194109]
dask setting up block trajectory[194109:196290]
dask setting up block trajectory[196290:198471]
dask setting up block trajectory[198471:200652]
dask setting up block trajectory[200652:202833]
dask setting up block trajectory[202833:205014]
dask setting up block trajectory[205014:207195]
dask setting up block trajectory[207195:209376]
dask setting up block trajectory[209376:211557]
dask setting up block trajectory[211557:213738]
dask setting up block trajectory[213738:215919]
dask setting up block trajectory[215919:218100]
dask setting up block trajectory[218100:220281]
dask setting up block trajectory[220281:222462]
dask setting up block trajectory[222462:224643]
dask setting up block trajectory[224643:226824]
dask setting up block trajectory[226824:229005]
dask setting up block trajectory[229005:231186]
dask setting up block trajectory[231186:233367]
dask setting up block trajectory[233367:235548]
dask setting up block trajectory[235548:237729]
dask setting up block trajectory[237729:239910]
dask setting up block trajectory[239910:242091]
dask setting up block trajectory[242091:244272]
dask setting up block trajectory[244272:246453]
dask setting up block trajectory[246453:248634]
dask setting up block trajectory[248634:250815]
dask setting up block trajectory[250815:252996]
dask setting up block trajectory[252996:255177]
dask setting up block trajectory[255177:257358]
dask setting up block trajectory[257358:259539]
dask setting up block trajectory[259539:261720]
dask setting up block trajectory[261720:263901]
dask setting up block trajectory[263901:266082]
dask setting up block trajectory[266082:268263]
dask setting up block trajectory[268263:270444]
dask setting up block trajectory[270444:272625]
dask setting up block trajectory[272625:274806]
dask setting up block trajectory[274806:276987]
dask setting up block trajectory[276987:279168]
dask setting up block trajectory[279168:281349]
dask setting up block trajectory[281349:283530]
dask setting up block trajectory[283530:285711]
dask setting up block trajectory[285711:287892]
dask setting up block trajectory[287892:290073]
dask setting up block trajectory[290073:292254]
dask setting up block trajectory[292254:294435]
dask setting up block trajectory[294435:296616]
dask setting up block trajectory[296616:298797]
dask setting up block trajectory[298797:300978]
dask setting up block trajectory[300978:303159]
dask setting up block trajectory[303159:305340]
dask setting up block trajectory[305340:307521]
dask setting up block trajectory[307521:309702]
dask setting up block trajectory[309702:311883]
dask setting up block trajectory[311883:314064]
dask setting up block trajectory[314064:316245]
dask setting up block trajectory[316245:318426]
dask setting up block trajectory[318426:320607]
dask setting up block trajectory[320607:322788]
dask setting up block trajectory[322788:324969]
dask setting up block trajectory[324969:327150]
dask setting up block trajectory[327150:329331]
dask setting up block trajectory[329331:331512]
dask setting up block trajectory[331512:333693]
dask setting up block trajectory[333693:335874]
dask setting up block trajectory[335874:338055]
dask setting up block trajectory[338055:340236]
dask setting up block trajectory[340236:342417]
dask setting up block trajectory[342417:344598]
dask setting up block trajectory[344598:346779]
dask setting up block trajectory[346779:348960]
dask setting up block trajectory[348960:351141]
dask setting up block trajectory[351141:353322]
dask setting up block trajectory[353322:355503]
dask setting up block trajectory[355503:357684]
dask setting up block trajectory[357684:359865]
dask setting up block trajectory[359865:362046]
dask setting up block trajectory[362046:364227]
dask setting up block trajectory[364227:366408]
dask setting up block trajectory[366408:368589]
dask setting up block trajectory[368589:370770]
dask setting up block trajectory[370770:372951]
dask setting up block trajectory[372951:375132]
dask setting up block trajectory[375132:377313]
dask setting up block trajectory[377313:379494]
dask setting up block trajectory[379494:381675]
dask setting up block trajectory[381675:383856]
dask setting up block trajectory[383856:386037]
dask setting up block trajectory[386037:388218]
dask setting up block trajectory[388218:390399]
dask setting up block trajectory[390399:392580]
dask setting up block trajectory[392580:394761]
dask setting up block trajectory[394761:396942]
dask setting up block trajectory[396942:399123]
dask setting up block trajectory[399123:401304]
dask setting up block trajectory[401304:403485]
dask setting up block trajectory[403485:405666]
dask setting up block trajectory[405666:407847]
dask setting up block trajectory[407847:410028]
dask setting up block trajectory[410028:412209]
dask setting up block trajectory[412209:414390]
dask setting up block trajectory[414390:416571]
dask setting up block trajectory[416571:418752]
<Universe with 3341 atoms and 3365 bonds>
frames in trajectory  1256100
1256100
setting up 192 blocks with 6543 frames each
dask setting up block trajectory[0:6543]
dask setting up block trajectory[6543:13086]
dask setting up block trajectory[13086:19629]
dask setting up block trajectory[19629:26172]
dask setting up block trajectory[26172:32715]
dask setting up block trajectory[32715:39258]
dask setting up block trajectory[39258:45801]
dask setting up block trajectory[45801:52344]
dask setting up block trajectory[52344:58887]
dask setting up block trajectory[58887:65430]
dask setting up block trajectory[65430:71973]
dask setting up block trajectory[71973:78516]
dask setting up block trajectory[78516:85059]
dask setting up block trajectory[85059:91602]
dask setting up block trajectory[91602:98145]
dask setting up block trajectory[98145:104688]
dask setting up block trajectory[104688:111231]
dask setting up block trajectory[111231:117774]
dask setting up block trajectory[117774:124317]
dask setting up block trajectory[124317:130860]
dask setting up block trajectory[130860:137403]
dask setting up block trajectory[137403:143946]
dask setting up block trajectory[143946:150489]
dask setting up block trajectory[150489:157032]
dask setting up block trajectory[157032:163575]
dask setting up block trajectory[163575:170118]
dask setting up block trajectory[170118:176661]
dask setting up block trajectory[176661:183204]
dask setting up block trajectory[183204:189747]
dask setting up block trajectory[189747:196290]
dask setting up block trajectory[196290:202833]
dask setting up block trajectory[202833:209376]
dask setting up block trajectory[209376:215919]
dask setting up block trajectory[215919:222462]
dask setting up block trajectory[222462:229005]
dask setting up block trajectory[229005:235548]
dask setting up block trajectory[235548:242091]
dask setting up block trajectory[242091:248634]
dask setting up block trajectory[248634:255177]
dask setting up block trajectory[255177:261720]
dask setting up block trajectory[261720:268263]
dask setting up block trajectory[268263:274806]
dask setting up block trajectory[274806:281349]
dask setting up block trajectory[281349:287892]
dask setting up block trajectory[287892:294435]
dask setting up block trajectory[294435:300978]
dask setting up block trajectory[300978:307521]
dask setting up block trajectory[307521:314064]
dask setting up block trajectory[314064:320607]
dask setting up block trajectory[320607:327150]
dask setting up block trajectory[327150:333693]
dask setting up block trajectory[333693:340236]
dask setting up block trajectory[340236:346779]
dask setting up block trajectory[346779:353322]
dask setting up block trajectory[353322:359865]
dask setting up block trajectory[359865:366408]
dask setting up block trajectory[366408:372951]
dask setting up block trajectory[372951:379494]
dask setting up block trajectory[379494:386037]
dask setting up block trajectory[386037:392580]
dask setting up block trajectory[392580:399123]
dask setting up block trajectory[399123:405666]
dask setting up block trajectory[405666:412209]
dask setting up block trajectory[412209:418752]
dask setting up block trajectory[418752:425295]
dask setting up block trajectory[425295:431838]
dask setting up block trajectory[431838:438381]
dask setting up block trajectory[438381:444924]
dask setting up block trajectory[444924:451467]
dask setting up block trajectory[451467:458010]
dask setting up block trajectory[458010:464553]
dask setting up block trajectory[464553:471096]
dask setting up block trajectory[471096:477639]
dask setting up block trajectory[477639:484182]
dask setting up block trajectory[484182:490725]
dask setting up block trajectory[490725:497268]
dask setting up block trajectory[497268:503811]
dask setting up block trajectory[503811:510354]
dask setting up block trajectory[510354:516897]
dask setting up block trajectory[516897:523440]
dask setting up block trajectory[523440:529983]
dask setting up block trajectory[529983:536526]
dask setting up block trajectory[536526:543069]
dask setting up block trajectory[543069:549612]
dask setting up block trajectory[549612:556155]
dask setting up block trajectory[556155:562698]
dask setting up block trajectory[562698:569241]
dask setting up block trajectory[569241:575784]
dask setting up block trajectory[575784:582327]
dask setting up block trajectory[582327:588870]
dask setting up block trajectory[588870:595413]
dask setting up block trajectory[595413:601956]
dask setting up block trajectory[601956:608499]
dask setting up block trajectory[608499:615042]
dask setting up block trajectory[615042:621585]
dask setting up block trajectory[621585:628128]
dask setting up block trajectory[628128:634671]
dask setting up block trajectory[634671:641214]
dask setting up block trajectory[641214:647757]
dask setting up block trajectory[647757:654300]
dask setting up block trajectory[654300:660843]
dask setting up block trajectory[660843:667386]
dask setting up block trajectory[667386:673929]
dask setting up block trajectory[673929:680472]
dask setting up block trajectory[680472:687015]
dask setting up block trajectory[687015:693558]
dask setting up block trajectory[693558:700101]
dask setting up block trajectory[700101:706644]
dask setting up block trajectory[706644:713187]
dask setting up block trajectory[713187:719730]
dask setting up block trajectory[719730:726273]
dask setting up block trajectory[726273:732816]
dask setting up block trajectory[732816:739359]
dask setting up block trajectory[739359:745902]
dask setting up block trajectory[745902:752445]
dask setting up block trajectory[752445:758988]
dask setting up block trajectory[758988:765531]
dask setting up block trajectory[765531:772074]
dask setting up block trajectory[772074:778617]
dask setting up block trajectory[778617:785160]
dask setting up block trajectory[785160:791703]
dask setting up block trajectory[791703:798246]
dask setting up block trajectory[798246:804789]
dask setting up block trajectory[804789:811332]
dask setting up block trajectory[811332:817875]
dask setting up block trajectory[817875:824418]
dask setting up block trajectory[824418:830961]
dask setting up block trajectory[830961:837504]
dask setting up block trajectory[837504:844047]
dask setting up block trajectory[844047:850590]
dask setting up block trajectory[850590:857133]
dask setting up block trajectory[857133:863676]
dask setting up block trajectory[863676:870219]
dask setting up block trajectory[870219:876762]
dask setting up block trajectory[876762:883305]
dask setting up block trajectory[883305:889848]
dask setting up block trajectory[889848:896391]
dask setting up block trajectory[896391:902934]
dask setting up block trajectory[902934:909477]
dask setting up block trajectory[909477:916020]
dask setting up block trajectory[916020:922563]
dask setting up block trajectory[922563:929106]
dask setting up block trajectory[929106:935649]
dask setting up block trajectory[935649:942192]
dask setting up block trajectory[942192:948735]
dask setting up block trajectory[948735:955278]
dask setting up block trajectory[955278:961821]
dask setting up block trajectory[961821:968364]
dask setting up block trajectory[968364:974907]
dask setting up block trajectory[974907:981450]
dask setting up block trajectory[981450:987993]
dask setting up block trajectory[987993:994536]
dask setting up block trajectory[994536:1001079]
dask setting up block trajectory[1001079:1007622]
dask setting up block trajectory[1007622:1014165]
dask setting up block trajectory[1014165:1020708]
dask setting up block trajectory[1020708:1027251]
dask setting up block trajectory[1027251:1033794]
dask setting up block trajectory[1033794:1040337]
dask setting up block trajectory[1040337:1046880]
dask setting up block trajectory[1046880:1053423]
dask setting up block trajectory[1053423:1059966]
dask setting up block trajectory[1059966:1066509]
dask setting up block trajectory[1066509:1073052]
dask setting up block trajectory[1073052:1079595]
dask setting up block trajectory[1079595:1086138]
dask setting up block trajectory[1086138:1092681]
dask setting up block trajectory[1092681:1099224]
dask setting up block trajectory[1099224:1105767]
dask setting up block trajectory[1105767:1112310]
dask setting up block trajectory[1112310:1118853]
dask setting up block trajectory[1118853:1125396]
dask setting up block trajectory[1125396:1131939]
dask setting up block trajectory[1131939:1138482]
dask setting up block trajectory[1138482:1145025]
dask setting up block trajectory[1145025:1151568]
dask setting up block trajectory[1151568:1158111]
dask setting up block trajectory[1158111:1164654]
dask setting up block trajectory[1164654:1171197]
dask setting up block trajectory[1171197:1177740]
dask setting up block trajectory[1177740:1184283]
dask setting up block trajectory[1184283:1190826]
dask setting up block trajectory[1190826:1197369]
dask setting up block trajectory[1197369:1203912]
dask setting up block trajectory[1203912:1210455]
dask setting up block trajectory[1210455:1216998]
dask setting up block trajectory[1216998:1223541]
dask setting up block trajectory[1223541:1230084]
dask setting up block trajectory[1230084:1236627]
dask setting up block trajectory[1236627:1243170]
dask setting up block trajectory[1243170:1249713]
dask setting up block trajectory[1249713:1256256]
<Universe with 3341 atoms and 3365 bonds>
frames in trajectory  1256100
1256100
setting up 192 blocks with 6543 frames each
dask setting up block trajectory[0:6543]
dask setting up block trajectory[6543:13086]
dask setting up block trajectory[13086:19629]
dask setting up block trajectory[19629:26172]
dask setting up block trajectory[26172:32715]
dask setting up block trajectory[32715:39258]
dask setting up block trajectory[39258:45801]
dask setting up block trajectory[45801:52344]
dask setting up block trajectory[52344:58887]
dask setting up block trajectory[58887:65430]
dask setting up block trajectory[65430:71973]
dask setting up block trajectory[71973:78516]
dask setting up block trajectory[78516:85059]
dask setting up block trajectory[85059:91602]
dask setting up block trajectory[91602:98145]
dask setting up block trajectory[98145:104688]
dask setting up block trajectory[104688:111231]
dask setting up block trajectory[111231:117774]
dask setting up block trajectory[117774:124317]
dask setting up block trajectory[124317:130860]
dask setting up block trajectory[130860:137403]
dask setting up block trajectory[137403:143946]
dask setting up block trajectory[143946:150489]
dask setting up block trajectory[150489:157032]
dask setting up block trajectory[157032:163575]
dask setting up block trajectory[163575:170118]
dask setting up block trajectory[170118:176661]
dask setting up block trajectory[176661:183204]
dask setting up block trajectory[183204:189747]
dask setting up block trajectory[189747:196290]
dask setting up block trajectory[196290:202833]
dask setting up block trajectory[202833:209376]
dask setting up block trajectory[209376:215919]
dask setting up block trajectory[215919:222462]
dask setting up block trajectory[222462:229005]
dask setting up block trajectory[229005:235548]
dask setting up block trajectory[235548:242091]
dask setting up block trajectory[242091:248634]
dask setting up block trajectory[248634:255177]
dask setting up block trajectory[255177:261720]
dask setting up block trajectory[261720:268263]
dask setting up block trajectory[268263:274806]
dask setting up block trajectory[274806:281349]
dask setting up block trajectory[281349:287892]
dask setting up block trajectory[287892:294435]
dask setting up block trajectory[294435:300978]
dask setting up block trajectory[300978:307521]
dask setting up block trajectory[307521:314064]
dask setting up block trajectory[314064:320607]
dask setting up block trajectory[320607:327150]
dask setting up block trajectory[327150:333693]
dask setting up block trajectory[333693:340236]
dask setting up block trajectory[340236:346779]
dask setting up block trajectory[346779:353322]
dask setting up block trajectory[353322:359865]
dask setting up block trajectory[359865:366408]
dask setting up block trajectory[366408:372951]
dask setting up block trajectory[372951:379494]
dask setting up block trajectory[379494:386037]
dask setting up block trajectory[386037:392580]
dask setting up block trajectory[392580:399123]
dask setting up block trajectory[399123:405666]
dask setting up block trajectory[405666:412209]
dask setting up block trajectory[412209:418752]
dask setting up block trajectory[418752:425295]
dask setting up block trajectory[425295:431838]
dask setting up block trajectory[431838:438381]
dask setting up block trajectory[438381:444924]
dask setting up block trajectory[444924:451467]
dask setting up block trajectory[451467:458010]
dask setting up block trajectory[458010:464553]
dask setting up block trajectory[464553:471096]
dask setting up block trajectory[471096:477639]
dask setting up block trajectory[477639:484182]
dask setting up block trajectory[484182:490725]
dask setting up block trajectory[490725:497268]
dask setting up block trajectory[497268:503811]
dask setting up block trajectory[503811:510354]
dask setting up block trajectory[510354:516897]
dask setting up block trajectory[516897:523440]
dask setting up block trajectory[523440:529983]
dask setting up block trajectory[529983:536526]
dask setting up block trajectory[536526:543069]
dask setting up block trajectory[543069:549612]
dask setting up block trajectory[549612:556155]
dask setting up block trajectory[556155:562698]
dask setting up block trajectory[562698:569241]
dask setting up block trajectory[569241:575784]
dask setting up block trajectory[575784:582327]
dask setting up block trajectory[582327:588870]
dask setting up block trajectory[588870:595413]
dask setting up block trajectory[595413:601956]
dask setting up block trajectory[601956:608499]
dask setting up block trajectory[608499:615042]
dask setting up block trajectory[615042:621585]
dask setting up block trajectory[621585:628128]
dask setting up block trajectory[628128:634671]
dask setting up block trajectory[634671:641214]
dask setting up block trajectory[641214:647757]
dask setting up block trajectory[647757:654300]
dask setting up block trajectory[654300:660843]
dask setting up block trajectory[660843:667386]
dask setting up block trajectory[667386:673929]
dask setting up block trajectory[673929:680472]
dask setting up block trajectory[680472:687015]
dask setting up block trajectory[687015:693558]
dask setting up block trajectory[693558:700101]
dask setting up block trajectory[700101:706644]
dask setting up block trajectory[706644:713187]
dask setting up block trajectory[713187:719730]
dask setting up block trajectory[719730:726273]
dask setting up block trajectory[726273:732816]
dask setting up block trajectory[732816:739359]
dask setting up block trajectory[739359:745902]
dask setting up block trajectory[745902:752445]
dask setting up block trajectory[752445:758988]
dask setting up block trajectory[758988:765531]
dask setting up block trajectory[765531:772074]
dask setting up block trajectory[772074:778617]
dask setting up block trajectory[778617:785160]
dask setting up block trajectory[785160:791703]
dask setting up block trajectory[791703:798246]
dask setting up block trajectory[798246:804789]
dask setting up block trajectory[804789:811332]
dask setting up block trajectory[811332:817875]
dask setting up block trajectory[817875:824418]
dask setting up block trajectory[824418:830961]
dask setting up block trajectory[830961:837504]
dask setting up block trajectory[837504:844047]
dask setting up block trajectory[844047:850590]
dask setting up block trajectory[850590:857133]
dask setting up block trajectory[857133:863676]
dask setting up block trajectory[863676:870219]
dask setting up block trajectory[870219:876762]
dask setting up block trajectory[876762:883305]
dask setting up block trajectory[883305:889848]
dask setting up block trajectory[889848:896391]
dask setting up block trajectory[896391:902934]
dask setting up block trajectory[902934:909477]
dask setting up block trajectory[909477:916020]
dask setting up block trajectory[916020:922563]
dask setting up block trajectory[922563:929106]
dask setting up block trajectory[929106:935649]
dask setting up block trajectory[935649:942192]
dask setting up block trajectory[942192:948735]
dask setting up block trajectory[948735:955278]
dask setting up block trajectory[955278:961821]
dask setting up block trajectory[961821:968364]
dask setting up block trajectory[968364:974907]
dask setting up block trajectory[974907:981450]
dask setting up block trajectory[981450:987993]
dask setting up block trajectory[987993:994536]
dask setting up block trajectory[994536:1001079]
dask setting up block trajectory[1001079:1007622]
dask setting up block trajectory[1007622:1014165]
dask setting up block trajectory[1014165:1020708]
dask setting up block trajectory[1020708:1027251]
dask setting up block trajectory[1027251:1033794]
dask setting up block trajectory[1033794:1040337]
dask setting up block trajectory[1040337:1046880]
dask setting up block trajectory[1046880:1053423]
dask setting up block trajectory[1053423:1059966]
dask setting up block trajectory[1059966:1066509]
dask setting up block trajectory[1066509:1073052]
dask setting up block trajectory[1073052:1079595]
dask setting up block trajectory[1079595:1086138]
dask setting up block trajectory[1086138:1092681]
dask setting up block trajectory[1092681:1099224]
dask setting up block trajectory[1099224:1105767]
dask setting up block trajectory[1105767:1112310]
dask setting up block trajectory[1112310:1118853]
dask setting up block trajectory[1118853:1125396]
dask setting up block trajectory[1125396:1131939]
dask setting up block trajectory[1131939:1138482]
dask setting up block trajectory[1138482:1145025]
dask setting up block trajectory[1145025:1151568]
dask setting up block trajectory[1151568:1158111]
dask setting up block trajectory[1158111:1164654]
dask setting up block trajectory[1164654:1171197]
dask setting up block trajectory[1171197:1177740]
dask setting up block trajectory[1177740:1184283]
dask setting up block trajectory[1184283:1190826]
dask setting up block trajectory[1190826:1197369]
dask setting up block trajectory[1197369:1203912]
dask setting up block trajectory[1203912:1210455]
dask setting up block trajectory[1210455:1216998]
dask setting up block trajectory[1216998:1223541]
dask setting up block trajectory[1223541:1230084]
dask setting up block trajectory[1230084:1236627]
dask setting up block trajectory[1236627:1243170]
dask setting up block trajectory[1243170:1249713]
dask setting up block trajectory[1249713:1256256]
<Universe with 3341 atoms and 3365 bonds>
frames in trajectory  1256100
1256100
setting up 192 blocks with 6543 frames each
dask setting up block trajectory[0:6543]
dask setting up block trajectory[6543:13086]
dask setting up block trajectory[13086:19629]
dask setting up block trajectory[19629:26172]
dask setting up block trajectory[26172:32715]
dask setting up block trajectory[32715:39258]
dask setting up block trajectory[39258:45801]
dask setting up block trajectory[45801:52344]
dask setting up block trajectory[52344:58887]
dask setting up block trajectory[58887:65430]
dask setting up block trajectory[65430:71973]
dask setting up block trajectory[71973:78516]
dask setting up block trajectory[78516:85059]
dask setting up block trajectory[85059:91602]
dask setting up block trajectory[91602:98145]
dask setting up block trajectory[98145:104688]
dask setting up block trajectory[104688:111231]
dask setting up block trajectory[111231:117774]
dask setting up block trajectory[117774:124317]
dask setting up block trajectory[124317:130860]
dask setting up block trajectory[130860:137403]
dask setting up block trajectory[137403:143946]
dask setting up block trajectory[143946:150489]
dask setting up block trajectory[150489:157032]
dask setting up block trajectory[157032:163575]
dask setting up block trajectory[163575:170118]
dask setting up block trajectory[170118:176661]
dask setting up block trajectory[176661:183204]
dask setting up block trajectory[183204:189747]
dask setting up block trajectory[189747:196290]
dask setting up block trajectory[196290:202833]
dask setting up block trajectory[202833:209376]
dask setting up block trajectory[209376:215919]
dask setting up block trajectory[215919:222462]
dask setting up block trajectory[222462:229005]
dask setting up block trajectory[229005:235548]
dask setting up block trajectory[235548:242091]
dask setting up block trajectory[242091:248634]
dask setting up block trajectory[248634:255177]
dask setting up block trajectory[255177:261720]
dask setting up block trajectory[261720:268263]
dask setting up block trajectory[268263:274806]
dask setting up block trajectory[274806:281349]
dask setting up block trajectory[281349:287892]
dask setting up block trajectory[287892:294435]
dask setting up block trajectory[294435:300978]
dask setting up block trajectory[300978:307521]
dask setting up block trajectory[307521:314064]
dask setting up block trajectory[314064:320607]
dask setting up block trajectory[320607:327150]
dask setting up block trajectory[327150:333693]
dask setting up block trajectory[333693:340236]
dask setting up block trajectory[340236:346779]
dask setting up block trajectory[346779:353322]
dask setting up block trajectory[353322:359865]
dask setting up block trajectory[359865:366408]
dask setting up block trajectory[366408:372951]
dask setting up block trajectory[372951:379494]
dask setting up block trajectory[379494:386037]
dask setting up block trajectory[386037:392580]
dask setting up block trajectory[392580:399123]
dask setting up block trajectory[399123:405666]
dask setting up block trajectory[405666:412209]
dask setting up block trajectory[412209:418752]
dask setting up block trajectory[418752:425295]
dask setting up block trajectory[425295:431838]
dask setting up block trajectory[431838:438381]
dask setting up block trajectory[438381:444924]
dask setting up block trajectory[444924:451467]
dask setting up block trajectory[451467:458010]
dask setting up block trajectory[458010:464553]
dask setting up block trajectory[464553:471096]
dask setting up block trajectory[471096:477639]
dask setting up block trajectory[477639:484182]
dask setting up block trajectory[484182:490725]
dask setting up block trajectory[490725:497268]
dask setting up block trajectory[497268:503811]
dask setting up block trajectory[503811:510354]
dask setting up block trajectory[510354:516897]
dask setting up block trajectory[516897:523440]
dask setting up block trajectory[523440:529983]
dask setting up block trajectory[529983:536526]
dask setting up block trajectory[536526:543069]
dask setting up block trajectory[543069:549612]
dask setting up block trajectory[549612:556155]
dask setting up block trajectory[556155:562698]
dask setting up block trajectory[562698:569241]
dask setting up block trajectory[569241:575784]
dask setting up block trajectory[575784:582327]
dask setting up block trajectory[582327:588870]
dask setting up block trajectory[588870:595413]
dask setting up block trajectory[595413:601956]
dask setting up block trajectory[601956:608499]
dask setting up block trajectory[608499:615042]
dask setting up block trajectory[615042:621585]
dask setting up block trajectory[621585:628128]
dask setting up block trajectory[628128:634671]
dask setting up block trajectory[634671:641214]
dask setting up block trajectory[641214:647757]
dask setting up block trajectory[647757:654300]
dask setting up block trajectory[654300:660843]
dask setting up block trajectory[660843:667386]
dask setting up block trajectory[667386:673929]
dask setting up block trajectory[673929:680472]
dask setting up block trajectory[680472:687015]
dask setting up block trajectory[687015:693558]
dask setting up block trajectory[693558:700101]
dask setting up block trajectory[700101:706644]
dask setting up block trajectory[706644:713187]
dask setting up block trajectory[713187:719730]
dask setting up block trajectory[719730:726273]
dask setting up block trajectory[726273:732816]
dask setting up block trajectory[732816:739359]
dask setting up block trajectory[739359:745902]
dask setting up block trajectory[745902:752445]
dask setting up block trajectory[752445:758988]
dask setting up block trajectory[758988:765531]
dask setting up block trajectory[765531:772074]
dask setting up block trajectory[772074:778617]
dask setting up block trajectory[778617:785160]
dask setting up block trajectory[785160:791703]
dask setting up block trajectory[791703:798246]
dask setting up block trajectory[798246:804789]
dask setting up block trajectory[804789:811332]
dask setting up block trajectory[811332:817875]
dask setting up block trajectory[817875:824418]
dask setting up block trajectory[824418:830961]
dask setting up block trajectory[830961:837504]
dask setting up block trajectory[837504:844047]
dask setting up block trajectory[844047:850590]
dask setting up block trajectory[850590:857133]
dask setting up block trajectory[857133:863676]
dask setting up block trajectory[863676:870219]
dask setting up block trajectory[870219:876762]
dask setting up block trajectory[876762:883305]
dask setting up block trajectory[883305:889848]
dask setting up block trajectory[889848:896391]
dask setting up block trajectory[896391:902934]
dask setting up block trajectory[902934:909477]
dask setting up block trajectory[909477:916020]
dask setting up block trajectory[916020:922563]
dask setting up block trajectory[922563:929106]
dask setting up block trajectory[929106:935649]
dask setting up block trajectory[935649:942192]
dask setting up block trajectory[942192:948735]
dask setting up block trajectory[948735:955278]
dask setting up block trajectory[955278:961821]
dask setting up block trajectory[961821:968364]
dask setting up block trajectory[968364:974907]
dask setting up block trajectory[974907:981450]
dask setting up block trajectory[981450:987993]
dask setting up block trajectory[987993:994536]
dask setting up block trajectory[994536:1001079]
dask setting up block trajectory[1001079:1007622]
dask setting up block trajectory[1007622:1014165]
dask setting up block trajectory[1014165:1020708]
dask setting up block trajectory[1020708:1027251]
dask setting up block trajectory[1027251:1033794]
dask setting up block trajectory[1033794:1040337]
dask setting up block trajectory[1040337:1046880]
dask setting up block trajectory[1046880:1053423]
dask setting up block trajectory[1053423:1059966]
dask setting up block trajectory[1059966:1066509]
dask setting up block trajectory[1066509:1073052]
dask setting up block trajectory[1073052:1079595]
dask setting up block trajectory[1079595:1086138]
dask setting up block trajectory[1086138:1092681]
dask setting up block trajectory[1092681:1099224]
dask setting up block trajectory[1099224:1105767]
dask setting up block trajectory[1105767:1112310]
dask setting up block trajectory[1112310:1118853]
dask setting up block trajectory[1118853:1125396]
dask setting up block trajectory[1125396:1131939]
dask setting up block trajectory[1131939:1138482]
dask setting up block trajectory[1138482:1145025]
dask setting up block trajectory[1145025:1151568]
dask setting up block trajectory[1151568:1158111]
dask setting up block trajectory[1158111:1164654]
dask setting up block trajectory[1164654:1171197]
dask setting up block trajectory[1171197:1177740]
dask setting up block trajectory[1177740:1184283]
dask setting up block trajectory[1184283:1190826]
dask setting up block trajectory[1190826:1197369]
dask setting up block trajectory[1197369:1203912]
dask setting up block trajectory[1203912:1210455]
dask setting up block trajectory[1210455:1216998]
dask setting up block trajectory[1216998:1223541]
dask setting up block trajectory[1223541:1230084]
dask setting up block trajectory[1230084:1236627]
dask setting up block trajectory[1236627:1243170]
dask setting up block trajectory[1243170:1249713]
dask setting up block trajectory[1249713:1256256]
<Universe with 3341 atoms and 3365 bonds>
frames in trajectory  1256100
1256100
setting up 192 blocks with 6543 frames each
dask setting up block trajectory[0:6543]
dask setting up block trajectory[6543:13086]
dask setting up block trajectory[13086:19629]
dask setting up block trajectory[19629:26172]
dask setting up block trajectory[26172:32715]
dask setting up block trajectory[32715:39258]
dask setting up block trajectory[39258:45801]
dask setting up block trajectory[45801:52344]
dask setting up block trajectory[52344:58887]
dask setting up block trajectory[58887:65430]
dask setting up block trajectory[65430:71973]
dask setting up block trajectory[71973:78516]
dask setting up block trajectory[78516:85059]
dask setting up block trajectory[85059:91602]
dask setting up block trajectory[91602:98145]
dask setting up block trajectory[98145:104688]
dask setting up block trajectory[104688:111231]
dask setting up block trajectory[111231:117774]
dask setting up block trajectory[117774:124317]
dask setting up block trajectory[124317:130860]
dask setting up block trajectory[130860:137403]
dask setting up block trajectory[137403:143946]
dask setting up block trajectory[143946:150489]
dask setting up block trajectory[150489:157032]
dask setting up block trajectory[157032:163575]
dask setting up block trajectory[163575:170118]
dask setting up block trajectory[170118:176661]
dask setting up block trajectory[176661:183204]
dask setting up block trajectory[183204:189747]
dask setting up block trajectory[189747:196290]
dask setting up block trajectory[196290:202833]
dask setting up block trajectory[202833:209376]
dask setting up block trajectory[209376:215919]
dask setting up block trajectory[215919:222462]
dask setting up block trajectory[222462:229005]
dask setting up block trajectory[229005:235548]
dask setting up block trajectory[235548:242091]
dask setting up block trajectory[242091:248634]
dask setting up block trajectory[248634:255177]
dask setting up block trajectory[255177:261720]
dask setting up block trajectory[261720:268263]
dask setting up block trajectory[268263:274806]
dask setting up block trajectory[274806:281349]
dask setting up block trajectory[281349:287892]
dask setting up block trajectory[287892:294435]
dask setting up block trajectory[294435:300978]
dask setting up block trajectory[300978:307521]
dask setting up block trajectory[307521:314064]
dask setting up block trajectory[314064:320607]
dask setting up block trajectory[320607:327150]
dask setting up block trajectory[327150:333693]
dask setting up block trajectory[333693:340236]
dask setting up block trajectory[340236:346779]
dask setting up block trajectory[346779:353322]
dask setting up block trajectory[353322:359865]
dask setting up block trajectory[359865:366408]
dask setting up block trajectory[366408:372951]
dask setting up block trajectory[372951:379494]
dask setting up block trajectory[379494:386037]
dask setting up block trajectory[386037:392580]
dask setting up block trajectory[392580:399123]
dask setting up block trajectory[399123:405666]
dask setting up block trajectory[405666:412209]
dask setting up block trajectory[412209:418752]
dask setting up block trajectory[418752:425295]
dask setting up block trajectory[425295:431838]
dask setting up block trajectory[431838:438381]
dask setting up block trajectory[438381:444924]
dask setting up block trajectory[444924:451467]
dask setting up block trajectory[451467:458010]
dask setting up block trajectory[458010:464553]
dask setting up block trajectory[464553:471096]
dask setting up block trajectory[471096:477639]
dask setting up block trajectory[477639:484182]
dask setting up block trajectory[484182:490725]
dask setting up block trajectory[490725:497268]
dask setting up block trajectory[497268:503811]
dask setting up block trajectory[503811:510354]
dask setting up block trajectory[510354:516897]
dask setting up block trajectory[516897:523440]
dask setting up block trajectory[523440:529983]
dask setting up block trajectory[529983:536526]
dask setting up block trajectory[536526:543069]
dask setting up block trajectory[543069:549612]
dask setting up block trajectory[549612:556155]
dask setting up block trajectory[556155:562698]
dask setting up block trajectory[562698:569241]
dask setting up block trajectory[569241:575784]
dask setting up block trajectory[575784:582327]
dask setting up block trajectory[582327:588870]
dask setting up block trajectory[588870:595413]
dask setting up block trajectory[595413:601956]
dask setting up block trajectory[601956:608499]
dask setting up block trajectory[608499:615042]
dask setting up block trajectory[615042:621585]
dask setting up block trajectory[621585:628128]
dask setting up block trajectory[628128:634671]
dask setting up block trajectory[634671:641214]
dask setting up block trajectory[641214:647757]
dask setting up block trajectory[647757:654300]
dask setting up block trajectory[654300:660843]
dask setting up block trajectory[660843:667386]
dask setting up block trajectory[667386:673929]
dask setting up block trajectory[673929:680472]
dask setting up block trajectory[680472:687015]
dask setting up block trajectory[687015:693558]
dask setting up block trajectory[693558:700101]
dask setting up block trajectory[700101:706644]
dask setting up block trajectory[706644:713187]
dask setting up block trajectory[713187:719730]
dask setting up block trajectory[719730:726273]
dask setting up block trajectory[726273:732816]
dask setting up block trajectory[732816:739359]
dask setting up block trajectory[739359:745902]
dask setting up block trajectory[745902:752445]
dask setting up block trajectory[752445:758988]
dask setting up block trajectory[758988:765531]
dask setting up block trajectory[765531:772074]
dask setting up block trajectory[772074:778617]
dask setting up block trajectory[778617:785160]
dask setting up block trajectory[785160:791703]
dask setting up block trajectory[791703:798246]
dask setting up block trajectory[798246:804789]
dask setting up block trajectory[804789:811332]
dask setting up block trajectory[811332:817875]
dask setting up block trajectory[817875:824418]
dask setting up block trajectory[824418:830961]
dask setting up block trajectory[830961:837504]
dask setting up block trajectory[837504:844047]
dask setting up block trajectory[844047:850590]
dask setting up block trajectory[850590:857133]
dask setting up block trajectory[857133:863676]
dask setting up block trajectory[863676:870219]
dask setting up block trajectory[870219:876762]
dask setting up block trajectory[876762:883305]
dask setting up block trajectory[883305:889848]
dask setting up block trajectory[889848:896391]
dask setting up block trajectory[896391:902934]
dask setting up block trajectory[902934:909477]
dask setting up block trajectory[909477:916020]
dask setting up block trajectory[916020:922563]
dask setting up block trajectory[922563:929106]
dask setting up block trajectory[929106:935649]
dask setting up block trajectory[935649:942192]
dask setting up block trajectory[942192:948735]
dask setting up block trajectory[948735:955278]
dask setting up block trajectory[955278:961821]
dask setting up block trajectory[961821:968364]
dask setting up block trajectory[968364:974907]
dask setting up block trajectory[974907:981450]
dask setting up block trajectory[981450:987993]
dask setting up block trajectory[987993:994536]
dask setting up block trajectory[994536:1001079]
dask setting up block trajectory[1001079:1007622]
dask setting up block trajectory[1007622:1014165]
dask setting up block trajectory[1014165:1020708]
dask setting up block trajectory[1020708:1027251]
dask setting up block trajectory[1027251:1033794]
dask setting up block trajectory[1033794:1040337]
dask setting up block trajectory[1040337:1046880]
dask setting up block trajectory[1046880:1053423]
dask setting up block trajectory[1053423:1059966]
dask setting up block trajectory[1059966:1066509]
dask setting up block trajectory[1066509:1073052]
dask setting up block trajectory[1073052:1079595]
dask setting up block trajectory[1079595:1086138]
dask setting up block trajectory[1086138:1092681]
dask setting up block trajectory[1092681:1099224]
dask setting up block trajectory[1099224:1105767]
dask setting up block trajectory[1105767:1112310]
dask setting up block trajectory[1112310:1118853]
dask setting up block trajectory[1118853:1125396]
dask setting up block trajectory[1125396:1131939]
dask setting up block trajectory[1131939:1138482]
dask setting up block trajectory[1138482:1145025]
dask setting up block trajectory[1145025:1151568]
dask setting up block trajectory[1151568:1158111]
dask setting up block trajectory[1158111:1164654]
dask setting up block trajectory[1164654:1171197]
dask setting up block trajectory[1171197:1177740]
dask setting up block trajectory[1177740:1184283]
dask setting up block trajectory[1184283:1190826]
dask setting up block trajectory[1190826:1197369]
dask setting up block trajectory[1197369:1203912]
dask setting up block trajectory[1203912:1210455]
dask setting up block trajectory[1210455:1216998]
dask setting up block trajectory[1216998:1223541]
dask setting up block trajectory[1223541:1230084]
dask setting up block trajectory[1230084:1236627]
dask setting up block trajectory[1236627:1243170]
dask setting up block trajectory[1243170:1249713]
dask setting up block trajectory[1249713:1256256]
<Universe with 3341 atoms and 3365 bonds>
frames in trajectory  1256100
1256100
setting up 192 blocks with 6543 frames each
dask setting up block trajectory[0:6543]
dask setting up block trajectory[6543:13086]
dask setting up block trajectory[13086:19629]
dask setting up block trajectory[19629:26172]
dask setting up block trajectory[26172:32715]
dask setting up block trajectory[32715:39258]
dask setting up block trajectory[39258:45801]
dask setting up block trajectory[45801:52344]
dask setting up block trajectory[52344:58887]
dask setting up block trajectory[58887:65430]
dask setting up block trajectory[65430:71973]
dask setting up block trajectory[71973:78516]
dask setting up block trajectory[78516:85059]
dask setting up block trajectory[85059:91602]
dask setting up block trajectory[91602:98145]
dask setting up block trajectory[98145:104688]
dask setting up block trajectory[104688:111231]
dask setting up block trajectory[111231:117774]
dask setting up block trajectory[117774:124317]
dask setting up block trajectory[124317:130860]
dask setting up block trajectory[130860:137403]
dask setting up block trajectory[137403:143946]
dask setting up block trajectory[143946:150489]
dask setting up block trajectory[150489:157032]
dask setting up block trajectory[157032:163575]
dask setting up block trajectory[163575:170118]
dask setting up block trajectory[170118:176661]
dask setting up block trajectory[176661:183204]
dask setting up block trajectory[183204:189747]
dask setting up block trajectory[189747:196290]
dask setting up block trajectory[196290:202833]
dask setting up block trajectory[202833:209376]
dask setting up block trajectory[209376:215919]
dask setting up block trajectory[215919:222462]
dask setting up block trajectory[222462:229005]
dask setting up block trajectory[229005:235548]
dask setting up block trajectory[235548:242091]
dask setting up block trajectory[242091:248634]
dask setting up block trajectory[248634:255177]
dask setting up block trajectory[255177:261720]
dask setting up block trajectory[261720:268263]
dask setting up block trajectory[268263:274806]
dask setting up block trajectory[274806:281349]
dask setting up block trajectory[281349:287892]
dask setting up block trajectory[287892:294435]
dask setting up block trajectory[294435:300978]
dask setting up block trajectory[300978:307521]
dask setting up block trajectory[307521:314064]
dask setting up block trajectory[314064:320607]
dask setting up block trajectory[320607:327150]
dask setting up block trajectory[327150:333693]
dask setting up block trajectory[333693:340236]
dask setting up block trajectory[340236:346779]
dask setting up block trajectory[346779:353322]
dask setting up block trajectory[353322:359865]
dask setting up block trajectory[359865:366408]
dask setting up block trajectory[366408:372951]
dask setting up block trajectory[372951:379494]
dask setting up block trajectory[379494:386037]
dask setting up block trajectory[386037:392580]
dask setting up block trajectory[392580:399123]
dask setting up block trajectory[399123:405666]
dask setting up block trajectory[405666:412209]
dask setting up block trajectory[412209:418752]
dask setting up block trajectory[418752:425295]
dask setting up block trajectory[425295:431838]
dask setting up block trajectory[431838:438381]
dask setting up block trajectory[438381:444924]
dask setting up block trajectory[444924:451467]
dask setting up block trajectory[451467:458010]
dask setting up block trajectory[458010:464553]
dask setting up block trajectory[464553:471096]
dask setting up block trajectory[471096:477639]
dask setting up block trajectory[477639:484182]
dask setting up block trajectory[484182:490725]
dask setting up block trajectory[490725:497268]
dask setting up block trajectory[497268:503811]
dask setting up block trajectory[503811:510354]
dask setting up block trajectory[510354:516897]
dask setting up block trajectory[516897:523440]
dask setting up block trajectory[523440:529983]
dask setting up block trajectory[529983:536526]
dask setting up block trajectory[536526:543069]
dask setting up block trajectory[543069:549612]
dask setting up block trajectory[549612:556155]
dask setting up block trajectory[556155:562698]
dask setting up block trajectory[562698:569241]
dask setting up block trajectory[569241:575784]
dask setting up block trajectory[575784:582327]
dask setting up block trajectory[582327:588870]
dask setting up block trajectory[588870:595413]
dask setting up block trajectory[595413:601956]
dask setting up block trajectory[601956:608499]
dask setting up block trajectory[608499:615042]
dask setting up block trajectory[615042:621585]
dask setting up block trajectory[621585:628128]
dask setting up block trajectory[628128:634671]
dask setting up block trajectory[634671:641214]
dask setting up block trajectory[641214:647757]
dask setting up block trajectory[647757:654300]
dask setting up block trajectory[654300:660843]
dask setting up block trajectory[660843:667386]
dask setting up block trajectory[667386:673929]
dask setting up block trajectory[673929:680472]
dask setting up block trajectory[680472:687015]
dask setting up block trajectory[687015:693558]
dask setting up block trajectory[693558:700101]
dask setting up block trajectory[700101:706644]
dask setting up block trajectory[706644:713187]
dask setting up block trajectory[713187:719730]
dask setting up block trajectory[719730:726273]
dask setting up block trajectory[726273:732816]
dask setting up block trajectory[732816:739359]
dask setting up block trajectory[739359:745902]
dask setting up block trajectory[745902:752445]
dask setting up block trajectory[752445:758988]
dask setting up block trajectory[758988:765531]
dask setting up block trajectory[765531:772074]
dask setting up block trajectory[772074:778617]
dask setting up block trajectory[778617:785160]
dask setting up block trajectory[785160:791703]
dask setting up block trajectory[791703:798246]
dask setting up block trajectory[798246:804789]
dask setting up block trajectory[804789:811332]
dask setting up block trajectory[811332:817875]
dask setting up block trajectory[817875:824418]
dask setting up block trajectory[824418:830961]
dask setting up block trajectory[830961:837504]
dask setting up block trajectory[837504:844047]
dask setting up block trajectory[844047:850590]
dask setting up block trajectory[850590:857133]
dask setting up block trajectory[857133:863676]
dask setting up block trajectory[863676:870219]
dask setting up block trajectory[870219:876762]
dask setting up block trajectory[876762:883305]
dask setting up block trajectory[883305:889848]
dask setting up block trajectory[889848:896391]
dask setting up block trajectory[896391:902934]
dask setting up block trajectory[902934:909477]
dask setting up block trajectory[909477:916020]
dask setting up block trajectory[916020:922563]
dask setting up block trajectory[922563:929106]
dask setting up block trajectory[929106:935649]
dask setting up block trajectory[935649:942192]
dask setting up block trajectory[942192:948735]
dask setting up block trajectory[948735:955278]
dask setting up block trajectory[955278:961821]
dask setting up block trajectory[961821:968364]
dask setting up block trajectory[968364:974907]
dask setting up block trajectory[974907:981450]
dask setting up block trajectory[981450:987993]
dask setting up block trajectory[987993:994536]
dask setting up block trajectory[994536:1001079]
dask setting up block trajectory[1001079:1007622]
dask setting up block trajectory[1007622:1014165]
dask setting up block trajectory[1014165:1020708]
dask setting up block trajectory[1020708:1027251]
dask setting up block trajectory[1027251:1033794]
dask setting up block trajectory[1033794:1040337]
dask setting up block trajectory[1040337:1046880]
dask setting up block trajectory[1046880:1053423]
dask setting up block trajectory[1053423:1059966]
dask setting up block trajectory[1059966:1066509]
dask setting up block trajectory[1066509:1073052]
dask setting up block trajectory[1073052:1079595]
dask setting up block trajectory[1079595:1086138]
dask setting up block trajectory[1086138:1092681]
dask setting up block trajectory[1092681:1099224]
dask setting up block trajectory[1099224:1105767]
dask setting up block trajectory[1105767:1112310]
dask setting up block trajectory[1112310:1118853]
dask setting up block trajectory[1118853:1125396]
dask setting up block trajectory[1125396:1131939]
dask setting up block trajectory[1131939:1138482]
dask setting up block trajectory[1138482:1145025]
dask setting up block trajectory[1145025:1151568]
dask setting up block trajectory[1151568:1158111]
dask setting up block trajectory[1158111:1164654]
dask setting up block trajectory[1164654:1171197]
dask setting up block trajectory[1171197:1177740]
dask setting up block trajectory[1177740:1184283]
dask setting up block trajectory[1184283:1190826]
dask setting up block trajectory[1190826:1197369]
dask setting up block trajectory[1197369:1203912]
dask setting up block trajectory[1203912:1210455]
dask setting up block trajectory[1210455:1216998]
dask setting up block trajectory[1216998:1223541]
dask setting up block trajectory[1223541:1230084]
dask setting up block trajectory[1230084:1236627]
dask setting up block trajectory[1236627:1243170]
dask setting up block trajectory[1243170:1249713]
dask setting up block trajectory[1249713:1256256]
