--------------------------------------
Running PBS prologue script
--------------------------------------
User and Job Data:
--------------------------------------
Job ID:    273561.smic3
Username:  iparaske
Group:     xsede
Date:      17-May-2017 10:07
Node:      smic250 (100992)
--------------------------------------
PBS has allocated the following nodes:

smic250
smic287
smic290
smic292
smic293

A total of 100 processors on 5 nodes allocated
---------------------------------------------
Check nodes and clean them of stray processes
---------------------------------------------
Checking node smic250 10:08:01 
Checking node smic287 10:08:03 
Checking node smic290 10:08:05 
Checking node smic292 10:08:08 
Checking node smic293 10:08:10 
Done clearing all the allocated nodes
------------------------------------------------------
Concluding PBS prologue script - 17-May-2017 10:08:10
------------------------------------------------------
# -------------------------------------------------------------------
# bootstrap_1 running on host: smic250.
# bootstrap_1 started as     : 'bootstrap_1.sh -d radical.utils-0.45.tar.gz:saga-python-0.45.1.tar.gz:radical.pilot-0.45.3.tar.gz -m create -p pilot.0000 -r local -s SupSpColAlO_131Kn_64_1024_3 -v /work/iparaske/radical.pilot.sandbox/ve_supermic -b anaconda -a multicore -e module load python/2.7.13-anaconda-tensorflow'
# Environment of bootstrap_1 process:
#
#
# -------------------------------------------------------------------
BASH_FUNC_module()=() {  eval `/usr/local/packages/Modules/$MODULE_VERSION/bin/modulecmd bash $*`
_=/bin/env
CPATH=/usr/local/packages/mvapich2/2.0/INTEL-14.0.2/include:/usr/local/compilers/Intel/cluster_studio_xe_2013.1.046/composer_xe_2013_sp1.2.144/mkl/include:/usr/local/compilers/Intel/cluster_studio_xe_2013.1.046/composer_xe_2013_sp1.2.144/tbb/include
CUDA_NIC_INTEROP=1
CUE_CLUSTER_HOME=/home/iparaske
CUE_CLUSTER_SCRATCH=/work/iparaske
CUE_CLUSTER_WORK=/work/iparaske
CUE_DOCS=http://portal.xsede.org/lsu-supermic
CUE_HOME=/home/iparaske
CUE_HOME_TYPE=nfs-4.1
CUE_HOSTNAME=smic1.hpc.lsu.edu
CUE_NODE_SCRATCH_TYPE=lustre-2.5.1
CUE_NODE_SCRATCH=/work/iparaske
CUE_PROMPT_HOST=smic1
CUE_RESOURCE_ID=supermic.cct-lsu.xsede.org
CUE_SCRATCH_TYPE=lustre-2.5.1
CUE_SCRATCH=/work/iparaske
CUE_WORK_TYPE=lustre-2.5.1
CUE_WORK=/work/iparaske
CVS_RSH=ssh
ENVIRONMENT=BATCH
G_BROKEN_FILENAMES=1
GLOBUS_HOSTNAME=smic1.hpc.lsu.edu
GLOBUS_LOCATION=/usr/local/packages/xsede/globus-client-xsede-6.0
GLOBUS_PATH=/usr/local/packages/xsede/globus-client-xsede-6.0
GLOBUS_TCP_PORT_RANGE=50000,51000
HISTCONTROL=ignoredups
HISTSIZE=1000
HOME=/home/iparaske
HOSTNAME=smic250
INTEL_LICENSE_FILE=/usr/local/compilers/Intel:/usr/local/compilers/Intel/intel_fc_10.1/licenses
JAVA_BINDIR=/usr/lib/jvm/java-1.7.0/bin
JAVA_HOME=/usr/lib/jvm/java-1.7.0
JAVA_ROOT=/usr/lib/jvm/java-1.7.0
JDK_HOME=/usr/lib/jvm/java-1.7.0
JRE_HOME=/usr/lib/jvm/java-1.7.0/jre
LANG=en_US.UTF-8
LANGUAGE_TERRITORY=en_US
LD_INCLUDE_PATH=/usr/local/compilers/Intel/cluster_studio_xe_2013.1.046/composer_xe_2013_sp1.2.144/mkl/include
LD_LIBRARY_PATH=/usr/local/packages/xsede/perl/lib:/usr/local/packages/xsede/globus-5.0.4-r1/lib:/usr/local/packages/xsede/globus-client-xsede-6.0/usr/lib64:/usr/local/packages/mvapich2/2.0/INTEL-14.0.2/lib:/usr/local/packages/xsede/gsi-openssh-5.3/lib:/usr/local/packages/xsede/gsi-openssh-5.3/lib:/usr/local/compilers/Intel/cluster_studio_xe_2013.1.046/composer_xe_2013_sp1.2.144/compiler/lib/intel64:/usr/local/compilers/Intel/cluster_studio_xe_2013.1.046/composer_xe_2013_sp1.2.144/mkl/lib/intel64
LESSOPEN=||/usr/bin/lesspipe.sh %s
LHPC_DEVELMVAPICH2=/usr/local/packages/mvapich2/2.0/INTEL-14.0.2/easybuild/mvapich2-2.0-INTEL-14.0.2-easybuild-devel
LHPC_ROOTMVAPICH2=/usr/local/packages/mvapich2/2.0/INTEL-14.0.2
LHPC_ROOTPERL=/usr/local/packages/xsede/perl
LHPC_VERSIONMVAPICH2=2.0
LHPC_VERSIONPERL=5.22.0
LIBPATH=/usr/local/packages/xsede/apache-ant-1.9.4/lib:/usr/local/packages/xsede/globus-client-xsede-6.0/usr/lib64:/usr/local/packages/xsede/gsi-openssh-5.3/lib:/usr/local/packages/xsede/gsi-openssh-5.3/lib:/usr/lib:/lib
LIBRARY_PATH=/usr/local/packages/xsede/perl/lib:/usr/local/packages/mvapich2/2.0/INTEL-14.0.2/lib:/usr/local/compilers/Intel/cluster_studio_xe_2013.1.046/composer_xe_2013_sp1.2.144/compiler/lib/intel64:/usr/local/compilers/Intel/cluster_studio_xe_2013.1.046/composer_xe_2013_sp1.2.144/mkl/lib/intel64
_LMFILES_=/usr/local/packages/Modules/modulefiles/apps/intel/14.0.2:/usr/local/packages/Modules/modulefiles/apps/mvapich2/2.0/INTEL-14.0.2:/usr/local/packages/Modules/modulefiles/xsede/gx-map/0.5.3.3-r1:/usr/local/packages/Modules/modulefiles/xsede/tgusage/3.0:/usr/local/packages/Modules/modulefiles/xsede/globus/6.0:/usr/local/packages/Modules/modulefiles/xsede/tginfo/1.1.4:/usr/local/packages/Modules/modulefiles/xsede/ant/1.9.4:/usr/local/packages/Modules/modulefiles/xsede/java/1.7.0:/usr/local/packages/Modules/modulefiles/xsede/uberftp/2.6:/usr/local/packages/Modules/modulefiles/xsede/unicore/6.6.0:/usr/local/packages/Modules/modulefiles/xsede/perl/5.22.0:/usr/local/packages/Modules/modulefiles/xsede/xdresourceid/1.0:/usr/local/packages/Modules/modulefiles/xsede/xdusage/2.0-3:/usr/local/packages/Modules/modulefiles/xsede/xdinfo/1.3-1:/usr/local/packages/Modules/modulefiles/xsede/xsede/1.1
LM_LICENSE_FILE=/usr/local/compilers/pgi/license.dat
LOADEDMODULES=intel/14.0.2:mvapich2/2.0/INTEL-14.0.2:gx-map/0.5.3.3-r1:tgusage/3.0:globus/6.0:tginfo/1.1.4:ant/1.9.4:java/1.7.0:uberftp/2.6:unicore/6.6.0:perl/5.22.0:xdresourceid/1.0:xdusage/2.0-3:xdinfo/1.3-1:xsede/1.1
LOGNAME=iparaske
LS_COLORS=rs=0:di=01;34:ln=01;36:mh=00:pi=40;33:so=01;35:do=01;35:bd=40;33;01:cd=40;33;01:or=40;31;01:mi=01;05;37;41:su=37;41:sg=30;43:ca=30;41:tw=30;42:ow=34;42:st=37;44:ex=01;32:*.tar=01;31:*.tgz=01;31:*.arj=01;31:*.taz=01;31:*.lzh=01;31:*.lzma=01;31:*.tlz=01;31:*.txz=01;31:*.zip=01;31:*.z=01;31:*.Z=01;31:*.dz=01;31:*.gz=01;31:*.lz=01;31:*.xz=01;31:*.bz2=01;31:*.tbz=01;31:*.tbz2=01;31:*.bz=01;31:*.tz=01;31:*.deb=01;31:*.rpm=01;31:*.jar=01;31:*.rar=01;31:*.ace=01;31:*.zoo=01;31:*.cpio=01;31:*.7z=01;31:*.rz=01;31:*.jpg=01;35:*.jpeg=01;35:*.gif=01;35:*.bmp=01;35:*.pbm=01;35:*.pgm=01;35:*.ppm=01;35:*.tga=01;35:*.xbm=01;35:*.xpm=01;35:*.tif=01;35:*.tiff=01;35:*.png=01;35:*.svg=01;35:*.svgz=01;35:*.mng=01;35:*.pcx=01;35:*.mov=01;35:*.mpg=01;35:*.mpeg=01;35:*.m2v=01;35:*.mkv=01;35:*.ogm=01;35:*.mp4=01;35:*.m4v=01;35:*.mp4v=01;35:*.vob=01;35:*.qt=01;35:*.nuv=01;35:*.wmv=01;35:*.asf=01;35:*.rm=01;35:*.rmvb=01;35:*.flc=01;35:*.avi=01;35:*.fli=01;35:*.flv=01;35:*.gl=01;35:*.dl=01;35:*.xcf=01;35:*.xwd=01;35:*.yuv=01;35:*.cgm=01;35:*.emf=01;35:*.axv=01;35:*.anx=01;35:*.ogv=01;35:*.ogx=01;35:*.aac=01;36:*.au=01;36:*.flac=01;36:*.mid=01;36:*.midi=01;36:*.mka=01;36:*.mp3=01;36:*.mpc=01;36:*.ogg=01;36:*.ra=01;36:*.wav=01;36:*.axa=01;36:*.oga=01;36:*.spx=01;36:*.xspf=01;36:
MAIL=/var/spool/mail/iparaske
MANPATH=/usr/local/packages/xsede/xdusage/xdusage-2.0-3/share/man/man1:/usr/local/packages/xsede/xdresourceid-1.0-2/man:/usr/local/packages/xsede/perl/man:/usr/local/packages/xsede/uberftp-2.6/man:/usr/local/packages/xsede/globus-client-xsede-6.0/usr/share/man:/usr/local/packages/xsede/gx-map-0.5.3.3-r1/man:/usr/local/packages/mvapich2/2.0/INTEL-14.0.2/share/man:/usr/local/compilers/pgi/linux86-64/man:/usr/local/compilers/Intel/cluster_studio_xe_2013.1.046/composer_xe_2013_sp1.2.144/man/en_US:/usr/local/compilers/Intel/cluster_studio_xe_2013.1.046/composer_xe_2013_sp1.2.144/man/en_US:/usr/local/compilers/pgi/linux86-64/man:/usr/local/compilers/pgi/linux86-64/man
MIC_LD_LIBRARY_PATH=/usr/local/compilers/Intel/cluster_studio_xe_2013.1.046/composer_xe_2013_sp1.2.144/compiler/lib/mic:/usr/local/compilers/Intel/cluster_studio_xe_2013.1.046/composer_xe_2013_sp1.2.144/mkl/lib/mic
MKLROOT=/usr/local/compilers/Intel/cluster_studio_xe_2013.1.046/composer_xe_2013_sp1.2.144/mkl
MOABHOMEDIR=/usr/moab
MODULEPATH=/usr/local/packages/Modules/modulefiles/apps:/usr/local/packages/Modules/modulefiles/admin:/usr/local/packages/Modules/modulefiles/xsede
_MODULESBEGINENV_=/home/iparaske/.modulesbeginenv
MODULESHOME=/usr/local/packages/Modules/3.2.10
MODULE_VERSION=3.2.10
MODULE_VERSION_STACK=3.2.10
MV2_IBA_HCA=mlx4_0
MYPROXY_SERVER=myproxy.xsede.org
NLSPATH=/usr/local/compilers/Intel/cluster_studio_xe_2013.1.046/composer_xe_2013_sp1.2.144/compiler/lib/intel64/locale/en_US:/usr/local/compilers/Intel/cluster_studio_xe_2013.1.046/composer_xe_2013_sp1.2.144/mkl/lib/intel64/locale/en_US
PATH=/work/iparaske/miniconda2/bin:/work/iparaske/htop-1.0.2:/work/iparaske/miniconda2/bin:/work/iparaske/htop-1.0.2:/work/iparaske/miniconda2/bin:/work/iparaske/htop-1.0.2:/usr/lib64/qt-3.3/bin:/usr/local/packages/xsede/xdinfo-1.3-1/bin:/usr/local/packages/xsede/xdusage/xdusage-2.0-3:/usr/local/packages/xsede/xdresourceid-1.0-2/bin:/usr/local/packages/xsede/perl/bin:/usr/local/packages/xsede/unicore/ucc-6.6.0/bin:/usr/local/packages/xsede/uberftp-2.6/bin:/usr/lib/jvm/java-1.7.0/bin:/usr/lib/jvm/java-1.7.0/jre/bin:/usr/local/packages/xsede/apache-ant-1.9.4/bin:/usr/local/packages/xsede/tginfo-1.1.4-r1/bin:/usr/local/packages/xsede/globus-client-xsede-6.0/usr/bin:/usr/local/packages/xsede/tgusage-3.0-r3/bin:/usr/local/packages/xsede/gx-map-0.5.3.3-r1/bin:/usr/local/packages/mvapich2/2.0/INTEL-14.0.2/bin:/usr/local/bin:/bin:/usr/bin:/usr/local/packages/xsede/gsi-openssh-5.3/bin:/usr/local/sbin:/usr/sbin:/sbin:/usr/local/bin:/usr/local/compilers/pgi/linux86-64/6.1/bin:/usr/local/compilers/Intel/cluster_studio_xe_2013.1.046/composer_xe_2013_sp1.2.144/bin/intel64:/opt/ibutils/bin:/opt/dell/srvadmin/bin:/home/iparaske/bin:/usr/local/compilers/pgi/linux86-64/6.1/bin:/home/iparaske/bin:/usr/local/compilers/pgi/linux86-64/6.1/bin:/home/iparaske/bin
PBS_ENVIRONMENT=PBS_BATCH
PBS_GPUFILE=/var/spool/torque/aux//273561.smic3gpu
PBS_JOBCOOKIE=C0BD28CC904681279DC99E28B555AA54
PBS_JOBID=273561.smic3
PBS_JOBNAME=SAGA-Python-TORQUEJobScript.JkFum7
PBS_MOMPORT=15003
PBS_NODEFILE=/var/spool/torque/aux//273561.smic3
PBS_NODENUM=0
PBS_NP=100
PBS_NUM_NODES=5
PBS_NUM_PPN=20
PBS_O_HOME=/home/iparaske
PBS_O_HOST=smic1
PBS_O_LANG=en_US.UTF-8
PBS_O_LOGNAME=iparaske
PBS_O_MAIL=/var/spool/mail/iparaske
PBS_O_PATH=/work/iparaske/miniconda2/bin:/work/iparaske/htop-1.0.2:/usr/lib64/qt-3.3/bin:/usr/local/packages/xsede/xdinfo-1.3-1/bin:/usr/local/packages/xsede/xdusage/xdusage-2.0-3:/usr/local/packages/xsede/xdresourceid-1.0-2/bin:/usr/local/packages/xsede/perl/bin:/usr/local/packages/xsede/unicore/ucc-6.6.0/bin:/usr/local/packages/xsede/uberftp-2.6/bin:/usr/lib/jvm/java-1.7.0/bin:/usr/lib/jvm/java-1.7.0/jre/bin:/usr/local/packages/xsede/apache-ant-1.9.4/bin:/usr/local/packages/xsede/tginfo-1.1.4-r1/bin:/usr/local/packages/xsede/globus-client-xsede-6.0/usr/bin:/usr/local/packages/xsede/tgusage-3.0-r3/bin:/usr/local/packages/xsede/gx-map-0.5.3.3-r1/bin:/usr/local/packages/mvapich2/2.0/INTEL-14.0.2/bin:/usr/local/bin:/bin:/usr/bin:/usr/local/packages/xsede/gsi-openssh-5.3/bin:/usr/local/sbin:/usr/sbin:/sbin:/usr/local/bin:/usr/local/compilers/pgi/linux86-64/6.1/bin:/usr/local/compilers/Intel/cluster_studio_xe_2013.1.046/composer_xe_2013_sp1.2.144/bin/intel64:/opt/ibutils/bin:/opt/dell/srvadmin/bin:/home/iparaske/bin
PBS_O_QUEUE=workq
PBS_O_SHELL=/bin/bash
PBS_O_WORKDIR=/work/iparaske/radical.pilot.sandbox/SupSpColAlO_131Kn_64_1024_3-pilot.0000
PBS_QUEUE=workq
PBS_SERVER=smic3
PBS_TASKNUM=1
PBS_VERSION=TORQUE-3.0.6
PBS_VNODENUM=0
PBS_WALLTIME=3600
PGI=/usr/local/compilers/pgi
PKG_CONFIG_PATH=/usr/local/packages/mvapich2/2.0/INTEL-14.0.2/lib/pkgconfig
PWD=/work/iparaske/radical.pilot.sandbox/SupSpColAlO_131Kn_64_1024_3-pilot.0000
QTDIR=/usr/lib64/qt-3.3
QTINC=/usr/lib64/qt-3.3/include
QTLIB=/usr/lib64/qt-3.3/lib
RSHCOMMAND=/usr/bin/ssh
SAGA_PPN=20
SDK_HOME=/usr/lib/jvm/java-1.7.0
SHELL=/bin/bash
SHLIB_PATH=/usr/local/packages/xsede/globus-client-xsede-6.0/usr/lib64:/usr/local/packages/xsede/gsi-openssh-5.3/lib:/usr/local/packages/xsede/gsi-openssh-5.3/lib
SHLVL=5
SSH_ASKPASS=/usr/libexec/openssh/gnome-ssh-askpass
SSH_CLIENT=149.165.172.81 55046 2222
SSH_CONNECTION=149.165.172.81 55046 204.90.40.21 2222
SSH_TTY=/dev/pts/22
TERM=vt100
TG_APPS_PREFIX=/usr/local/packages/xsede
TG_CLUSTER_HOME=/home/iparaske
TG_CLUSTER_LUSTRE=/work/iparaske
TG_CLUSTER_PFS=/work/iparaske
TG_CLUSTER_SCRATCH=/work/iparaske
TG_COMMUNITY=/usr/local/packages/xsede
TG_EXAMPLES=/usr/local/packages/xsede
TG_NODE_SCRATCH=/var/scratch
USER=iparaske
X509_USER_PROXY=/tmp/x509up_p23182.filehdGKKS.1
XDUSAGE_INSTALL_DIR=/usr/local/packages/xsede/xdusage/xdusage-2.0-3
# -------------------------------------------------------------------

# -------------------------------------------------------------------
#
# Running pre_bootstrap_1 command
# cmd: module load python/2.7.13-anaconda-tensorflow
#
#
# SUCCESS
#
# -------------------------------------------------------------------
# -------------------------------------------------------------------
# Touching output tarballs
# -------------------------------------------------------------------
VIRTENV : /work/iparaske/radical.pilot.sandbox/ve_supermic
VIRTENV : /worka/work/iparaske/radical.pilot.sandbox/ve_supermic (normalized)
PYTHON: /usr/local/packages/python/2.7.13-anaconda/bin/python
PIP   : /usr/local/packages/python/2.7.13-anaconda/bin/pip
virtenv_create   : TRUE
virtenv_update   : FALSE
rp install sources:  radical.utils-0.45/ saga-python-0.45.1/ radical.pilot-0.45.3/
rp install target : SANDBOX
rp install lock   : FALSE
virtenv /worka/work/iparaske/radical.pilot.sandbox/ve_supermic exists
PYTHON: /worka/work/iparaske/radical.pilot.sandbox/ve_supermic/bin/python
PIP   : /worka/work/iparaske/radical.pilot.sandbox/ve_supermic/bin/pip
PYTHON INTERPRETER: /worka/work/iparaske/radical.pilot.sandbox/ve_supermic/bin/python
PYTHON_VERSION    : 2.7
VE_MOD_PREFIX     : /worka/work/iparaske/radical.pilot.sandbox/ve_supermic/lib/python2.7/site-packages
PIP installer     : /worka/work/iparaske/radical.pilot.sandbox/ve_supermic/bin/pip
PIP version       : pip 9.0.1 from /usr/local/packages/python/2.7.13-anaconda/lib/python2.7/site-packages (python 2.7)
activated virtenv
VIRTENV      : /worka/work/iparaske/radical.pilot.sandbox/ve_supermic
VE_MOD_PREFIX: /worka/work/iparaske/radical.pilot.sandbox/ve_supermic/lib/python2.7/site-packages
RP_MOD_PREFIX: /worka/work/iparaske/radical.pilot.sandbox/ve_supermic/rp_install/lib/python2.7/site-packages
PYTHONPATH   : /worka/work/iparaske/radical.pilot.sandbox/ve_supermic/lib/python2.7/site-packages:/usr/local/packages/python/2.7.13-anaconda/lib/python2.7/site-packages
do not update virtenv /worka/work/iparaske/radical.pilot.sandbox/ve_supermic
Using RADICAL-Pilot install sources ' radical.utils-0.45/ saga-python-0.45.1/ radical.pilot-0.45.3/'
VE_MOD_PREFIX: /worka/work/iparaske/radical.pilot.sandbox/ve_supermic/lib/python2.7/site-packages
VIRTENV      : /worka/work/iparaske/radical.pilot.sandbox/ve_supermic
SANDBOX      : /work/iparaske/radical.pilot.sandbox/SupSpColAlO_131Kn_64_1024_3-pilot.0000
VE_LOC_PREFIX: 
using local install tree
PYTHONPATH: /work/iparaske/radical.pilot.sandbox/SupSpColAlO_131Kn_64_1024_3-pilot.0000/rp_install/lib/python2.7/site-packages::/usr/local/packages/python/2.7.13-anaconda/lib/python2.7/site-packages
rp_install: /work/iparaske/radical.pilot.sandbox/SupSpColAlO_131Kn_64_1024_3-pilot.0000/rp_install/lib/python2.7/site-packages
radicalmod: /work/iparaske/radical.pilot.sandbox/SupSpColAlO_131Kn_64_1024_3-pilot.0000/rp_install/lib/python2.7/site-packages/radical/
created radical namespace in /work/iparaske/radical.pilot.sandbox/SupSpColAlO_131Kn_64_1024_3-pilot.0000/rp_install/lib/python2.7/site-packages/radical//__init__.py

# -------------------------------------------------------------------
#
# update radical.utils-0.45/ via pip
# cmd: /worka/work/iparaske/radical.pilot.sandbox/ve_supermic/bin/pip install  --src '/work/iparaske/radical.pilot.sandbox/SupSpColAlO_131Kn_64_1024_3-pilot.0000/rp_install/src' --build '/work/iparaske/radical.pilot.sandbox/SupSpColAlO_131Kn_64_1024_3-pilot.0000/rp_install/build' --install-option='--prefix=/work/iparaske/radical.pilot.sandbox/SupSpColAlO_131Kn_64_1024_3-pilot.0000/rp_install' radical.utils-0.45/
#
Processing ./radical.utils-0.45
Requirement already satisfied: colorama in /home/packages/python/2.7.13-anaconda/lib/python2.7/site-packages (from radical.utils==0.45)
Requirement already satisfied: netifaces==0.10.4 in /worka/work/iparaske/radical.pilot.sandbox/ve_supermic/lib/python2.7/site-packages (from radical.utils==0.45)
Skipping bdist_wheel for radical.utils, due to binaries being disabled for it.
Installing collected packages: radical.utils
  Running setup.py install for radical.utils: started
    Running setup.py install for radical.utils: finished with status 'done'
Successfully installed radical.utils
#
# SUCCESS
#
# -------------------------------------------------------------------

# -------------------------------------------------------------------
#
# update saga-python-0.45.1/ via pip
# cmd: /worka/work/iparaske/radical.pilot.sandbox/ve_supermic/bin/pip install  --src '/work/iparaske/radical.pilot.sandbox/SupSpColAlO_131Kn_64_1024_3-pilot.0000/rp_install/src' --build '/work/iparaske/radical.pilot.sandbox/SupSpColAlO_131Kn_64_1024_3-pilot.0000/rp_install/build' --install-option='--prefix=/work/iparaske/radical.pilot.sandbox/SupSpColAlO_131Kn_64_1024_3-pilot.0000/rp_install' saga-python-0.45.1/
#
Processing ./saga-python-0.45.1
Requirement already satisfied: apache-libcloud in /worka/work/iparaske/radical.pilot.sandbox/ve_supermic/lib/python2.7/site-packages/apache_libcloud-2.0.0-py2.7.egg (from saga-python==0.45.1)
Requirement already satisfied: radical.utils>=0.44 in ./rp_install/lib/python2.7/site-packages (from saga-python==0.45.1)
Requirement already satisfied: requests in /home/packages/python/2.7.13-anaconda/lib/python2.7/site-packages (from apache-libcloud->saga-python==0.45.1)
Requirement already satisfied: colorama in /home/packages/python/2.7.13-anaconda/lib/python2.7/site-packages (from radical.utils>=0.44->saga-python==0.45.1)
Requirement already satisfied: netifaces==0.10.4 in /worka/work/iparaske/radical.pilot.sandbox/ve_supermic/lib/python2.7/site-packages (from radical.utils>=0.44->saga-python==0.45.1)
Skipping bdist_wheel for saga-python, due to binaries being disabled for it.
Installing collected packages: saga-python
  Running setup.py install for saga-python: started
    Running setup.py install for saga-python: finished with status 'done'
Successfully installed saga-python
#
# SUCCESS
#
# -------------------------------------------------------------------

# -------------------------------------------------------------------
#
# update radical.pilot-0.45.3/ via pip
# cmd: /worka/work/iparaske/radical.pilot.sandbox/ve_supermic/bin/pip install  --src '/work/iparaske/radical.pilot.sandbox/SupSpColAlO_131Kn_64_1024_3-pilot.0000/rp_install/src' --build '/work/iparaske/radical.pilot.sandbox/SupSpColAlO_131Kn_64_1024_3-pilot.0000/rp_install/build' --install-option='--prefix=/work/iparaske/radical.pilot.sandbox/SupSpColAlO_131Kn_64_1024_3-pilot.0000/rp_install' radical.pilot-0.45.3/
#
Processing ./radical.pilot-0.45.3
Requirement already satisfied: saga-python>=0.44 in ./rp_install/lib/python2.7/site-packages (from radical.pilot==0.45.3)
Requirement already satisfied: radical.utils>=0.44 in ./rp_install/lib/python2.7/site-packages (from radical.pilot==0.45.3)
Requirement already satisfied: pymongo==2.8 in /worka/work/iparaske/radical.pilot.sandbox/ve_supermic/lib/python2.7/site-packages (from radical.pilot==0.45.3)
Requirement already satisfied: python-hostlist in /worka/work/iparaske/radical.pilot.sandbox/ve_supermic/lib/python2.7/site-packages (from radical.pilot==0.45.3)
Requirement already satisfied: netifaces==0.10.4 in /worka/work/iparaske/radical.pilot.sandbox/ve_supermic/lib/python2.7/site-packages (from radical.pilot==0.45.3)
Requirement already satisfied: setproctitle in /worka/work/iparaske/radical.pilot.sandbox/ve_supermic/lib/python2.7/site-packages (from radical.pilot==0.45.3)
Requirement already satisfied: ntplib in /worka/work/iparaske/radical.pilot.sandbox/ve_supermic/lib/python2.7/site-packages (from radical.pilot==0.45.3)
Requirement already satisfied: pyzmq in /home/packages/python/2.7.13-anaconda/lib/python2.7/site-packages (from radical.pilot==0.45.3)
Requirement already satisfied: apache-libcloud in /worka/work/iparaske/radical.pilot.sandbox/ve_supermic/lib/python2.7/site-packages/apache_libcloud-2.0.0-py2.7.egg (from saga-python>=0.44->radical.pilot==0.45.3)
Requirement already satisfied: colorama in /home/packages/python/2.7.13-anaconda/lib/python2.7/site-packages (from radical.utils>=0.44->radical.pilot==0.45.3)
Requirement already satisfied: requests in /home/packages/python/2.7.13-anaconda/lib/python2.7/site-packages (from apache-libcloud->saga-python>=0.44->radical.pilot==0.45.3)
Skipping bdist_wheel for radical.pilot, due to binaries being disabled for it.
Installing collected packages: radical.pilot
  Running setup.py install for radical.pilot: started
    Running setup.py install for radical.pilot: finished with status 'done'
Successfully installed radical.pilot
#
# SUCCESS
#
# -------------------------------------------------------------------

---------------------------------------------------------------------

 (/worka/work/iparaske/radical.pilot.sandbox/ve_supermic/bin/python)
PYTHONPATH: /work/iparaske/radical.pilot.sandbox/SupSpColAlO_131Kn_64_1024_3-pilot.0000/rp_install/lib/python2.7/site-packages::/usr/local/packages/python/2.7.13-anaconda/lib/python2.7/site-packages
utils :  0.45 /work/iparaske/radical.pilot.sandbox/SupSpColAlO_131Kn_64_1024_3-pilot.0000/rp_install/lib/python2.7/site-packages/radical/utils/__init__.pyc
saga  :  0.45.1 /work/iparaske/radical.pilot.sandbox/SupSpColAlO_131Kn_64_1024_3-pilot.0000/rp_install/lib/python2.7/site-packages/saga/__init__.pyc
pilot :  0.45.3 /work/iparaske/radical.pilot.sandbox/SupSpColAlO_131Kn_64_1024_3-pilot.0000/rp_install/lib/python2.7/site-packages/radical/pilot/__init__.pyc
install ok!

---------------------------------------------------------------------


# -------------------------------------------------------------------
# Launching radical-pilot-agent 
# CMDLINE: /worka/work/iparaske/radical.pilot.sandbox/ve_supermic/bin/python /work/iparaske/radical.pilot.sandbox/SupSpColAlO_131Kn_64_1024_3-pilot.0000/rp_install/bin/radical-pilot-agent-multicore.py

# -------------------------------------------------------------------
# CLEANUP: 
#
#
# -------------------------------------------------------------------

# -------------------------------------------------------------------
#
# Tarring logfiles ...
-rw-r--r-- 1 iparaske xsede 34301 May 17 10:09 pilot.0000.log.tgz
#
# -------------------------------------------------------------------

# -------------------------------------------------------------------
#
# Done, exiting!
#
# -------------------------------------------------------------------
------------------------------------------------------
Running PBS epilogue script    - 17-May-2017 10:09:24
------------------------------------------------------
Checking node smic250 (MS)
Checking node smic293 ok
Checking node smic292 ok
Checking node smic290 ok
Checking node smic287 ok
Checking node smic250 ok
------------------------------------------------------
Concluding PBS epilogue script - 17-May-2017 10:09:37
------------------------------------------------------
Exit Status:     1
Job ID:          273561.smic3
Username:        iparaske
Group:           xsede
Job Name:        SAGA-Python-TORQUEJobScript.JkFum7
Session Id:      100991
Resource Limits: ncpus=1,neednodes=5:ppn=20,nodes=5:ppn=20,walltime=01:00:00
Resources Used:  cput=00:00:39,mem=817836kb,vmem=14885992kb,walltime=00:01:15
Queue Used:      workq
Account String:  TG-MCB090174
Node:            smic250
Process id:      102583
------------------------------------------------------
