SCHEDULER: c251-101.wrangler.tacc.utexas.edu
c251-101
====-get to work-====
Iteration 1
Iteration 1 Dask, 1, Runtime, 0.0325
Iteration 1 Dask, 2, Runtime, 0.0315
Iteration 1 Dask, 4, Runtime, 0.0637
Iteration 1 Dask, 8, Runtime, 0.0636
Iteration 1 Dask, 16, Runtime, 0.0636
Iteration 1 Dask, 32, Runtime, 0.1138
Iteration 1 Dask, 64, Runtime, 0.1142
Iteration 1 Dask, 128, Runtime, 0.1644
Iteration 1 Dask, 256, Runtime, 0.2645
Iteration 1 Dask, 512, Runtime, 0.4670
Iteration 1 Dask, 1024, Runtime, 0.8218
Iteration 1 Dask, 2048, Runtime, 1.7230
Iteration 1 Dask, 4096, Runtime, 3.4331
Iteration 1 Dask, 8192, Runtime, 6.9128
Iteration 1 Dask, 16384, Runtime, 13.1484
Iteration 1 Dask, 32768, Runtime, 27.1511
Iteration 1 Dask, 65536, Runtime, 55.5669
Iteration 1 Dask, 131072, Runtime, 118.3791
Iteration 2
Iteration 2 Dask, 1, Runtime, 1.1158
Iteration 2 Dask, 2, Runtime, 0.0315
Iteration 2 Dask, 4, Runtime, 0.0635
Iteration 2 Dask, 8, Runtime, 0.0315
Iteration 2 Dask, 16, Runtime, 0.1137
Iteration 2 Dask, 32, Runtime, 0.0636
Iteration 2 Dask, 64, Runtime, 0.2148
Iteration 2 Dask, 128, Runtime, 0.1641
Iteration 2 Dask, 256, Runtime, 0.2649
Iteration 2 Dask, 512, Runtime, 0.4699
Iteration 2 Dask, 1024, Runtime, 0.9251
Iteration 2 Dask, 2048, Runtime, 1.7399
Iteration 2 Dask, 4096, Runtime, 4.1896
Iteration 2 Dask, 8192, Runtime, 7.5029
Iteration 2 Dask, 16384, Runtime, 14.6630
Iteration 2 Dask, 32768, Runtime, 27.7111
Iteration 2 Dask, 65536, Runtime, 54.8933
Iteration 2 Dask, 131072, Runtime, 109.2379
Iteration 3
Iteration 3 Dask, 1, Runtime, 1.1665
Iteration 3 Dask, 2, Runtime, 0.0316
Iteration 3 Dask, 4, Runtime, 0.0315
Iteration 3 Dask, 8, Runtime, 5.3252
Iteration 3 Dask, 16, Runtime, 0.0637
Iteration 3 Dask, 32, Runtime, 0.1138
Iteration 3 Dask, 64, Runtime, 0.1142
Iteration 3 Dask, 128, Runtime, 0.2151
Iteration 3 Dask, 256, Runtime, 1.3678
Iteration 3 Dask, 512, Runtime, 0.4685
Iteration 3 Dask, 1024, Runtime, 0.9253
Iteration 3 Dask, 2048, Runtime, 2.1462
Iteration 3 Dask, 4096, Runtime, 3.4019
Iteration 3 Dask, 8192, Runtime, 7.0075
Iteration 3 Dask, 16384, Runtime, 14.5973
Iteration 3 Dask, 32768, Runtime, 28.4659
Iteration 3 Dask, 65536, Runtime, 58.3809
Iteration 3 Dask, 131072, Runtime, 112.7132
Iteration 4
Iteration 4 Dask, 1, Runtime, 0.0323
Iteration 4 Dask, 2, Runtime, 0.0315
Iteration 4 Dask, 4, Runtime, 0.0636
Iteration 4 Dask, 8, Runtime, 0.0637
Iteration 4 Dask, 16, Runtime, 2.5694
Iteration 4 Dask, 32, Runtime, 0.1141
Iteration 4 Dask, 64, Runtime, 0.1652
Iteration 4 Dask, 128, Runtime, 0.1648
Iteration 4 Dask, 256, Runtime, 0.3665
Iteration 4 Dask, 512, Runtime, 0.5745
Iteration 4 Dask, 1024, Runtime, 0.9734
Iteration 4 Dask, 2048, Runtime, 1.8849
Iteration 4 Dask, 4096, Runtime, 4.9265
Iteration 4 Dask, 8192, Runtime, 6.9153
Iteration 4 Dask, 16384, Runtime, 15.2536
Iteration 4 Dask, 32768, Runtime, 27.7541
Iteration 4 Dask, 65536, Runtime, 59.4028
Iteration 4 Dask, 131072, Runtime, 114.3625
Iteration 5
Iteration 5 Dask, 1, Runtime, 1.2164
Iteration 5 Dask, 2, Runtime, 5.3248
Iteration 5 Dask, 4, Runtime, 0.0316
Iteration 5 Dask, 8, Runtime, 0.0640
Iteration 5 Dask, 16, Runtime, 0.0637
Iteration 5 Dask, 32, Runtime, 0.1142
Iteration 5 Dask, 64, Runtime, 0.1149
Iteration 5 Dask, 128, Runtime, 0.2148
Iteration 5 Dask, 256, Runtime, 0.3154
Iteration 5 Dask, 512, Runtime, 0.5220
Iteration 5 Dask, 1024, Runtime, 0.9844
Iteration 5 Dask, 2048, Runtime, 1.9303
Iteration 5 Dask, 4096, Runtime, 3.8960
Iteration 5 Dask, 8192, Runtime, 8.9068
Iteration 5 Dask, 16384, Runtime, 15.6646
Iteration 5 Dask, 32768, Runtime, 29.7148
Iteration 5 Dask, 65536, Runtime, 57.5072
Iteration 5 Dask, 131072, Runtime, 123.4190
Iteration 6
Iteration 6 Dask, 1, Runtime, 1.2660
Iteration 6 Dask, 2, Runtime, 0.0316
Iteration 6 Dask, 4, Runtime, 0.0316
Iteration 6 Dask, 8, Runtime, 0.0636
Iteration 6 Dask, 16, Runtime, 0.0636
Iteration 6 Dask, 32, Runtime, 0.1142
Iteration 6 Dask, 64, Runtime, 0.1652
Iteration 6 Dask, 128, Runtime, 0.2147
Iteration 6 Dask, 256, Runtime, 2.3728
Iteration 6 Dask, 512, Runtime, 0.5226
Iteration 6 Dask, 1024, Runtime, 0.9796
Iteration 6 Dask, 2048, Runtime, 1.8413
Iteration 6 Dask, 4096, Runtime, 3.6745
Iteration 6 Dask, 8192, Runtime, 7.3302
Iteration 6 Dask, 16384, Runtime, 15.8590
Iteration 6 Dask, 32768, Runtime, 31.9181
Iteration 6 Dask, 65536, Runtime, 62.7429
Iteration 6 Dask, 131072, Runtime, 121.3212
Iteration 7
Iteration 7 Dask, 1, Runtime, 1.4163
Iteration 7 Dask, 2, Runtime, 0.0315
Iteration 7 Dask, 4, Runtime, 0.0636
Iteration 7 Dask, 8, Runtime, 0.0637
Iteration 7 Dask, 16, Runtime, 0.1137
Iteration 7 Dask, 32, Runtime, 4.9724
Iteration 7 Dask, 64, Runtime, 0.2151
Iteration 7 Dask, 128, Runtime, 0.2164
Iteration 7 Dask, 256, Runtime, 0.4196
Iteration 7 Dask, 512, Runtime, 0.5662
Iteration 7 Dask, 1024, Runtime, 1.0335
Iteration 7 Dask, 2048, Runtime, 1.8557
Iteration 7 Dask, 4096, Runtime, 3.7333
Iteration 7 Dask, 8192, Runtime, 9.0365
Iteration 7 Dask, 16384, Runtime, 15.9854
Iteration 7 Dask, 32768, Runtime, 31.8539
Iteration 7 Dask, 65536, Runtime, 58.7159
Iteration 7 Dask, 131072, Runtime, 127.2839
Iteration 8
Iteration 8 Dask, 1, Runtime, 1.1656
Iteration 8 Dask, 2, Runtime, 0.0316
Iteration 8 Dask, 4, Runtime, 0.0315
Iteration 8 Dask, 8, Runtime, 0.0636
Iteration 8 Dask, 16, Runtime, 0.0636
Iteration 8 Dask, 32, Runtime, 0.1138
Iteration 8 Dask, 64, Runtime, 0.1643
Iteration 8 Dask, 128, Runtime, 0.2148
Iteration 8 Dask, 256, Runtime, 2.0672
Iteration 8 Dask, 512, Runtime, 0.5765
Iteration 8 Dask, 1024, Runtime, 0.9866
Iteration 8 Dask, 2048, Runtime, 1.8951
Iteration 8 Dask, 4096, Runtime, 3.5605
Iteration 8 Dask, 8192, Runtime, 7.5817
Iteration 8 Dask, 16384, Runtime, 16.4695
Iteration 8 Dask, 32768, Runtime, 30.9157
Iteration 8 Dask, 65536, Runtime, 60.4288
Iteration 8 Dask, 131072, Runtime, 131.3458
Iteration 9
Iteration 9 Dask, 1, Runtime, 1.2661
Iteration 9 Dask, 2, Runtime, 0.0320
Iteration 9 Dask, 4, Runtime, 0.0315
Iteration 9 Dask, 8, Runtime, 0.0637
Iteration 9 Dask, 16, Runtime, 0.0636
Iteration 9 Dask, 32, Runtime, 0.1138
Iteration 9 Dask, 64, Runtime, 0.1650
Iteration 9 Dask, 128, Runtime, 0.2650
Iteration 9 Dask, 256, Runtime, 0.4654
Iteration 9 Dask, 512, Runtime, 0.5756
Iteration 9 Dask, 1024, Runtime, 1.0340
Iteration 9 Dask, 2048, Runtime, 3.5067
Iteration 9 Dask, 4096, Runtime, 4.0306
Iteration 9 Dask, 8192, Runtime, 7.6228
Iteration 9 Dask, 16384, Runtime, 16.5131
Iteration 9 Dask, 32768, Runtime, 33.2234
Iteration 9 Dask, 65536, Runtime, 67.3146
Iteration 9 Dask, 131072, Runtime, 132.6089
Iteration 10
Iteration 10 Dask, 1, Runtime, 1.1659
Iteration 10 Dask, 2, Runtime, 0.0315
Iteration 10 Dask, 4, Runtime, 0.0316
Iteration 10 Dask, 8, Runtime, 0.0636
Iteration 10 Dask, 16, Runtime, 0.0637
Iteration 10 Dask, 32, Runtime, 0.1141
Iteration 10 Dask, 64, Runtime, 0.1651
Iteration 10 Dask, 128, Runtime, 0.2651
Iteration 10 Dask, 256, Runtime, 0.4197
Iteration 10 Dask, 512, Runtime, 0.5731
Iteration 10 Dask, 1024, Runtime, 1.1310
Iteration 10 Dask, 2048, Runtime, 1.9554
Iteration 10 Dask, 4096, Runtime, 3.8291
Iteration 10 Dask, 8192, Runtime, 9.5769
Iteration 10 Dask, 16384, Runtime, 16.8634
Iteration 10 Dask, 32768, Runtime, 34.6333
Iteration 10 Dask, 65536, Runtime, 66.6621
Iteration 10 Dask, 131072, Runtime, 133.5060
