TACC: Starting up job 7504862
TACC: Setting up parallel environment for MVAPICH2+mpispawn.
TACC: Starting parallel tasks...

CPPTRAJ: Trajectory Analysis. V16.00b MPI
    ___  ___  ___  ___
     | \/ | \/ | \/ | 
    _|_/\_|_/\_|_/\_|_

| Running on 32 threads
| Date/time: 08/17/16 10:03:00
| Available memory: 29.203 GB

INPUT: Reading input from 'cpptraj_ens.in'
  [parm /scratch/03170/tg824689/amber_test/utah_DNA/amber.utah.edu/DNA-dynamics/GAAC/Anton-data/GAAC3/GAAC.topo]
	Reading '/scratch/03170/tg824689/amber_test/utah_DNA/amber.utah.edu/DNA-dynamics/GAAC/Anton-data/GAAC3/GAAC.topo' as Amber Topology
  [ensemble /scratch/03170/tg824689/amber_test/utah_DNA/amber.utah.edu/DNA-dynamics/GAAC/Anton-data/GAAC3/GAAC3.dcd.1 1 20000 nosort trajnames /scratch/03170/tg824689/amber_test/utah_DNA/amber.utah.edu/DNA-dynamics/GAAC/Anton-data/GAAC3/GAAC3.dcd.2,/scratch/03170/tg824689/amber_test/utah_DNA/amber.utah.edu/DNA-dynamics/GAAC/Anton-data/GAAC3/GAAC3.dcd.3,/scratch/03170/tg824689/amber_test/utah_DNA/amber.utah.edu/DNA-dynamics/GAAC/Anton-data/GAAC3/GAAC3.dcd.4,/scratch/03170/tg824689/amber_test/utah_DNA/amber.utah.edu/DNA-dynamics/GAAC/Anton-data/GAAC3/GAAC3.dcd.5,/scratch/03170/tg824689/amber_test/utah_DNA/amber.utah.edu/DNA-dynamics/GAAC/Anton-data/GAAC3/GAAC3.dcd.6,/scratch/03170/tg824689/amber_test/utah_DNA/amber.utah.edu/DNA-dynamics/GAAC/Anton-data/GAAC3/GAAC3.dcd.7,/scratch/03170/tg824689/amber_test/utah_DNA/amber.utah.edu/DNA-dynamics/GAAC/Anton-data/GAAC3/GAAC3.dcd.8,/scratch/03170/tg824689/amber_test/utah_DNA/amber.utah.edu/DNA-dynamics/GAAC/Anton-data/GAAC3/GAAC3.dcd.9,/scratch/03170/tg824689/amber_test/utah_DNA/amber.utah.edu/DNA-dynamics/GAAC/Anton-data/GAAC3/GAAC3.dcd.10,/scratch/03170/tg824689/amber_test/utah_DNA/amber.utah.edu/DNA-dynamics/GAAC/Anton-data/GAAC3/GAAC3.dcd.11,/scratch/03170/tg824689/amber_test/utah_DNA/amber.utah.edu/DNA-dynamics/GAAC/Anton-data/GAAC3/GAAC3.dcd.12,/scratch/03170/tg824689/amber_test/utah_DNA/amber.utah.edu/DNA-dynamics/GAAC/Anton-data/GAAC3/GAAC3.dcd.13,/scratch/03170/tg824689/amber_test/utah_DNA/amber.utah.edu/DNA-dynamics/GAAC/Anton-data/GAAC3/GAAC3.dcd.14,/scratch/03170/tg824689/amber_test/utah_DNA/amber.utah.edu/DNA-dynamics/GAAC/Anton-data/GAAC3/GAAC3.dcd.15,/scratch/03170/tg824689/amber_test/utah_DNA/amber.utah.edu/DNA-dynamics/GAAC/Anton-data/GAAC3/GAAC3.dcd.16]
Warning: Ensemble setup efficiency in parallel is greatly
Warning:   improved via the 'ensemblesize' command.
	Reading '/scratch/03170/tg824689/amber_test/utah_DNA/amber.utah.edu/DNA-dynamics/GAAC/Anton-data/GAAC3/GAAC3.dcd.1' as Charmm DCD
Warning: Replica GAAC3.dcd.2 frames (20000) does not match # frames in first replica (20001).
Warning: Setting total # of frames to read from replica ensemble to 20000
Warning: Replica GAAC3.dcd.3 frames (20000) does not match # frames in first replica (20001).
Warning: Replica GAAC3.dcd.4 frames (20000) does not match # frames in first replica (20001).
Warning: Replica GAAC3.dcd.5 frames (20000) does not match # frames in first replica (20001).
Warning: Replica GAAC3.dcd.6 frames (20000) does not match # frames in first replica (20001).
Warning: Replica GAAC3.dcd.7 frames (20000) does not match # frames in first replica (20001).
Warning: Replica GAAC3.dcd.8 frames (20000) does not match # frames in first replica (20001).
Warning: Replica GAAC3.dcd.9 frames (20000) does not match # frames in first replica (20001).
Warning: Replica GAAC3.dcd.10 frames (20000) does not match # frames in first replica (20001).
Warning: Replica GAAC3.dcd.11 frames (20000) does not match # frames in first replica (20001).
Warning: Replica GAAC3.dcd.12 frames (20000) does not match # frames in first replica (20001).
Warning: Replica GAAC3.dcd.13 frames (20000) does not match # frames in first replica (20001).
Warning: Replica GAAC3.dcd.14 frames (20000) does not match # frames in first replica (20001).
Warning: Replica GAAC3.dcd.15 frames (20000) does not match # frames in first replica (20001).
Warning: Replica GAAC3.dcd.16 frames (20000) does not match # frames in first replica (20001).
  [rmsd first @H* out rsmd_exp_ens.dat]
    RMSD: (@H*), reference is first frame (@H*).
	Best-fit RMSD will be calculated, coords will be rotated and translated.
  [run]
---------- RUN BEGIN -------------------------------------------------

ENSEMBLE INFO:
  Ensemble size is 16

PARAMETER FILES (1 total):
 0: GAAC.topo, 58329 atoms, 19202 res, box: Orthogonal, 19168 mol, 19012 solvent

INPUT ENSEMBLES (1 total):
 0: Trajectory ensemble (16 total), lowest replica 'GAAC3.dcd.1' (reading 20000 of 20000)
	Not sorting ensemble.
  Coordinate processing will occur on 20000 frames.

PARALLEL INFO:
  2 threads per ensemble member.
  Thread 0 will process 10000 frames.
  Thread 1 will process 10000 frames.
.....................................................
ACTION SETUP FOR PARM 'GAAC.topo' (1 actions):
  0: [rmsd first @H* out rsmd_exp_ens.dat]
	Target mask: [@H*](38431)
	Reference mask: [@H*](38431)
Warning: Coordinates are being rotated and box coordinates are present.
Warning: Unit cell vectors are NOT rotated; imaging will not be possible
Warning:  after the RMS-fit is performed.

BEGIN PARALLEL ENSEMBLE PROCESSING:
 0% 10% 20% 30% 40% 50% 60% 70% 80% 90% 100% Complete.
TIME: Member    0 ranks FPS=   114.32   130.30
TIME: Member    1 ranks FPS=   121.09   128.02
TIME: Member    2 ranks FPS=   136.55   166.23
TIME: Member    3 ranks FPS=   118.67   122.91
TIME: Member    4 ranks FPS=   118.02   117.84
TIME: Member    5 ranks FPS=   118.92   122.89
TIME: Member    6 ranks FPS=   126.77   131.42
TIME: Member    7 ranks FPS=   125.09   138.10
TIME: Member    8 ranks FPS=   131.52   171.96
TIME: Member    9 ranks FPS=   143.86   155.99
TIME: Member   10 ranks FPS=   138.35   174.51
TIME: Member   11 ranks FPS=   138.49   140.67
TIME: Member   12 ranks FPS=   134.62   144.50
TIME: Member   13 ranks FPS=   126.84   139.33
TIME: Member   14 ranks FPS=   133.91   152.37
TIME: Member   15 ranks FPS=   119.06   125.44
TIME: Avg. throughput= 228.6463 frames / second.

ACTION OUTPUT:

DATASETS (1 total):
	RMSD_00001%0 "RMSD_00001%0" (double, rms), size is 20000

DATAFILES (1 total):
  rsmd_exp_ens.dat.0 (Standard Data File):  RMSD_00001%0

RUN TIMING:
TIME:		Init               : 0.0149 s (  0.02%)
TIME:		Trajectory Process : 87.4713 s ( 99.94%)
TIME:		Data Set Sync      : 0.0002 s (  0.00%)
TIME:		Action Post        : 0.0000 s (  0.00%)
TIME:		Analysis           : 0.0000 s (  0.00%)
TIME:		Data File Write    : 0.0326 s (  0.04%)
TIME:		Other              : 0.0015 s (  0.00%)
TIME:	Run Total 87.5205 s
---------- RUN END ---------------------------------------------------
  [quit]
TIME: Total execution time: 89.7833 seconds.
--------------------------------------------------------------------------------
To cite CPPTRAJ use:
Daniel R. Roe and Thomas E. Cheatham, III, "PTRAJ and CPPTRAJ: Software for
  Processing and Analysis of Molecular Dynamics Trajectory Data". J. Chem.
  Theory Comput., 2013, 9 (7), pp 3084-3095.

 
TACC: Shutdown complete. Exiting.
