TACC: Starting up job 7449066
TACC: Setting up parallel environment for MVAPICH2+mpispawn.
TACC: Starting parallel tasks...

CPPTRAJ: Trajectory Analysis. V16.00b MPI
    ___  ___  ___  ___
     | \/ | \/ | \/ | 
    _|_/\_|_/\_|_/\_|_

| Running on 16 threads
| Date/time: 08/02/16 22:14:42
| Available memory: 29.271 GB

	Reading '/work/03170/tg824689/cpptraj_exp/rmsd_tr/GAAC-ions.topo' as Amber Topology
INPUT: Reading input from 'cpptraj_tr.in'
  [trajin /work/03170/tg824689/cpptraj_exp/rmsd_tr/GAAC3-strip.crd]
	Reading '/work/03170/tg824689/cpptraj_exp/rmsd_tr/GAAC3-strip.crd' as Amber Trajectory
  [rmsd first @H* rsmd_exp.dat]
    RMSD: (@H*), reference is first frame (@H*).
	Best-fit RMSD will be calculated, coords will be rotated and translated.
  [run]
---------- RUN BEGIN -------------------------------------------------

PARAMETER FILES (1 total):
 0: GAAC-ions.topo, 1293 atoms, 190 res, box: None, 156 mol

INPUT TRAJECTORIES (1 total):
 0: 'GAAC3-strip.crd' is an AMBER trajectory, Parm GAAC-ions.topo (reading 881372 of 881372)
  Coordinate processing will occur on 881372 frames.

PARALLEL INFO:
  Thread 0 will process 55086 frames.
  Thread 1 will process 55086 frames.
  Thread 2 will process 55086 frames.
  Thread 3 will process 55086 frames.
  Thread 4 will process 55086 frames.
  Thread 5 will process 55086 frames.
  Thread 6 will process 55086 frames.
  Thread 7 will process 55086 frames.
  Thread 8 will process 55086 frames.
  Thread 9 will process 55086 frames.
  Thread 10 will process 55086 frames.
  Thread 11 will process 55086 frames.
  Thread 12 will process 55085 frames.
  Thread 13 will process 55085 frames.
  Thread 14 will process 55085 frames.
  Thread 15 will process 55085 frames.
.....................................................
ACTION SETUP FOR PARM 'GAAC-ions.topo' (1 actions):
  0: [rmsd first @H* rsmd_exp.dat]
	Target mask: [@H*](407)
	Reference mask: [@H*](407)

BEGIN PARALLEL TRAJECTORY PROCESSING:
 0% 10% 20% 30% 40% 50% 60% 70% 80% 90% 100% Complete.
TIME: Rank 0 throughput= 1520.6148 frames / second.
TIME: Rank 1 throughput= 1524.0362 frames / second.
TIME: Rank 2 throughput= 1499.1845 frames / second.
TIME: Rank 3 throughput= 1517.8689 frames / second.
TIME: Rank 4 throughput= 1508.8074 frames / second.
TIME: Rank 5 throughput= 1529.4994 frames / second.
TIME: Rank 6 throughput= 1519.3128 frames / second.
TIME: Rank 7 throughput= 1513.4694 frames / second.
TIME: Rank 8 throughput= 1510.5956 frames / second.
TIME: Rank 9 throughput= 1517.2379 frames / second.
TIME: Rank 10 throughput= 1499.9917 frames / second.
TIME: Rank 11 throughput= 1509.9317 frames / second.
TIME: Rank 12 throughput= 1504.8224 frames / second.
TIME: Rank 13 throughput= 1492.6778 frames / second.
TIME: Rank 14 throughput= 1511.4248 frames / second.
TIME: Rank 15 throughput= 1512.7106 frames / second.
TIME: Avg. throughput= 23883.1392 frames / second.

ACTION OUTPUT:

DATASETS (1 total):
	rsmd_exp.dat "rsmd_exp.dat" (double, rms), size is 881372

RUN TIMING:
TIME:		Init               : 0.0024 s (  0.01%)
TIME:		Trajectory Process : 36.9035 s ( 99.96%)
TIME:		Data Set Sync      : 0.0119 s (  0.03%)
TIME:		Action Post        : 0.0001 s (  0.00%)
TIME:		Analysis           : 0.0000 s (  0.00%)
TIME:		Data File Write    : 0.0000 s (  0.00%)
TIME:		Other              : 0.0017 s (  0.00%)
TIME:	Run Total 36.9196 s
---------- RUN END ---------------------------------------------------
  [exit]
TIME: Total execution time: 37.0347 seconds.
--------------------------------------------------------------------------------
To cite CPPTRAJ use:
Daniel R. Roe and Thomas E. Cheatham, III, "PTRAJ and CPPTRAJ: Software for
  Processing and Analysis of Molecular Dynamics Trajectory Data". J. Chem.
  Theory Comput., 2013, 9 (7), pp 3084-3095.

 
TACC: Shutdown complete. Exiting.
