
CPPTRAJ: Trajectory Analysis. V16.00b
    ___  ___  ___  ___
     | \/ | \/ | \/ | 
    _|_/\_|_/\_|_/\_|_

| Date/time: 08/02/16 20:40:33
| Available memory: 29.604 GB

	Reading '/work/03170/tg824689/cpptraj_exp/rmsd_tr/GAAC-ions.topo' as Amber Topology
INPUT: Reading input from 'cpptraj_tr.in'
  [trajin /work/03170/tg824689/cpptraj_exp/rmsd_tr/GAAC3-strip.crd]
	Reading '/work/03170/tg824689/cpptraj_exp/rmsd_tr/GAAC3-strip.crd' as Amber Trajectory
  [rmsd first @H* rsmd_exp.dat]
    RMSD: (@H*), reference is first frame (@H*).
	Best-fit RMSD will be calculated, coords will be rotated and translated.
  [run]
---------- RUN BEGIN -------------------------------------------------

PARAMETER FILES (1 total):
 0: GAAC-ions.topo, 1293 atoms, 190 res, box: None, 156 mol

INPUT TRAJECTORIES (1 total):
 0: 'GAAC3-strip.crd' is an AMBER trajectory, Parm GAAC-ions.topo (reading 881372 of 881372)
  Coordinate processing will occur on 881372 frames.

BEGIN TRAJECTORY PROCESSING:
.....................................................
ACTION SETUP FOR PARM 'GAAC-ions.topo' (1 actions):
  0: [rmsd first @H* rsmd_exp.dat]
	Target mask: [@H*](407)
	Reference mask: [@H*](407)
----- GAAC3-strip.crd (1-881372, 1) -----
 0% 10% 20% 30% 40% 50% 60% 70% 80% 90% 100% Complete.

Read 881372 frames and processed 881372 frames.
TIME: Avg. throughput= 1556.0622 frames / second.

ACTION OUTPUT:

DATASETS (1 total):
	rsmd_exp.dat "rsmd_exp.dat" (double, rms), size is 881372

RUN TIMING:
TIME:		Init               : 0.0015 s (  0.00%)
TIME:		Trajectory Process : 566.4118 s (100.00%)
TIME:		Action Post        : 0.0000 s (  0.00%)
TIME:		Analysis           : 0.0000 s (  0.00%)
TIME:		Data File Write    : 0.0004 s (  0.00%)
TIME:		Other              : 0.0023 s (  0.00%)
TIME:	Run Total 566.4160 s
---------- RUN END ---------------------------------------------------
  [exit]
TIME: Total execution time: 566.5191 seconds.
--------------------------------------------------------------------------------
To cite CPPTRAJ use:
Daniel R. Roe and Thomas E. Cheatham, III, "PTRAJ and CPPTRAJ: Software for
  Processing and Analysis of Molecular Dynamics Trajectory Data". J. Chem.
  Theory Comput., 2013, 9 (7), pp 3084-3095.

