Hello, World! I am process 2 of 28 with 179444 and 269166.

block_rmsd 179444 269166 1
Hello, World! I am process 3 of 28 with 269166 and 358888.

block_rmsd 269166 358888 1
Hello, World! I am process 4 of 28 with 358888 and 448610.

block_rmsd 358888 448610 1
Hello, World! I am process 5 of 28 with 448610 and 538332.

block_rmsd 448610 538332 1
Hello, World! I am process 6 of 28 with 538332 and 628054.

block_rmsd 538332 628054 1
Hello, World! I am process 7 of 28 with 628054 and 717776.

block_rmsd 628054 717776 1
Hello, World! I am process 8 of 28 with 717776 and 807498.

block_rmsd 717776 807498 1
Hello, World! I am process 9 of 28 with 807498 and 897220.

block_rmsd 807498 897220 1
Hello, World! I am process 10 of 28 with 897220 and 986942.

block_rmsd 897220 986942 1
Hello, World! I am process 11 of 28 with 986942 and 1076664.

block_rmsd 986942 1076664 1
Hello, World! I am process 13 of 28 with 1166386 and 1256108.

block_rmsd 1166386 1256108 1
Hello, World! I am process 15 of 28 with 1345830 and 1435552.

block_rmsd 1345830 1435552 1
Hello, World! I am process 17 of 28 with 1525274 and 1614996.

block_rmsd 1525274 1614996 1
Hello, World! I am process 18 of 28 with 1614996 and 1704718.

block_rmsd 1614996 1704718 1
Hello, World! I am process 19 of 28 with 1704718 and 1794440.

block_rmsd 1704718 1794440 1
Hello, World! I am process 20 of 28 with 1794440 and 1884162.

block_rmsd 1794440 1884162 1
Hello, World! I am process 21 of 28 with 1884162 and 1973884.

block_rmsd 1884162 1973884 1
Hello, World! I am process 22 of 28 with 1973884 and 2063606.

block_rmsd 1973884 2063606 1
Hello, World! I am process 23 of 28 with 2063606 and 2153328.

block_rmsd 2063606 2153328 1
Hello, World! I am process 24 of 28 with 2153328 and 2243050.

block_rmsd 2153328 2243050 1
Hello, World! I am process 16 of 28 with 1435552 and 1525274.

block_rmsd 1435552 1525274 1
Hello, World! I am process 1 of 28 with 89722 and 179444.

block_rmsd 89722 179444 1
Hello, World! I am process 27 of 28 with 2422494 and 2512216.

block_rmsd 2422494 2512216 1
Hello, World! I am process 26 of 28 with 2332772 and 2422494.

block_rmsd 2332772 2422494 1
Hello, World! I am process 12 of 28 with 1076664 and 1166386.

block_rmsd 1076664 1166386 1
Hello, World! I am process 25 of 28 with 2243050 and 2332772.

block_rmsd 2243050 2332772 1
Hello, World! I am process 14 of 28 with 1256108 and 1345830.

block_rmsd 1256108 1345830 1
Hello, World! I am process 0 of 28 with 0 and 89722.

block_rmsd 0 89722 1
[3.856898546218872, 3.2775731086730957, 3.2195005416870117, 3.2202186584472656, 3.2209620475769043, 3.221216917037964, 3.2220242023468018, 3.222756862640381, 3.2234902381896973, 3.223794460296631, 3.224520683288574, 3.2252395153045654, 3.3358209133148193, 3.2259960174560547, 3.8568224906921387, 3.2279598712921143, 3.2463417053222656, 3.2304089069366455, 3.231997013092041, 3.234037399291992, 3.2361178398132324, 3.237870216369629, 3.239978313446045, 3.2421741485595703, 3.2440524101257324, 3.496196746826172, 3.290170192718506, 3.2796647548675537] [0.0001494884490966797, 0.00011563301086425781, 0.00014710426330566406, 0.00010848045349121094, 0.00011563301086425781, 0.00012946128845214844, 0.00013256072998046875, 0.00011754035949707031, 0.00011372566223144531, 0.00013208389282226562, 0.00011730194091796875, 0.00013518333435058594, 0.000110626220703125, 0.00011420249938964844, 0.00014019012451171875, 0.00011277198791503906, 0.0001220703125, 0.00013208389282226562, 0.000110626220703125, 0.00011491775512695312, 0.00011157989501953125, 0.00014829635620117188, 0.0001201629638671875, 0.00011920928955078125, 0.00012302398681640625, 0.000110626220703125, 0.0001583099365234375, 0.00014066696166992188] [0.6393251419067383, 0.0005466938018798828, 0.01646733283996582, 0.1582179069519043, 0.023602962493896484, 0.08011984825134277, 0.1114351749420166, 0.05552792549133301, 0.0683598518371582, 0.08915567398071289, 0.023890256881713867, 0.03348374366760254, 0.0005795955657958984, 0.007816553115844727, 0.001538991928100586, 0.0032320022583007812, 0.0023005008697509766, 0.20522713661193848, 0.14655017852783203, 0.21589946746826172, 0.24137520790100098, 0.24376869201660156, 0.19275760650634766, 0.2194995880126953, 0.2762336730957031, 0.0017249584197998047, 0.002296924591064453, 0.002273082733154297]
[[  3.52409297e-05   3.21672010e+00]
 [  3.58535683e-05   3.27613831e+00]
 [  3.50795676e-05   3.20219231e+00]
 [  3.35392005e-05   3.06116700e+00]
 [  3.50579850e-05   3.19653916e+00]
 [  3.43891178e-05   3.14054441e+00]
 [  3.40669011e-05   3.10975909e+00]
 [  3.46626128e-05   3.16641402e+00]
 [  3.45390667e-05   3.15430951e+00]
 [  3.44107163e-05   3.13381886e+00]
 [  3.50461201e-05   3.19981909e+00]
 [  3.49686225e-05   3.19091225e+00]
 [  3.64727413e-05   3.33435464e+00]
 [  3.52428243e-05   3.21731210e+00]
 [  4.21881891e-05   3.85443115e+00]
 [  3.52604795e-05   3.22387457e+00]
 [  3.55611693e-05   3.24314237e+00]
 [  3.31951541e-05   3.02432084e+00]
 [  3.38096502e-05   3.08461213e+00]
 [  3.30672236e-05   3.01732063e+00]
 [  3.28036536e-05   2.99389601e+00]
 [  3.27740778e-05   2.99325538e+00]
 [  3.34073876e-05   3.04639959e+00]
 [  3.31073329e-05   3.02181005e+00]
 [  3.25061844e-05   2.96695900e+00]
 [  3.81866940e-05   3.49362445e+00]
 [  3.60368266e-05   3.28693390e+00]
 [  3.58901434e-05   3.27647424e+00]]
