SCHEDULER: c251-101.wrangler.tacc.utexas.edu
c251-101
====-get to work-====
Iteration 1
Iteration 1 Dask, 1, Runtime, 0.0342
Iteration 1 Dask, 2, Runtime, 0.0316
Iteration 1 Dask, 4, Runtime, 0.0316
Iteration 1 Dask, 8, Runtime, 0.0315
Iteration 1 Dask, 16, Runtime, 0.0636
Iteration 1 Dask, 32, Runtime, 0.0637
Iteration 1 Dask, 64, Runtime, 0.1138
Iteration 1 Dask, 128, Runtime, 0.1641
Iteration 1 Dask, 256, Runtime, 0.2665
Iteration 1 Dask, 512, Runtime, 0.3699
Iteration 1 Dask, 1024, Runtime, 0.6228
Iteration 1 Dask, 2048, Runtime, 1.2840
Iteration 1 Dask, 4096, Runtime, 2.3685
Iteration 1 Dask, 8192, Runtime, 5.1112
Iteration 1 Dask, 16384, Runtime, 10.2163
Iteration 1 Dask, 32768, Runtime, 21.1145
Iteration 1 Dask, 65536, Runtime, 41.7856
Iteration 1 Dask, 131072, Runtime, 95.9741
Iteration 2
Iteration 2 Dask, 1, Runtime, 1.2675
Iteration 2 Dask, 2, Runtime, 0.0331
Iteration 2 Dask, 4, Runtime, 0.0315
Iteration 2 Dask, 8, Runtime, 0.0315
Iteration 2 Dask, 16, Runtime, 0.1137
Iteration 2 Dask, 32, Runtime, 0.1139
Iteration 2 Dask, 64, Runtime, 0.1139
Iteration 2 Dask, 128, Runtime, 0.8165
Iteration 2 Dask, 256, Runtime, 0.2642
Iteration 2 Dask, 512, Runtime, 0.4216
Iteration 2 Dask, 1024, Runtime, 0.7278
Iteration 2 Dask, 2048, Runtime, 1.4827
Iteration 2 Dask, 4096, Runtime, 2.6309
Iteration 2 Dask, 8192, Runtime, 6.0640
Iteration 2 Dask, 16384, Runtime, 11.4670
Iteration 2 Dask, 32768, Runtime, 24.5491
Iteration 2 Dask, 65536, Runtime, 46.1579
Iteration 2 Dask, 131072, Runtime, 93.9326
Iteration 3
Iteration 3 Dask, 1, Runtime, 1.2664
Iteration 3 Dask, 2, Runtime, 0.0316
Iteration 3 Dask, 4, Runtime, 0.0636
Iteration 3 Dask, 8, Runtime, 0.0316
Iteration 3 Dask, 16, Runtime, 0.0642
Iteration 3 Dask, 32, Runtime, 6.0753
Iteration 3 Dask, 64, Runtime, 0.1139
Iteration 3 Dask, 128, Runtime, 0.2162
Iteration 3 Dask, 256, Runtime, 0.2642
Iteration 3 Dask, 512, Runtime, 0.4216
Iteration 3 Dask, 1024, Runtime, 0.8254
Iteration 3 Dask, 2048, Runtime, 1.6241
Iteration 3 Dask, 4096, Runtime, 2.9027
Iteration 3 Dask, 8192, Runtime, 6.9632
Iteration 3 Dask, 16384, Runtime, 13.3300
Iteration 3 Dask, 32768, Runtime, 23.8057
Iteration 3 Dask, 65536, Runtime, 48.5898
Iteration 3 Dask, 131072, Runtime, 98.4014
Iteration 4
Iteration 4 Dask, 1, Runtime, 1.2160
Iteration 4 Dask, 2, Runtime, 0.0315
Iteration 4 Dask, 4, Runtime, 0.0315
Iteration 4 Dask, 8, Runtime, 0.0636
Iteration 4 Dask, 16, Runtime, 0.0636
Iteration 4 Dask, 32, Runtime, 5.9742
Iteration 4 Dask, 64, Runtime, 0.1652
Iteration 4 Dask, 128, Runtime, 0.2147
Iteration 4 Dask, 256, Runtime, 0.2656
Iteration 4 Dask, 512, Runtime, 0.4703
Iteration 4 Dask, 1024, Runtime, 0.8690
Iteration 4 Dask, 2048, Runtime, 1.6520
Iteration 4 Dask, 4096, Runtime, 3.0931
Iteration 4 Dask, 8192, Runtime, 7.7273
Iteration 4 Dask, 16384, Runtime, 12.2057
Iteration 4 Dask, 32768, Runtime, 25.6676
Iteration 4 Dask, 65536, Runtime, 50.1945
Iteration 4 Dask, 131072, Runtime, 108.6266
Iteration 5
Iteration 5 Dask, 1, Runtime, 1.3675
Iteration 5 Dask, 2, Runtime, 0.0316
Iteration 5 Dask, 4, Runtime, 0.0637
Iteration 5 Dask, 8, Runtime, 0.0637
Iteration 5 Dask, 16, Runtime, 0.0637
Iteration 5 Dask, 32, Runtime, 0.1143
Iteration 5 Dask, 64, Runtime, 0.1653
Iteration 5 Dask, 128, Runtime, 0.2157
Iteration 5 Dask, 256, Runtime, 0.4197
Iteration 5 Dask, 512, Runtime, 0.5237
Iteration 5 Dask, 1024, Runtime, 0.8833
Iteration 5 Dask, 2048, Runtime, 2.1581
Iteration 5 Dask, 4096, Runtime, 4.9240
Iteration 5 Dask, 8192, Runtime, 6.5878
Iteration 5 Dask, 16384, Runtime, 13.8414
Iteration 5 Dask, 32768, Runtime, 26.1782
Iteration 5 Dask, 65536, Runtime, 55.8468
Iteration 5 Dask, 131072, Runtime, 112.5659
Iteration 6
Iteration 6 Dask, 1, Runtime, 1.2177
Iteration 6 Dask, 2, Runtime, 0.0315
Iteration 6 Dask, 4, Runtime, 0.0637
Iteration 6 Dask, 8, Runtime, 0.0636
Iteration 6 Dask, 16, Runtime, 0.0638
Iteration 6 Dask, 32, Runtime, 0.1143
Iteration 6 Dask, 64, Runtime, 0.1638
Iteration 6 Dask, 128, Runtime, 0.2152
Iteration 6 Dask, 256, Runtime, 0.2663
Iteration 6 Dask, 512, Runtime, 0.5251
Iteration 6 Dask, 1024, Runtime, 0.9346
Iteration 6 Dask, 2048, Runtime, 1.6526
Iteration 6 Dask, 4096, Runtime, 3.1427
Iteration 6 Dask, 8192, Runtime, 7.9937
Iteration 6 Dask, 16384, Runtime, 12.7951
Iteration 6 Dask, 32768, Runtime, 28.8082
Iteration 6 Dask, 65536, Runtime, 55.4809
Iteration 6 Dask, 131072, Runtime, 106.6804
Iteration 7
Iteration 7 Dask, 1, Runtime, 1.3164
Iteration 7 Dask, 2, Runtime, 0.0316
Iteration 7 Dask, 4, Runtime, 0.0315
Iteration 7 Dask, 8, Runtime, 0.0637
Iteration 7 Dask, 16, Runtime, 5.9242
Iteration 7 Dask, 32, Runtime, 0.1142
Iteration 7 Dask, 64, Runtime, 0.1653
Iteration 7 Dask, 128, Runtime, 0.2148
Iteration 7 Dask, 256, Runtime, 0.4160
Iteration 7 Dask, 512, Runtime, 0.4751
Iteration 7 Dask, 1024, Runtime, 0.8830
Iteration 7 Dask, 2048, Runtime, 1.7361
Iteration 7 Dask, 4096, Runtime, 3.6442
Iteration 7 Dask, 8192, Runtime, 7.6399
Iteration 7 Dask, 16384, Runtime, 14.9741
Iteration 7 Dask, 32768, Runtime, 26.1643
Iteration 7 Dask, 65536, Runtime, 56.3156
Iteration 7 Dask, 131072, Runtime, 109.0873
Iteration 8
Iteration 8 Dask, 1, Runtime, 1.2161
Iteration 8 Dask, 2, Runtime, 0.0321
Iteration 8 Dask, 4, Runtime, 0.0315
Iteration 8 Dask, 8, Runtime, 6.1265
Iteration 8 Dask, 16, Runtime, 0.0638
Iteration 8 Dask, 32, Runtime, 0.1145
Iteration 8 Dask, 64, Runtime, 0.1654
Iteration 8 Dask, 128, Runtime, 0.3154
Iteration 8 Dask, 256, Runtime, 0.3154
Iteration 8 Dask, 512, Runtime, 0.5245
Iteration 8 Dask, 1024, Runtime, 0.9309
Iteration 8 Dask, 2048, Runtime, 1.7586
Iteration 8 Dask, 4096, Runtime, 3.3530
Iteration 8 Dask, 8192, Runtime, 8.2467
Iteration 8 Dask, 16384, Runtime, 14.8460
Iteration 8 Dask, 32768, Runtime, 28.0927
Iteration 8 Dask, 65536, Runtime, 57.3778
Iteration 8 Dask, 131072, Runtime, 118.5267
Iteration 9
Iteration 9 Dask, 1, Runtime, 1.1660
Iteration 9 Dask, 2, Runtime, 0.0316
Iteration 9 Dask, 4, Runtime, 0.0316
Iteration 9 Dask, 8, Runtime, 0.0636
Iteration 9 Dask, 16, Runtime, 0.0637
Iteration 9 Dask, 32, Runtime, 0.1146
Iteration 9 Dask, 64, Runtime, 0.1655
Iteration 9 Dask, 128, Runtime, 0.2157
Iteration 9 Dask, 256, Runtime, 0.3222
Iteration 9 Dask, 512, Runtime, 0.5684
Iteration 9 Dask, 1024, Runtime, 0.9333
Iteration 9 Dask, 2048, Runtime, 1.7504
Iteration 9 Dask, 4096, Runtime, 3.5404
Iteration 9 Dask, 8192, Runtime, 7.2003
Iteration 9 Dask, 16384, Runtime, 15.7935
Iteration 9 Dask, 32768, Runtime, 30.5018
Iteration 9 Dask, 65536, Runtime, 57.8775
Iteration 9 Dask, 131072, Runtime, 122.0102
Iteration 10
Iteration 10 Dask, 1, Runtime, 1.2160
Iteration 10 Dask, 2, Runtime, 0.0318
Iteration 10 Dask, 4, Runtime, 0.0637
Iteration 10 Dask, 8, Runtime, 0.0639
Iteration 10 Dask, 16, Runtime, 0.0640
Iteration 10 Dask, 32, Runtime, 0.2139
Iteration 10 Dask, 64, Runtime, 0.1646
Iteration 10 Dask, 128, Runtime, 0.2167
Iteration 10 Dask, 256, Runtime, 0.3212
Iteration 10 Dask, 512, Runtime, 0.5668
Iteration 10 Dask, 1024, Runtime, 0.9830
Iteration 10 Dask, 2048, Runtime, 1.8635
Iteration 10 Dask, 4096, Runtime, 4.0481
Iteration 10 Dask, 8192, Runtime, 7.4340
Iteration 10 Dask, 16384, Runtime, 15.4345
Iteration 10 Dask, 32768, Runtime, 30.8106
Iteration 10 Dask, 65536, Runtime, 63.1100
Iteration 10 Dask, 131072, Runtime, 124.1112
