TACC: Starting up job 8011070
TACC: Setting up parallel environment for MVAPICH2+mpispawn.
TACC: Starting parallel tasks...

CPPTRAJ: Trajectory Analysis. V16.00b MPI
    ___  ___  ___  ___
     | \/ | \/ | \/ | 
    _|_/\_|_/\_|_/\_|_

| Running on 16 threads
| Date/time: 12/14/16 17:50:02
| Available memory: 29.526 GB

INPUT: Reading input from 'cpptraj_ens.in'
  [parm /scratch/03170/tg824689/amber_test/utah_DNA/amber.utah.edu/DNA-dynamics/GAAC/Anton-data/GAAC3/GAAC.topo]
	Reading '/scratch/03170/tg824689/amber_test/utah_DNA/amber.utah.edu/DNA-dynamics/GAAC/Anton-data/GAAC3/GAAC.topo' as Amber Topology
  [trajin /scratch/03170/tg824689/cpptraj_exp_data/ens/test.dcd.0 1 80000 nosort]
	Reading '/scratch/03170/tg824689/cpptraj_exp_data/ens/test.dcd.0' as Charmm DCD
  [rmsd first @H* out rsmd_exp_ens.dat]
    RMSD: (@H*), reference is first frame (@H*).
	Best-fit RMSD will be calculated, coords will be rotated and translated.
  [run]
---------- RUN BEGIN -------------------------------------------------

PARAMETER FILES (1 total):
 0: GAAC.topo, 58329 atoms, 19202 res, box: Orthogonal, 19168 mol, 19012 solvent

INPUT TRAJECTORIES (1 total):
 0: 'test.dcd.0' is a CHARMM DCD file Little Endian 32 bit, Parm GAAC.topo (Orthogonal box) (reading 80000 of 80000)
  Coordinate processing will occur on 80000 frames.

PARALLEL INFO:
  Thread 0 will process 5000 frames.
  Thread 1 will process 5000 frames.
  Thread 2 will process 5000 frames.
  Thread 3 will process 5000 frames.
  Thread 4 will process 5000 frames.
  Thread 5 will process 5000 frames.
  Thread 6 will process 5000 frames.
  Thread 7 will process 5000 frames.
  Thread 8 will process 5000 frames.
  Thread 9 will process 5000 frames.
  Thread 10 will process 5000 frames.
  Thread 11 will process 5000 frames.
  Thread 12 will process 5000 frames.
  Thread 13 will process 5000 frames.
  Thread 14 will process 5000 frames.
  Thread 15 will process 5000 frames.
.....................................................
ACTION SETUP FOR PARM 'GAAC.topo' (1 actions):
  0: [rmsd first @H* out rsmd_exp_ens.dat]
	Target mask: [@H*](38431)
	Reference mask: [@H*](38431)
Warning: Coordinates are being rotated and box coordinates are present.
Warning: Unit cell vectors are NOT rotated; imaging will not be possible
Warning:  after the RMS-fit is performed.

BEGIN PARALLEL TRAJECTORY PROCESSING:
 0% 10% 20% 30% 40% 50% 60% 70% 80% 90% 100% Complete.
TIME: Rank 0 throughput= 44.5936 frames / second.
TIME: Rank 1 throughput= 46.3390 frames / second.
TIME: Rank 2 throughput= 47.3245 frames / second.
TIME: Rank 3 throughput= 48.9326 frames / second.
TIME: Rank 4 throughput= 52.1687 frames / second.
TIME: Rank 5 throughput= 57.7158 frames / second.
TIME: Rank 6 throughput= 51.9066 frames / second.
TIME: Rank 7 throughput= 51.2704 frames / second.
TIME: Rank 8 throughput= 46.0000 frames / second.
TIME: Rank 9 throughput= 46.8781 frames / second.
TIME: Rank 10 throughput= 44.8279 frames / second.
TIME: Rank 11 throughput= 44.8536 frames / second.
TIME: Rank 12 throughput= 46.6771 frames / second.
TIME: Rank 13 throughput= 44.4873 frames / second.
TIME: Rank 14 throughput= 43.6378 frames / second.
TIME: Rank 15 throughput= 43.0967 frames / second.
TIME: Avg. throughput= 689.5436 frames / second.

ACTION OUTPUT:

DATASETS (1 total):
	RMSD_00001 "RMSD_00001" (double, rms), size is 80000

DATAFILES (1 total):
  rsmd_exp_ens.dat (Standard Data File):  RMSD_00001

RUN TIMING:
TIME:		Init               : 0.0170 s (  0.01%)
TIME:		Trajectory Process : 116.0188 s ( 99.90%)
TIME:		Data Set Sync      : 0.0022 s (  0.00%)
TIME:		Action Post        : 0.0000 s (  0.00%)
TIME:		Analysis           : 0.0000 s (  0.00%)
TIME:		Data File Write    : 0.0976 s (  0.08%)
TIME:		Other              : 0.0035 s (  0.00%)
TIME:	Run Total 116.1392 s
---------- RUN END ---------------------------------------------------
  [quit]
TIME: Total execution time: 120.3332 seconds.
--------------------------------------------------------------------------------
To cite CPPTRAJ use:
Daniel R. Roe and Thomas E. Cheatham, III, "PTRAJ and CPPTRAJ: Software for
  Processing and Analysis of Molecular Dynamics Trajectory Data". J. Chem.
  Theory Comput., 2013, 9 (7), pp 3084-3095.

 
TACC: Shutdown complete. Exiting.

=============================== REMORA SUMMARY ===============================
 Max Memory Used Per Node     : 1.76 GB
 Total Elapsed Time           : 0d 0h 2m 8s 393ms
------------------------------------------------------------------------------
 Max IO Load / home1          :     324 IOPS     231 RD(MB/S)       0 WR(MB/S)
 Max IO Load / scratch        :     681 IOPS     850 RD(MB/S)       0 WR(MB/S)
 Max IO Load / work           :       2 IOPS       0 RD(MB/S)       0 WR(MB/S)
==============================================================================
 Sampling Period              : 1 seconds
 Complete Report Data         : /scratch/03170/tg824689/cpptraj_exp/x1_3/16_3/remora_8011070
==============================================================================

