TACC: Starting up job 8006528
TACC: Setting up parallel environment for MVAPICH2+mpispawn.
TACC: Starting parallel tasks...

CPPTRAJ: Trajectory Analysis. V16.00b MPI
    ___  ___  ___  ___
     | \/ | \/ | \/ | 
    _|_/\_|_/\_|_/\_|_

| Running on 16 threads
| Date/time: 12/13/16 17:03:06
| Available memory: 29.326 GB

INPUT: Reading input from 'cpptraj_ens.in'
  [parm /scratch/03170/tg824689/amber_test/utah_DNA/amber.utah.edu/DNA-dynamics/GAAC/Anton-data/GAAC3/GAAC.topo]
	Reading '/scratch/03170/tg824689/amber_test/utah_DNA/amber.utah.edu/DNA-dynamics/GAAC/Anton-data/GAAC3/GAAC.topo' as Amber Topology
  [trajin ../test.dcd.0 1 80000 nosort]
	Reading '../test.dcd.0' as Charmm DCD
  [rmsd first @H* out rsmd_exp_ens.dat]
    RMSD: (@H*), reference is first frame (@H*).
	Best-fit RMSD will be calculated, coords will be rotated and translated.
  [run]
---------- RUN BEGIN -------------------------------------------------

PARAMETER FILES (1 total):
 0: GAAC.topo, 58329 atoms, 19202 res, box: Orthogonal, 19168 mol, 19012 solvent

INPUT TRAJECTORIES (1 total):
 0: 'test.dcd.0' is a CHARMM DCD file Little Endian 32 bit, Parm GAAC.topo (Orthogonal box) (reading 80000 of 80000)
  Coordinate processing will occur on 80000 frames.

PARALLEL INFO:
  Thread 0 will process 5000 frames.
  Thread 1 will process 5000 frames.
  Thread 2 will process 5000 frames.
  Thread 3 will process 5000 frames.
  Thread 4 will process 5000 frames.
  Thread 5 will process 5000 frames.
  Thread 6 will process 5000 frames.
  Thread 7 will process 5000 frames.
  Thread 8 will process 5000 frames.
  Thread 9 will process 5000 frames.
  Thread 10 will process 5000 frames.
  Thread 11 will process 5000 frames.
  Thread 12 will process 5000 frames.
  Thread 13 will process 5000 frames.
  Thread 14 will process 5000 frames.
  Thread 15 will process 5000 frames.
.....................................................
ACTION SETUP FOR PARM 'GAAC.topo' (1 actions):
  0: [rmsd first @H* out rsmd_exp_ens.dat]
	Target mask: [@H*](38431)
	Reference mask: [@H*](38431)
Warning: Coordinates are being rotated and box coordinates are present.
Warning: Unit cell vectors are NOT rotated; imaging will not be possible
Warning:  after the RMS-fit is performed.

BEGIN PARALLEL TRAJECTORY PROCESSING:
 0% 10% 20% 30% 40% 50% 60% 70% 80% 90% 100% Complete.
TIME: Rank 0 throughput= 109.1879 frames / second.
TIME: Rank 1 throughput= 102.9957 frames / second.
TIME: Rank 2 throughput= 108.7441 frames / second.
TIME: Rank 3 throughput= 116.9467 frames / second.
TIME: Rank 4 throughput= 108.9900 frames / second.
TIME: Rank 5 throughput= 106.1679 frames / second.
TIME: Rank 6 throughput= 102.4932 frames / second.
TIME: Rank 7 throughput= 108.4423 frames / second.
TIME: Rank 8 throughput= 104.6871 frames / second.
TIME: Rank 9 throughput= 113.6344 frames / second.
TIME: Rank 10 throughput= 101.8036 frames / second.
TIME: Rank 11 throughput= 121.0018 frames / second.
TIME: Rank 12 throughput= 134.0569 frames / second.
TIME: Rank 13 throughput= 97.8042 frames / second.
TIME: Rank 14 throughput= 101.0366 frames / second.
TIME: Rank 15 throughput= 121.1116 frames / second.
TIME: Avg. throughput= 1564.8359 frames / second.

ACTION OUTPUT:

DATASETS (1 total):
	RMSD_00001 "RMSD_00001" (double, rms), size is 80000

DATAFILES (1 total):
  rsmd_exp_ens.dat (Standard Data File):  RMSD_00001

RUN TIMING:
TIME:		Init               : 0.0197 s (  0.04%)
TIME:		Trajectory Process : 51.1236 s ( 99.75%)
TIME:		Data Set Sync      : 0.0026 s (  0.01%)
TIME:		Action Post        : 0.0002 s (  0.00%)
TIME:		Analysis           : 0.0000 s (  0.00%)
TIME:		Data File Write    : 0.0997 s (  0.19%)
TIME:		Other              : 0.0074 s (  0.00%)
TIME:	Run Total 51.2531 s
---------- RUN END ---------------------------------------------------
  [quit]
TIME: Total execution time: 51.5615 seconds.
--------------------------------------------------------------------------------
To cite CPPTRAJ use:
Daniel R. Roe and Thomas E. Cheatham, III, "PTRAJ and CPPTRAJ: Software for
  Processing and Analysis of Molecular Dynamics Trajectory Data". J. Chem.
  Theory Comput., 2013, 9 (7), pp 3084-3095.

 
TACC: Shutdown complete. Exiting.

=============================== REMORA SUMMARY ===============================
 Max Memory Used Per Node     : 5.85 GB
 Total Elapsed Time           : 0d 0h 0m 59s 174ms
------------------------------------------------------------------------------
 Max IO Load / home1          :     344 IOPS      75 RD(MB/S)       0 WR(MB/S)
 Max IO Load / scratch        :      10 IOPS     970 RD(MB/S)       0 WR(MB/S)
 Max IO Load / work           :     124 IOPS    2554 RD(MB/S)       1 WR(MB/S)
==============================================================================
 Sampling Period              : 1 seconds
 Complete Report Data         : /work/03170/tg824689/cpptraj_exp/VanillaCppTrajEn/run6/x1/16_2/remora_8006528
==============================================================================

