TACC: Starting up job 8010043
TACC: Setting up parallel environment for MVAPICH2+mpispawn.
TACC: Starting parallel tasks...

CPPTRAJ: Trajectory Analysis. V16.00b MPI
    ___  ___  ___  ___
     | \/ | \/ | \/ | 
    _|_/\_|_/\_|_/\_|_

| Running on 8 threads
| Date/time: 12/14/16 14:54:47
| Available memory: 29.512 GB

INPUT: Reading input from 'cpptraj_ens.in'
  [parm /scratch/03170/tg824689/amber_test/utah_DNA/amber.utah.edu/DNA-dynamics/GAAC/Anton-data/GAAC3/GAAC.topo]
	Reading '/scratch/03170/tg824689/amber_test/utah_DNA/amber.utah.edu/DNA-dynamics/GAAC/Anton-data/GAAC3/GAAC.topo' as Amber Topology
  [trajin ../ens2.dcd 1 160000 nosort]
	Reading '../ens2.dcd' as Charmm DCD
  [rmsd first @H* out rsmd_exp_ens.dat]
    RMSD: (@H*), reference is first frame (@H*).
	Best-fit RMSD will be calculated, coords will be rotated and translated.
  [run]
---------- RUN BEGIN -------------------------------------------------

PARAMETER FILES (1 total):
 0: GAAC.topo, 58329 atoms, 19202 res, box: Orthogonal, 19168 mol, 19012 solvent

INPUT TRAJECTORIES (1 total):
 0: 'ens2.dcd' is a CHARMM DCD file Little Endian 32 bit, Parm GAAC.topo (Orthogonal box) (reading 160000 of 160000)
  Coordinate processing will occur on 160000 frames.

PARALLEL INFO:
  Thread 0 will process 20000 frames.
  Thread 1 will process 20000 frames.
  Thread 2 will process 20000 frames.
  Thread 3 will process 20000 frames.
  Thread 4 will process 20000 frames.
  Thread 5 will process 20000 frames.
  Thread 6 will process 20000 frames.
  Thread 7 will process 20000 frames.
.....................................................
ACTION SETUP FOR PARM 'GAAC.topo' (1 actions):
  0: [rmsd first @H* out rsmd_exp_ens.dat]
	Target mask: [@H*](38431)
	Reference mask: [@H*](38431)
Warning: Coordinates are being rotated and box coordinates are present.
Warning: Unit cell vectors are NOT rotated; imaging will not be possible
Warning:  after the RMS-fit is performed.

BEGIN PARALLEL TRAJECTORY PROCESSING:
 0% 10% 20% 30% 40% 50% 60% 70% 80% 90% 100% Complete.
TIME: Rank 0 throughput= 401.3497 frames / second.
TIME: Rank 1 throughput= 418.0049 frames / second.
TIME: Rank 2 throughput= 261.1932 frames / second.
TIME: Rank 3 throughput= 253.4400 frames / second.
TIME: Rank 4 throughput= 416.7326 frames / second.
TIME: Rank 5 throughput= 411.4188 frames / second.
TIME: Rank 6 throughput= 282.7673 frames / second.
TIME: Rank 7 throughput= 281.1172 frames / second.
TIME: Avg. throughput= 2027.5044 frames / second.

ACTION OUTPUT:

DATASETS (1 total):
	RMSD_00001 "RMSD_00001" (double, rms), size is 160000

DATAFILES (1 total):
  rsmd_exp_ens.dat (Standard Data File):  RMSD_00001

RUN TIMING:
TIME:		Init               : 0.0149 s (  0.02%)
TIME:		Trajectory Process : 78.9147 s ( 99.73%)
TIME:		Data Set Sync      : 0.0038 s (  0.00%)
TIME:		Action Post        : 0.0001 s (  0.00%)
TIME:		Analysis           : 0.0000 s (  0.00%)
TIME:		Data File Write    : 0.1943 s (  0.25%)
TIME:		Other              : 0.0036 s (  0.00%)
TIME:	Run Total 79.1313 s
---------- RUN END ---------------------------------------------------
  [quit]
TIME: Total execution time: 79.4800 seconds.
--------------------------------------------------------------------------------
To cite CPPTRAJ use:
Daniel R. Roe and Thomas E. Cheatham, III, "PTRAJ and CPPTRAJ: Software for
  Processing and Analysis of Molecular Dynamics Trajectory Data". J. Chem.
  Theory Comput., 2013, 9 (7), pp 3084-3095.

 
TACC: Shutdown complete. Exiting.

=============================== REMORA SUMMARY ===============================
 Max Memory Used Per Node     : 1.51 GB
 Total Elapsed Time           : 0d 0h 1m 27s 833ms
------------------------------------------------------------------------------
 Max IO Load / home1          :     290 IOPS     141 RD(MB/S)       0 WR(MB/S)
 Max IO Load / scratch        :      28 IOPS     243 RD(MB/S)       0 WR(MB/S)
 Max IO Load / work           :     354 IOPS    2596 RD(MB/S)       0 WR(MB/S)
==============================================================================
 Sampling Period              : 1 seconds
 Complete Report Data         : /work/03170/tg824689/cpptraj_exp/VanillaCppTrajEn/run6/x2_2/8_3/remora_8010043
==============================================================================

