TACC: Starting up job 7590959
TACC: Setting up parallel environment for MVAPICH2+mpispawn.
TACC: Starting parallel tasks...

CPPTRAJ: Trajectory Analysis. V16.00b MPI
    ___  ___  ___  ___
     | \/ | \/ | \/ | 
    _|_/\_|_/\_|_/\_|_

| Running on 128 threads
| Date/time: 09/07/16 17:41:57
| Available memory: 29.180 GB

INPUT: Reading input from 'cpptraj_ens.in'
  [parm /scratch/03170/tg824689/amber_test/utah_DNA/amber.utah.edu/DNA-dynamics/GAAC/Anton-data/GAAC3/GAAC.topo]
	Reading '/scratch/03170/tg824689/amber_test/utah_DNA/amber.utah.edu/DNA-dynamics/GAAC/Anton-data/GAAC3/GAAC.topo' as Amber Topology
  [ensemble /scratch/03170/tg824689/cpptraj_exp_data/ens/test.dcd.0 1 80000 nosort trajnames /scratch/03170/tg824689/cpptraj_exp_data/ens/test.dcd.1,/scratch/03170/tg824689/cpptraj_exp_data/ens/test.dcd.2,/scratch/03170/tg824689/cpptraj_exp_data/ens/test.dcd.3,/scratch/03170/tg824689/cpptraj_exp_data/ens/test.dcd.4,/scratch/03170/tg824689/cpptraj_exp_data/ens/test.dcd.5,/scratch/03170/tg824689/cpptraj_exp_data/ens/test.dcd.6,/scratch/03170/tg824689/cpptraj_exp_data/ens/test.dcd.7,/scratch/03170/tg824689/cpptraj_exp_data/ens/test.dcd.8,/scratch/03170/tg824689/cpptraj_exp_data/ens/test.dcd.9,/scratch/03170/tg824689/cpptraj_exp_data/ens/test.dcd.10,/scratch/03170/tg824689/cpptraj_exp_data/ens/test.dcd.11,/scratch/03170/tg824689/cpptraj_exp_data/ens/test.dcd.12,/scratch/03170/tg824689/cpptraj_exp_data/ens/test.dcd.13,/scratch/03170/tg824689/cpptraj_exp_data/ens/test.dcd.14,/scratch/03170/tg824689/cpptraj_exp_data/ens/test.dcd.15]
Warning: Ensemble setup efficiency in parallel is greatly
Warning:   improved via the 'ensemblesize' command.
	Reading '/scratch/03170/tg824689/cpptraj_exp_data/ens/test.dcd.0' as Charmm DCD
  [rmsd first @H* out rsmd_exp_ens.dat]
    RMSD: (@H*), reference is first frame (@H*).
	Best-fit RMSD will be calculated, coords will be rotated and translated.
  [run]
---------- RUN BEGIN -------------------------------------------------

ENSEMBLE INFO:
  Ensemble size is 16

PARAMETER FILES (1 total):
 0: GAAC.topo, 58329 atoms, 19202 res, box: Orthogonal, 19168 mol, 19012 solvent

INPUT ENSEMBLES (1 total):
 0: Trajectory ensemble (16 total), lowest replica 'test.dcd.0' (reading 80000 of 80000)
	Not sorting ensemble.
  Coordinate processing will occur on 80000 frames.

PARALLEL INFO:
  8 threads per ensemble member.
  Thread 0 will process 10000 frames.
  Thread 1 will process 10000 frames.
  Thread 2 will process 10000 frames.
  Thread 3 will process 10000 frames.
  Thread 4 will process 10000 frames.
  Thread 5 will process 10000 frames.
  Thread 6 will process 10000 frames.
  Thread 7 will process 10000 frames.
.....................................................
ACTION SETUP FOR PARM 'GAAC.topo' (1 actions):
  0: [rmsd first @H* out rsmd_exp_ens.dat]
	Target mask: [@H*](38431)
	Reference mask: [@H*](38431)
Warning: Coordinates are being rotated and box coordinates are present.
Warning: Unit cell vectors are NOT rotated; imaging will not be possible
Warning:  after the RMS-fit is performed.

BEGIN PARALLEL ENSEMBLE PROCESSING:
 0% 10% 20% 30% 40% 50% 60% 70% 80% 90% 100% Complete.
TIME: Member    0 ranks FPS=    37.31    37.38    37.53    37.32    37.64    38.67    37.50    38.55
TIME: Member    1 ranks FPS=    42.90    44.41    44.11    45.76    44.06    45.14    44.43    44.71
TIME: Member    2 ranks FPS=    60.38    67.14    60.49    69.41    63.96    67.40    69.40    61.10
TIME: Member    3 ranks FPS=    55.42    53.28    53.00    56.85    54.08    57.30    61.75    60.78
TIME: Member    4 ranks FPS=    54.43    57.09    55.35    58.84    55.77    61.44    69.30    58.14
TIME: Member    5 ranks FPS=    50.80    53.01    50.71    51.70    51.38    59.49    53.86    50.95
TIME: Member    6 ranks FPS=    54.47    57.85    55.30    54.66    54.56    60.86    57.83    57.64
TIME: Member    7 ranks FPS=    54.92    56.91    55.55    58.46    55.31    57.51    66.89    58.35
TIME: Member    8 ranks FPS=    56.99    59.37    58.54    58.06    60.35    58.51    59.29    59.56
TIME: Member    9 ranks FPS=    62.40    63.97    68.24    64.89    68.67    66.99    66.32    70.52
TIME: Member   10 ranks FPS=    61.07    62.24    63.78    69.84    62.96    64.93    61.74    65.97
TIME: Member   11 ranks FPS=    59.63    62.83    59.40    62.21    59.68    67.41    65.24    65.01
TIME: Member   12 ranks FPS=    37.99    38.75    40.08    39.26    38.73    38.62    39.64    38.89
TIME: Member   13 ranks FPS=    35.83    35.94    36.79    36.64    36.92    36.25    37.48    37.50
TIME: Member   14 ranks FPS=    41.11    41.35    42.05    43.64    41.77    41.82    46.89    44.63
TIME: Member   15 ranks FPS=    57.41    57.91    60.88    59.57    59.06    66.60    61.36    61.96
TIME: Avg. throughput= 286.6077 frames / second.

ACTION OUTPUT:

DATASETS (1 total):
	RMSD_00001%0 "RMSD_00001%0" (double, rms), size is 80000

DATAFILES (1 total):
  rsmd_exp_ens.dat.0 (Standard Data File):  RMSD_00001%0

RUN TIMING:
TIME:		Init               : 0.0192 s (  0.01%)
TIME:		Trajectory Process : 279.1272 s ( 99.96%)
TIME:		Data Set Sync      : 0.0009 s (  0.00%)
TIME:		Action Post        : 0.0000 s (  0.00%)
TIME:		Analysis           : 0.0000 s (  0.00%)
TIME:		Data File Write    : 0.0970 s (  0.03%)
TIME:		Other              : 0.0040 s (  0.00%)
TIME:	Run Total 279.2483 s
---------- RUN END ---------------------------------------------------
  [quit]
TIME: Total execution time: 281.5757 seconds.
--------------------------------------------------------------------------------
To cite CPPTRAJ use:
Daniel R. Roe and Thomas E. Cheatham, III, "PTRAJ and CPPTRAJ: Software for
  Processing and Analysis of Molecular Dynamics Trajectory Data". J. Chem.
  Theory Comput., 2013, 9 (7), pp 3084-3095.

 
TACC: Shutdown complete. Exiting.
