TACC: Starting up job 7590947
TACC: Setting up parallel environment for MVAPICH2+mpispawn.
TACC: Starting parallel tasks...

CPPTRAJ: Trajectory Analysis. V16.00b MPI
    ___  ___  ___  ___
     | \/ | \/ | \/ | 
    _|_/\_|_/\_|_/\_|_

| Running on 64 threads
| Date/time: 09/07/16 17:16:13
| Available memory: 29.150 GB

INPUT: Reading input from 'cpptraj_ens.in'
  [parm /scratch/03170/tg824689/amber_test/utah_DNA/amber.utah.edu/DNA-dynamics/GAAC/Anton-data/GAAC3/GAAC.topo]
	Reading '/scratch/03170/tg824689/amber_test/utah_DNA/amber.utah.edu/DNA-dynamics/GAAC/Anton-data/GAAC3/GAAC.topo' as Amber Topology
  [ensemble /scratch/03170/tg824689/cpptraj_exp_data/ens/test.dcd.0 1 80000 nosort trajnames /scratch/03170/tg824689/cpptraj_exp_data/ens/test.dcd.1,/scratch/03170/tg824689/cpptraj_exp_data/ens/test.dcd.2,/scratch/03170/tg824689/cpptraj_exp_data/ens/test.dcd.3,/scratch/03170/tg824689/cpptraj_exp_data/ens/test.dcd.4,/scratch/03170/tg824689/cpptraj_exp_data/ens/test.dcd.5,/scratch/03170/tg824689/cpptraj_exp_data/ens/test.dcd.6,/scratch/03170/tg824689/cpptraj_exp_data/ens/test.dcd.7,/scratch/03170/tg824689/cpptraj_exp_data/ens/test.dcd.8,/scratch/03170/tg824689/cpptraj_exp_data/ens/test.dcd.9,/scratch/03170/tg824689/cpptraj_exp_data/ens/test.dcd.10,/scratch/03170/tg824689/cpptraj_exp_data/ens/test.dcd.11,/scratch/03170/tg824689/cpptraj_exp_data/ens/test.dcd.12,/scratch/03170/tg824689/cpptraj_exp_data/ens/test.dcd.13,/scratch/03170/tg824689/cpptraj_exp_data/ens/test.dcd.14,/scratch/03170/tg824689/cpptraj_exp_data/ens/test.dcd.15]
Warning: Ensemble setup efficiency in parallel is greatly
Warning:   improved via the 'ensemblesize' command.
	Reading '/scratch/03170/tg824689/cpptraj_exp_data/ens/test.dcd.0' as Charmm DCD
  [rmsd first @H* out rsmd_exp_ens.dat]
    RMSD: (@H*), reference is first frame (@H*).
	Best-fit RMSD will be calculated, coords will be rotated and translated.
  [run]
---------- RUN BEGIN -------------------------------------------------

ENSEMBLE INFO:
  Ensemble size is 16

PARAMETER FILES (1 total):
 0: GAAC.topo, 58329 atoms, 19202 res, box: Orthogonal, 19168 mol, 19012 solvent

INPUT ENSEMBLES (1 total):
 0: Trajectory ensemble (16 total), lowest replica 'test.dcd.0' (reading 80000 of 80000)
	Not sorting ensemble.
  Coordinate processing will occur on 80000 frames.

PARALLEL INFO:
  4 threads per ensemble member.
  Thread 0 will process 20000 frames.
  Thread 1 will process 20000 frames.
  Thread 2 will process 20000 frames.
  Thread 3 will process 20000 frames.
.....................................................
ACTION SETUP FOR PARM 'GAAC.topo' (1 actions):
  0: [rmsd first @H* out rsmd_exp_ens.dat]
	Target mask: [@H*](38431)
	Reference mask: [@H*](38431)
Warning: Coordinates are being rotated and box coordinates are present.
Warning: Unit cell vectors are NOT rotated; imaging will not be possible
Warning:  after the RMS-fit is performed.

BEGIN PARALLEL ENSEMBLE PROCESSING:
 0% 10% 20% 30% 40% 50% 60% 70% 80% 90% 100% Complete.
TIME: Member    0 ranks FPS=    70.75    72.12    71.19    71.55
TIME: Member    1 ranks FPS=    75.45    79.42    78.46    79.01
TIME: Member    2 ranks FPS=    77.42    81.79    85.33    86.39
TIME: Member    3 ranks FPS=    78.69    85.91    84.48    84.92
TIME: Member    4 ranks FPS=    82.08    91.30    86.66    86.53
TIME: Member    5 ranks FPS=    82.42    86.33    87.25    85.28
TIME: Member    6 ranks FPS=    79.91    80.87    81.12    81.84
TIME: Member    7 ranks FPS=    80.50    84.18    84.64    85.85
TIME: Member    8 ranks FPS=    85.32    88.93    85.13    90.27
TIME: Member    9 ranks FPS=    90.23    93.26   102.68    94.58
TIME: Member   10 ranks FPS=    87.89    92.44    94.20    94.71
TIME: Member   11 ranks FPS=    83.87    86.01    86.23    85.53
TIME: Member   12 ranks FPS=    70.88    76.88    74.86    78.02
TIME: Member   13 ranks FPS=    64.56    66.92    65.67    65.59
TIME: Member   14 ranks FPS=    67.29    70.66    69.84    69.43
TIME: Member   15 ranks FPS=    78.21    88.68    88.01    86.53
TIME: Avg. throughput= 258.2590 frames / second.

ACTION OUTPUT:

DATASETS (1 total):
	RMSD_00001%0 "RMSD_00001%0" (double, rms), size is 80000

DATAFILES (1 total):
  rsmd_exp_ens.dat.0 (Standard Data File):  RMSD_00001%0

RUN TIMING:
TIME:		Init               : 0.0166 s (  0.01%)
TIME:		Trajectory Process : 309.7665 s ( 99.96%)
TIME:		Data Set Sync      : 0.0005 s (  0.00%)
TIME:		Action Post        : 0.0000 s (  0.00%)
TIME:		Analysis           : 0.0000 s (  0.00%)
TIME:		Data File Write    : 0.0959 s (  0.03%)
TIME:		Other              : 0.0024 s (  0.00%)
TIME:	Run Total 309.8819 s
---------- RUN END ---------------------------------------------------
  [quit]
TIME: Total execution time: 311.8590 seconds.
--------------------------------------------------------------------------------
To cite CPPTRAJ use:
Daniel R. Roe and Thomas E. Cheatham, III, "PTRAJ and CPPTRAJ: Software for
  Processing and Analysis of Molecular Dynamics Trajectory Data". J. Chem.
  Theory Comput., 2013, 9 (7), pp 3084-3095.

 
TACC: Shutdown complete. Exiting.
