SCHEDULER: c251-101.wrangler.tacc.utexas.edu
c251-101 c251-106 c251-107 c251-108 c251-112 c251-113
Working on c251-101 ....
Working on c251-106 ....
Working on c251-107 ....
Working on c251-108 ....
Working on c251-112 ....
Working on c251-113 ....
====-get to work-====
Start,Overhead,AdjMatrix,ConnComp,End

1496332152.680638,1496332152.686522,1496332187.574776,1496332190.936211,1496332190.941535
Start,Overhead,AdjMatrix,ConnComp,End

1496332192.255910,1496332192.263996,1496332263.203171,1496332270.198992,1496332270.205395
Start,Overhead,AdjMatrix,ConnComp,End

1496332271.736948,1496332271.740083,1496332307.360944,1496332310.557248,1496332310.562186
Start,Overhead,AdjMatrix,ConnComp,End

1496332311.745544,1496332311.749856,1496332385.708496,1496332392.322981,1496332392.329175
Start,Overhead,AdjMatrix,ConnComp,End

1496332393.860765,1496332393.864564,1496332431.338044,1496332434.654533,1496332434.659656
Start,Overhead,AdjMatrix,ConnComp,End

1496332435.837698,1496332435.842052,1496332510.140463,1496332516.824792,1496332516.830680
