TACC: Starting up job 8076258
TACC: Setting up parallel environment for MVAPICH2+mpispawn.
TACC: Starting parallel tasks...

CPPTRAJ: Trajectory Analysis. V16.00b MPI
    ___  ___  ___  ___
     | \/ | \/ | \/ | 
    _|_/\_|_/\_|_/\_|_

| Running on 32 threads
| Date/time: 01/05/17 18:23:53
| Available memory: 29.360 GB

INPUT: Reading input from 'cpptraj_ens.in'
  [parm /scratch/03170/tg824689/amber_test/utah_DNA/amber.utah.edu/DNA-dynamics/GAAC/Anton-data/GAAC3/GAAC.topo]
	Reading '/scratch/03170/tg824689/amber_test/utah_DNA/amber.utah.edu/DNA-dynamics/GAAC/Anton-data/GAAC3/GAAC.topo' as Amber Topology
  [trajin ../ens2.dcd 1 160000 nosort]
	Reading '../ens2.dcd' as Charmm DCD
  [rmsd first @H* out rsmd_exp_ens.dat]
    RMSD: (@H*), reference is first frame (@H*).
	Best-fit RMSD will be calculated, coords will be rotated and translated.
  [run]
---------- RUN BEGIN -------------------------------------------------

PARAMETER FILES (1 total):
 0: GAAC.topo, 58329 atoms, 19202 res, box: Orthogonal, 19168 mol, 19012 solvent

INPUT TRAJECTORIES (1 total):
 0: 'ens2.dcd' is a CHARMM DCD file Little Endian 32 bit, Parm GAAC.topo (Orthogonal box) (reading 160000 of 160000)
  Coordinate processing will occur on 160000 frames.

PARALLEL INFO:
  Thread 0 will process 5000 frames.
  Thread 1 will process 5000 frames.
  Thread 2 will process 5000 frames.
  Thread 3 will process 5000 frames.
  Thread 4 will process 5000 frames.
  Thread 5 will process 5000 frames.
  Thread 6 will process 5000 frames.
  Thread 7 will process 5000 frames.
  Thread 8 will process 5000 frames.
  Thread 9 will process 5000 frames.
  Thread 10 will process 5000 frames.
  Thread 11 will process 5000 frames.
  Thread 12 will process 5000 frames.
  Thread 13 will process 5000 frames.
  Thread 14 will process 5000 frames.
  Thread 15 will process 5000 frames.
  Thread 16 will process 5000 frames.
  Thread 17 will process 5000 frames.
  Thread 18 will process 5000 frames.
  Thread 19 will process 5000 frames.
  Thread 20 will process 5000 frames.
  Thread 21 will process 5000 frames.
  Thread 22 will process 5000 frames.
  Thread 23 will process 5000 frames.
  Thread 24 will process 5000 frames.
  Thread 25 will process 5000 frames.
  Thread 26 will process 5000 frames.
  Thread 27 will process 5000 frames.
  Thread 28 will process 5000 frames.
  Thread 29 will process 5000 frames.
  Thread 30 will process 5000 frames.
  Thread 31 will process 5000 frames.
.....................................................
ACTION SETUP FOR PARM 'GAAC.topo' (1 actions):
  0: [rmsd first @H* out rsmd_exp_ens.dat]
	Target mask: [@H*](38431)
	Reference mask: [@H*](38431)
Warning: Coordinates are being rotated and box coordinates are present.
Warning: Unit cell vectors are NOT rotated; imaging will not be possible
Warning:  after the RMS-fit is performed.

BEGIN PARALLEL TRAJECTORY PROCESSING:
 0% 10% 20% 30% 40% 50% 60% 70% 80% 90% 100% Complete.
TIME: Rank 0 throughput= 27.4106 frames / second.
TIME: Rank 1 throughput= 27.6586 frames / second.
TIME: Rank 2 throughput= 27.8272 frames / second.
TIME: Rank 3 throughput= 27.6851 frames / second.
TIME: Rank 4 throughput= 29.4381 frames / second.
TIME: Rank 5 throughput= 29.7267 frames / second.
TIME: Rank 6 throughput= 31.3963 frames / second.
TIME: Rank 7 throughput= 33.1499 frames / second.
TIME: Rank 8 throughput= 32.5452 frames / second.
TIME: Rank 9 throughput= 32.3900 frames / second.
TIME: Rank 10 throughput= 33.4703 frames / second.
TIME: Rank 11 throughput= 34.1314 frames / second.
TIME: Rank 12 throughput= 34.6960 frames / second.
TIME: Rank 13 throughput= 33.9025 frames / second.
TIME: Rank 14 throughput= 33.9490 frames / second.
TIME: Rank 15 throughput= 33.4413 frames / second.
TIME: Rank 16 throughput= 34.2333 frames / second.
TIME: Rank 17 throughput= 33.0792 frames / second.
TIME: Rank 18 throughput= 31.3146 frames / second.
TIME: Rank 19 throughput= 31.7757 frames / second.
TIME: Rank 20 throughput= 31.6499 frames / second.
TIME: Rank 21 throughput= 33.1084 frames / second.
TIME: Rank 22 throughput= 33.6769 frames / second.
TIME: Rank 23 throughput= 33.6715 frames / second.
TIME: Rank 24 throughput= 32.1818 frames / second.
TIME: Rank 25 throughput= 32.5971 frames / second.
TIME: Rank 26 throughput= 30.8521 frames / second.
TIME: Rank 27 throughput= 30.7163 frames / second.
TIME: Rank 28 throughput= 29.1855 frames / second.
TIME: Rank 29 throughput= 29.2751 frames / second.
TIME: Rank 30 throughput= 28.0420 frames / second.
TIME: Rank 31 throughput= 27.6944 frames / second.
TIME: Avg. throughput= 877.1391 frames / second.

ACTION OUTPUT:

DATASETS (1 total):
	RMSD_00001 "RMSD_00001" (double, rms), size is 160000

DATAFILES (1 total):
  rsmd_exp_ens.dat (Standard Data File):  RMSD_00001

RUN TIMING:
TIME:		Init               : 0.0204 s (  0.01%)
TIME:		Trajectory Process : 182.4112 s ( 99.88%)
TIME:		Data Set Sync      : 0.0033 s (  0.00%)
TIME:		Action Post        : 0.0000 s (  0.00%)
TIME:		Analysis           : 0.0000 s (  0.00%)
TIME:		Data File Write    : 0.1940 s (  0.11%)
TIME:		Other              : 0.0035 s (  0.00%)
TIME:	Run Total 182.6324 s
---------- RUN END ---------------------------------------------------
  [quit]
TIME: Total execution time: 183.0759 seconds.
--------------------------------------------------------------------------------
To cite CPPTRAJ use:
Daniel R. Roe and Thomas E. Cheatham, III, "PTRAJ and CPPTRAJ: Software for
  Processing and Analysis of Molecular Dynamics Trajectory Data". J. Chem.
  Theory Comput., 2013, 9 (7), pp 3084-3095.

 
TACC: Shutdown complete. Exiting.

=============================== REMORA SUMMARY ===============================
 Max Memory Used Per Node     : 2.25 GB
 Total Elapsed Time           : 0d 0h 3m 13s 232ms
------------------------------------------------------------------------------
 Max IO Load / home1          :     277 IOPS     208 RD(MB/S)       0 WR(MB/S)
 Max IO Load / scratch        :    1205 IOPS    1057 RD(MB/S)       0 WR(MB/S)
 Max IO Load / work           :       4 IOPS       0 RD(MB/S)       0 WR(MB/S)
==============================================================================
 Sampling Period              : 1 seconds
 Complete Report Data         : /scratch/03170/tg824689/cpptraj_exp/x2_scratch_2/32_2/remora_8076258
==============================================================================

