Hello, World! I am process 1 of 112 with 22431 and 44862.

block_rmsd 22431 44862 1
Hello, World! I am process 28 of 112 with 628068 and 650499.

block_rmsd 628068 650499 1
Hello, World! I am process 84 of 112 with 1884204 and 1906635.

block_rmsd 1884204 1906635 1
Hello, World! I am process 56 of 112 with 1256136 and 1278567.

block_rmsd 1256136 1278567 1
Hello, World! I am process 2 of 112 with 44862 and 67293.

block_rmsd 44862 67293 1
Hello, World! I am process 29 of 112 with 650499 and 672930.

block_rmsd 650499 672930 1
Hello, World! I am process 85 of 112 with 1906635 and 1929066.

block_rmsd 1906635 1929066 1
Hello, World! I am process 57 of 112 with 1278567 and 1300998.

block_rmsd 1278567 1300998 1
Hello, World! I am process 3 of 112 with 67293 and 89724.

block_rmsd 67293 89724 1
Hello, World! I am process 30 of 112 with 672930 and 695361.

block_rmsd 672930 695361 1
Hello, World! I am process 86 of 112 with 1929066 and 1951497.

block_rmsd 1929066 1951497 1
Hello, World! I am process 58 of 112 with 1300998 and 1323429.

block_rmsd 1300998 1323429 1
Hello, World! I am process 4 of 112 with 89724 and 112155.

block_rmsd 89724 112155 1
Hello, World! I am process 31 of 112 with 695361 and 717792.

block_rmsd 695361 717792 1
Hello, World! I am process 87 of 112 with 1951497 and 1973928.

block_rmsd 1951497 1973928 1
Hello, World! I am process 59 of 112 with 1323429 and 1345860.

block_rmsd 1323429 1345860 1
Hello, World! I am process 5 of 112 with 112155 and 134586.

block_rmsd 112155 134586 1
Hello, World! I am process 32 of 112 with 717792 and 740223.

block_rmsd 717792 740223 1
Hello, World! I am process 88 of 112 with 1973928 and 1996359.

block_rmsd 1973928 1996359 1
Hello, World! I am process 60 of 112 with 1345860 and 1368291.

block_rmsd 1345860 1368291 1
Hello, World! I am process 6 of 112 with 134586 and 157017.

block_rmsd 134586 157017 1
Hello, World! I am process 33 of 112 with 740223 and 762654.

block_rmsd 740223 762654 1
Hello, World! I am process 89 of 112 with 1996359 and 2018790.

block_rmsd 1996359 2018790 1
Hello, World! I am process 61 of 112 with 1368291 and 1390722.

block_rmsd 1368291 1390722 1
Hello, World! I am process 7 of 112 with 157017 and 179448.

block_rmsd 157017 179448 1
Hello, World! I am process 34 of 112 with 762654 and 785085.

block_rmsd 762654 785085 1
Hello, World! I am process 90 of 112 with 2018790 and 2041221.

block_rmsd 2018790 2041221 1
Hello, World! I am process 62 of 112 with 1390722 and 1413153.

block_rmsd 1390722 1413153 1
Hello, World! I am process 8 of 112 with 179448 and 201879.

block_rmsd 179448 201879 1
Hello, World! I am process 35 of 112 with 785085 and 807516.

block_rmsd 785085 807516 1
Hello, World! I am process 91 of 112 with 2041221 and 2063652.

block_rmsd 2041221 2063652 1
Hello, World! I am process 63 of 112 with 1413153 and 1435584.

block_rmsd 1413153 1435584 1
Hello, World! I am process 9 of 112 with 201879 and 224310.

block_rmsd 201879 224310 1
Hello, World! I am process 36 of 112 with 807516 and 829947.

block_rmsd 807516 829947 1
Hello, World! I am process 92 of 112 with 2063652 and 2086083.

block_rmsd 2063652 2086083 1
Hello, World! I am process 64 of 112 with 1435584 and 1458015.

block_rmsd 1435584 1458015 1
Hello, World! I am process 10 of 112 with 224310 and 246741.

block_rmsd 224310 246741 1
Hello, World! I am process 37 of 112 with 829947 and 852378.

block_rmsd 829947 852378 1
Hello, World! I am process 93 of 112 with 2086083 and 2108514.

block_rmsd 2086083 2108514 1
Hello, World! I am process 65 of 112 with 1458015 and 1480446.

block_rmsd 1458015 1480446 1
Hello, World! I am process 11 of 112 with 246741 and 269172.

block_rmsd 246741 269172 1
Hello, World! I am process 38 of 112 with 852378 and 874809.

block_rmsd 852378 874809 1
Hello, World! I am process 94 of 112 with 2108514 and 2130945.

block_rmsd 2108514 2130945 1
Hello, World! I am process 66 of 112 with 1480446 and 1502877.

block_rmsd 1480446 1502877 1
Hello, World! I am process 12 of 112 with 269172 and 291603.

block_rmsd 269172 291603 1
Hello, World! I am process 39 of 112 with 874809 and 897240.

block_rmsd 874809 897240 1
Hello, World! I am process 95 of 112 with 2130945 and 2153376.

block_rmsd 2130945 2153376 1
Hello, World! I am process 67 of 112 with 1502877 and 1525308.

block_rmsd 1502877 1525308 1
Hello, World! I am process 13 of 112 with 291603 and 314034.

block_rmsd 291603 314034 1
Hello, World! I am process 40 of 112 with 897240 and 919671.

block_rmsd 897240 919671 1
Hello, World! I am process 96 of 112 with 2153376 and 2175807.

block_rmsd 2153376 2175807 1
Hello, World! I am process 68 of 112 with 1525308 and 1547739.

block_rmsd 1525308 1547739 1
Hello, World! I am process 14 of 112 with 314034 and 336465.

block_rmsd 314034 336465 1
Hello, World! I am process 41 of 112 with 919671 and 942102.

block_rmsd 919671 942102 1
Hello, World! I am process 97 of 112 with 2175807 and 2198238.

block_rmsd 2175807 2198238 1
Hello, World! I am process 69 of 112 with 1547739 and 1570170.

block_rmsd 1547739 1570170 1
Hello, World! I am process 15 of 112 with 336465 and 358896.

block_rmsd 336465 358896 1
Hello, World! I am process 42 of 112 with 942102 and 964533.

block_rmsd 942102 964533 1
Hello, World! I am process 98 of 112 with 2198238 and 2220669.

block_rmsd 2198238 2220669 1
Hello, World! I am process 70 of 112 with 1570170 and 1592601.

block_rmsd 1570170 1592601 1
Hello, World! I am process 16 of 112 with 358896 and 381327.

block_rmsd 358896 381327 1
Hello, World! I am process 43 of 112 with 964533 and 986964.

block_rmsd 964533 986964 1
Hello, World! I am process 99 of 112 with 2220669 and 2243100.

block_rmsd 2220669 2243100 1
Hello, World! I am process 71 of 112 with 1592601 and 1615032.

block_rmsd 1592601 1615032 1
Hello, World! I am process 17 of 112 with 381327 and 403758.

block_rmsd 381327 403758 1
Hello, World! I am process 44 of 112 with 986964 and 1009395.

block_rmsd 986964 1009395 1
Hello, World! I am process 100 of 112 with 2243100 and 2265531.

block_rmsd 2243100 2265531 1
Hello, World! I am process 72 of 112 with 1615032 and 1637463.

block_rmsd 1615032 1637463 1
Hello, World! I am process 18 of 112 with 403758 and 426189.

block_rmsd 403758 426189 1
Hello, World! I am process 45 of 112 with 1009395 and 1031826.

block_rmsd 1009395 1031826 1
Hello, World! I am process 101 of 112 with 2265531 and 2287962.

block_rmsd 2265531 2287962 1
Hello, World! I am process 73 of 112 with 1637463 and 1659894.

block_rmsd 1637463 1659894 1
Hello, World! I am process 19 of 112 with 426189 and 448620.

block_rmsd 426189 448620 1
Hello, World! I am process 46 of 112 with 1031826 and 1054257.

block_rmsd 1031826 1054257 1
Hello, World! I am process 102 of 112 with 2287962 and 2310393.

block_rmsd 2287962 2310393 1
Hello, World! I am process 74 of 112 with 1659894 and 1682325.

block_rmsd 1659894 1682325 1
Hello, World! I am process 20 of 112 with 448620 and 471051.

block_rmsd 448620 471051 1
Hello, World! I am process 47 of 112 with 1054257 and 1076688.

block_rmsd 1054257 1076688 1
Hello, World! I am process 103 of 112 with 2310393 and 2332824.

block_rmsd 2310393 2332824 1
Hello, World! I am process 75 of 112 with 1682325 and 1704756.

block_rmsd 1682325 1704756 1
Hello, World! I am process 21 of 112 with 471051 and 493482.

block_rmsd 471051 493482 1
Hello, World! I am process 48 of 112 with 1076688 and 1099119.

block_rmsd 1076688 1099119 1
Hello, World! I am process 104 of 112 with 2332824 and 2355255.

block_rmsd 2332824 2355255 1
Hello, World! I am process 76 of 112 with 1704756 and 1727187.

block_rmsd 1704756 1727187 1
Hello, World! I am process 22 of 112 with 493482 and 515913.

block_rmsd 493482 515913 1
Hello, World! I am process 49 of 112 with 1099119 and 1121550.

block_rmsd 1099119 1121550 1
Hello, World! I am process 105 of 112 with 2355255 and 2377686.

block_rmsd 2355255 2377686 1
Hello, World! I am process 77 of 112 with 1727187 and 1749618.

block_rmsd 1727187 1749618 1
Hello, World! I am process 23 of 112 with 515913 and 538344.

block_rmsd 515913 538344 1
Hello, World! I am process 50 of 112 with 1121550 and 1143981.

block_rmsd 1121550 1143981 1
Hello, World! I am process 106 of 112 with 2377686 and 2400117.

block_rmsd 2377686 2400117 1
Hello, World! I am process 78 of 112 with 1749618 and 1772049.

block_rmsd 1749618 1772049 1
Hello, World! I am process 24 of 112 with 538344 and 560775.

block_rmsd 538344 560775 1
Hello, World! I am process 51 of 112 with 1143981 and 1166412.

block_rmsd 1143981 1166412 1
Hello, World! I am process 107 of 112 with 2400117 and 2422548.

block_rmsd 2400117 2422548 1
Hello, World! I am process 79 of 112 with 1772049 and 1794480.

block_rmsd 1772049 1794480 1
Hello, World! I am process 25 of 112 with 560775 and 583206.

block_rmsd 560775 583206 1
Hello, World! I am process 52 of 112 with 1166412 and 1188843.

block_rmsd 1166412 1188843 1
Hello, World! I am process 108 of 112 with 2422548 and 2444979.

block_rmsd 2422548 2444979 1
Hello, World! I am process 80 of 112 with 1794480 and 1816911.

block_rmsd 1794480 1816911 1
Hello, World! I am process 26 of 112 with 583206 and 605637.

block_rmsd 583206 605637 1
Hello, World! I am process 53 of 112 with 1188843 and 1211274.

block_rmsd 1188843 1211274 1
Hello, World! I am process 109 of 112 with 2444979 and 2467410.

block_rmsd 2444979 2467410 1
Hello, World! I am process 81 of 112 with 1816911 and 1839342.

block_rmsd 1816911 1839342 1
Hello, World! I am process 27 of 112 with 605637 and 628068.

block_rmsd 605637 628068 1
Hello, World! I am process 54 of 112 with 1211274 and 1233705.

block_rmsd 1211274 1233705 1
Hello, World! I am process 110 of 112 with 2467410 and 2489841.

block_rmsd 2467410 2489841 1
Hello, World! I am process 82 of 112 with 1839342 and 1861773.

block_rmsd 1839342 1861773 1
Hello, World! I am process 0 of 112 with 0 and 22431.

block_rmsd 0 22431 1
[1.0380761623382568, 0.8696858882904053, 0.8419144153594971, 0.8691229820251465, 0.8419764041900635, 0.8420071601867676, 0.8425145149230957, 0.8425607681274414, 0.8426191806793213, 0.8426423072814941, 0.8427102565765381, 0.8513994216918945, 0.8455026149749756, 0.8876612186431885, 0.982036828994751, 0.8432748317718506, 0.8433918952941895, 0.8435063362121582, 0.8440594673156738, 0.8441863059997559, 0.8442845344543457, 0.8444321155548096, 0.8445460796356201, 0.8451313972473145, 0.8452613353729248, 0.8513267040252686, 0.8453476428985596, 0.8454577922821045, 0.8639442920684814, 0.8608298301696777, 0.8570668697357178, 0.8534533977508545, 0.851428747177124, 0.8525040149688721, 0.8534479141235352, 0.8536460399627686, 0.8525190353393555, 0.8550975322723389, 0.8536190986633301, 0.8660941123962402, 0.8647561073303223, 0.8654639720916748, 1.0380361080169678, 0.8537149429321289, 0.853215217590332, 0.8535699844360352, 0.8535311222076416, 0.8531343936920166, 0.8525192737579346, 0.8525304794311523, 0.8535671234130859, 0.8532886505126953, 0.9929912090301514, 0.8536849021911621, 0.8929071426391602, 0.8859250545501709, 0.8534934520721436, 0.9496157169342041, 0.8535816669464111, 0.8537700176239014, 0.8525700569152832, 0.8534724712371826, 0.8514683246612549, 0.8532428741455078, 0.8525094985961914, 0.8514139652252197, 0.8533182144165039, 0.8899633884429932, 0.8730127811431885, 0.8615121841430664, 0.995682954788208, 0.8533957004547119, 0.853689432144165, 0.8535575866699219, 0.8532814979553223, 0.8525116443634033, 0.8536651134490967, 0.8531365394592285, 0.8534860610961914, 0.852445125579834, 0.8532311916351318, 0.8678073883056641, 0.8766279220581055, 0.8664281368255615, 0.8537814617156982, 0.8700394630432129, 0.8536489009857178, 0.8533048629760742, 0.8537349700927734, 0.8537559509277344, 0.8536508083343506, 0.8534181118011475, 0.8514282703399658, 0.8532471656799316, 0.8655023574829102, 0.8712437152862549, 0.8537318706512451, 0.8786096572875977, 0.9867124557495117, 0.8533554077148438, 0.8525283336639404, 0.8553981781005859, 0.8524649143218994, 0.8514151573181152, 0.8535959720611572, 0.8511645793914795, 0.8514392375946045, 0.8514211177825928, 0.8514323234558105, 0.8537049293518066, 0.858231782913208, 0.8536117076873779] [0.0002448558807373047, 0.00024080276489257812, 0.00023555755615234375, 0.0002415180206298828, 0.00024056434631347656, 0.0002422332763671875, 0.00023889541625976562, 0.00026702880859375, 0.00025773048400878906, 0.00023674964904785156, 0.00024819374084472656, 0.00023674964904785156, 0.00023674964904785156, 0.0002562999725341797, 0.00027370452880859375, 0.00023674964904785156, 0.0002491474151611328, 0.0002434253692626953, 0.0002605915069580078, 0.00025773048400878906, 0.0002353191375732422, 0.0002346038818359375, 0.0002338886260986328, 0.0002560615539550781, 0.00023627281188964844, 0.00024366378784179688, 0.0002384185791015625, 0.00025177001953125, 0.00024080276489257812, 0.0002532005310058594, 0.0002684593200683594, 0.00025177001953125, 0.0002422332763671875, 0.0002510547637939453, 0.00023818016052246094, 0.00024366378784179688, 0.00024509429931640625, 0.00026416778564453125, 0.0002510547637939453, 0.0002486705780029297, 0.0002651214599609375, 0.0002505779266357422, 0.0002620220184326172, 0.0002620220184326172, 0.00024247169494628906, 0.00023794174194335938, 0.0002484321594238281, 0.0002598762512207031, 0.00025153160095214844, 0.0002453327178955078, 0.0002484321594238281, 0.0002536773681640625, 0.00027441978454589844, 0.0002384185791015625, 0.0002703666687011719, 0.00026226043701171875, 0.00023245811462402344, 0.00023221969604492188, 0.0002484321594238281, 0.00024628639221191406, 0.00024437904357910156, 0.0002288818359375, 0.00024628639221191406, 0.0002319812774658203, 0.0002315044403076172, 0.00024247169494628906, 0.00025010108947753906, 0.0002760887145996094, 0.0002677440643310547, 0.0002644062042236328, 0.0002448558807373047, 0.00023627281188964844, 0.00023484230041503906, 0.00025177001953125, 0.00023508071899414062, 0.0002548694610595703, 0.00024199485778808594, 0.00023698806762695312, 0.00024509429931640625, 0.0002448558807373047, 0.0002510547637939453, 0.00025177001953125, 0.00026679039001464844, 0.00024175643920898438, 0.00025773048400878906, 0.00023508071899414062, 0.00023674964904785156, 0.00023865699768066406, 0.0002493858337402344, 0.0002377033233642578, 0.00023365020751953125, 0.00023412704467773438, 0.00023698806762695312, 0.0002391338348388672, 0.00023865699768066406, 0.0002655982971191406, 0.00024318695068359375, 0.00023555755615234375, 0.0002574920654296875, 0.0002503395080566406, 0.0002422332763671875, 0.00023794174194335938, 0.00025844573974609375, 0.00024127960205078125, 0.0002491474151611328, 0.0002315044403076172, 0.0002460479736328125, 0.00025177001953125, 0.00023865699768066406, 0.0002532005310058594, 0.000232696533203125, 0.00025844573974609375] [0.19696617126464844, 0.00017452239990234375, 0.005070209503173828, 0.00017595291137695312, 0.028326749801635742, 0.007465362548828125, 0.005360126495361328, 0.011086463928222656, 0.007873773574829102, 0.04496932029724121, 0.029158353805541992, 0.0009899139404296875, 0.0014090538024902344, 0.00017571449279785156, 0.0002086162567138672, 0.05171036720275879, 0.039402008056640625, 0.0526273250579834, 0.002488851547241211, 0.010972261428833008, 0.05887627601623535, 0.06385087966918945, 0.05909872055053711, 0.0188748836517334, 0.08316612243652344, 0.0028619766235351562, 0.025495290756225586, 0.019303560256958008, 0.0001316070556640625, 0.00012826919555664062, 0.00014829635620117188, 0.033141374588012695, 0.05189394950866699, 0.04921460151672363, 0.03297781944274902, 0.025286436080932617, 0.04785895347595215, 0.00015020370483398438, 0.02542281150817871, 0.0001361370086669922, 0.0001399517059326172, 0.00014066696166992188, 0.0002551078796386719, 0.008209466934204102, 0.038109779357910156, 0.030354976654052734, 0.030359745025634766, 0.04050254821777344, 0.043186187744140625, 0.043987274169921875, 0.028437137603759766, 0.03442049026489258, 0.00016021728515625, 0.013991594314575195, 0.0001537799835205078, 0.0001456737518310547, 0.030666589736938477, 0.00014472007751464844, 0.026218652725219727, 0.0072727203369140625, 0.042524099349975586, 0.03269028663635254, 0.060930490493774414, 0.03693723678588867, 0.043276071548461914, 0.06143331527709961, 0.03547930717468262, 0.00016617774963378906, 0.0001513957977294922, 0.0001468658447265625, 0.00017333030700683594, 0.033982276916503906, 0.018282175064086914, 0.030073881149291992, 0.03561139106750488, 0.04116106033325195, 0.022803783416748047, 0.03867912292480469, 0.031221866607666016, 0.050293684005737305, 0.03688406944274902, 0.00014519691467285156, 0.00015425682067871094, 0.0001461505889892578, 0.007375478744506836, 0.00013947486877441406, 0.026204586029052734, 0.03615617752075195, 0.01631641387939453, 0.0020372867584228516, 0.02504873275756836, 0.0331110954284668, 0.05005073547363281, 0.03756904602050781, 0.000164031982421875, 0.00013446807861328125, 0.016869068145751953, 0.00013375282287597656, 0.00015807151794433594, 0.0342710018157959, 0.04404735565185547, 0.00014090538024902344, 0.04982495307922363, 0.06413769721984863, 0.02632737159729004, 0.07222771644592285, 0.06710243225097656, 0.056073904037475586, 0.06257796287536621, 0.019804000854492188, 0.00014066696166992188, 0.02752399444580078]
[[3.68052875e-05 8.40554953e-01]
 [3.80774060e-05 8.68952990e-01]
 [3.67204683e-05 8.36333513e-01]
 [3.80486546e-05 8.68396282e-01]
 [3.56635229e-05 8.13127041e-01]
 [3.65781782e-05 8.34001780e-01]
 [3.66374135e-05 8.36640120e-01]
 [3.63598484e-05 8.30926895e-01]
 [3.65008843e-05 8.34188700e-01]
 [3.49483096e-05 7.97130585e-01]
 [3.56061583e-05 8.12974215e-01]
 [3.72576462e-05 8.49862814e-01]
 [3.69708976e-05 8.43549252e-01]
 [3.87910249e-05 8.86917353e-01]
 [4.28947134e-05 9.81290102e-01]
 [3.46683955e-05 7.91052341e-01]
 [3.51860054e-05 8.03449869e-01]
 [3.45904958e-05 7.90346384e-01]
 [3.67671083e-05 8.41041803e-01]
 [3.64963988e-05 8.32676649e-01]
 [3.44163506e-05 7.84900904e-01]
 [3.41544951e-05 7.80073643e-01]
 [3.43931901e-05 7.84937620e-01]
 [3.61129798e-05 8.25714350e-01]
 [3.34017191e-05 7.61561632e-01]
 [3.71846464e-05 8.47938061e-01]
 [3.59219133e-05 8.19334984e-01]
 [3.61894765e-05 8.25629950e-01]
 [3.78183034e-05 8.63298416e-01]
 [3.77073901e-05 8.60181093e-01]
 [3.74509235e-05 8.56362581e-01]
 [3.59423953e-05 8.19787025e-01]
 [3.50096601e-05 7.98975945e-01]
 [3.51907885e-05 8.02769899e-01]
 [3.59411942e-05 8.19953918e-01]
 [3.62093421e-05 8.27844381e-01]
 [3.52450069e-05 8.04153204e-01]
 [3.73085802e-05 8.54418039e-01]
 [3.62379021e-05 8.27670574e-01]
 [3.78866478e-05 8.65408659e-01]
 [3.78473205e-05 8.64073277e-01]
 [3.78333541e-05 8.64792824e-01]
 [4.52742437e-05 1.03723502e+00]
 [3.69616398e-05 8.44944954e-01]
 [3.57395732e-05 8.14548016e-01]
 [3.60422971e-05 8.22669506e-01]
 [3.60848767e-05 8.22647333e-01]
 [3.55670224e-05 8.12077522e-01]
 [3.54316092e-05 8.08809519e-01]
 [3.54066736e-05 8.08007479e-01]
 [3.61525940e-05 8.24582815e-01]
 [3.58653459e-05 8.18336725e-01]
 [4.35331110e-05 9.92266893e-01]
 [3.67666087e-05 8.39167118e-01]
 [3.90426340e-05 8.92193317e-01]
 [3.87894305e-05 8.85236025e-01]
 [3.60088052e-05 8.22315693e-01]
 [4.16707761e-05 9.48975801e-01]
 [3.62688537e-05 8.26847792e-01]
 [3.70926844e-05 8.45982313e-01]
 [3.55095940e-05 8.09532404e-01]
 [3.59545974e-05 8.20291519e-01]
 [3.46501668e-05 7.90009499e-01]
 [3.57650934e-05 8.15806389e-01]
 [3.54147304e-05 8.08735847e-01]
 [3.46696710e-05 7.89453506e-01]
 [3.58058767e-05 8.17320824e-01]
 [3.89319226e-05 8.89236450e-01]
 [3.81040741e-05 8.72322083e-01]
 [3.75906095e-05 8.60828400e-01]
 [4.35419862e-05 9.94991302e-01]
 [3.59056828e-05 8.18916082e-01]
 [3.66127436e-05 8.34904909e-01]
 [3.60375034e-05 8.22970152e-01]
 [3.58381144e-05 8.17174435e-01]
 [3.54817992e-05 8.10832500e-01]
 [3.63635154e-05 8.30351353e-01]
 [3.56328264e-05 8.13952208e-01]
 [3.60087733e-05 8.21757317e-01]
 [3.50964138e-05 8.01633120e-01]
 [3.57475024e-05 8.15829039e-01]
 [3.79372311e-05 8.67139101e-01]
 [3.82384456e-05 8.75933170e-01]
 [3.79247208e-05 8.65761280e-01]
 [3.69947916e-05 8.45879078e-01]
 [3.80537778e-05 8.69397640e-01]
 [3.62353831e-05 8.26936722e-01]
 [3.58341817e-05 8.16632986e-01]
 [3.67061192e-05 8.36894274e-01]
 [3.72909893e-05 8.51215839e-01]
 [3.62990081e-05 8.28102589e-01]
 [3.58450870e-05 8.19795132e-01]
 [3.50593824e-05 8.00867081e-01]
 [3.57562500e-05 8.15160513e-01]
 [3.79024956e-05 8.64830017e-01]
 [3.81455696e-05 8.70567799e-01]
 [3.66918551e-05 8.36340666e-01]
 [3.84305431e-05 8.77955914e-01]
 [4.31397326e-05 9.86012220e-01]
 [3.58002328e-05 8.18568945e-01]
 [3.53988826e-05 8.07979584e-01]
 [3.74656021e-05 8.54761839e-01]
 [3.50928318e-05 8.02113295e-01]
 [3.44428699e-05 7.86771774e-01]
 [3.61739051e-05 8.26563120e-01]
 [3.41487980e-05 7.78430462e-01]
 [3.43878437e-05 7.83823252e-01]
 [3.47419693e-05 7.94840336e-01]
 [3.45049431e-05 7.88342953e-01]
 [3.65003953e-05 8.33392620e-01]
 [3.76178516e-05 8.57600451e-01]
 [3.61469712e-05 8.25551033e-01]]Hello, World! I am process 55 of 112 with 1233705 and 1256136.

block_rmsd 1233705 1256136 1
Hello, World! I am process 111 of 112 with 2489841 and 2512272.

block_rmsd 2489841 2512272 1
Hello, World! I am process 83 of 112 with 1861773 and 1884204.

block_rmsd 1861773 1884204 1

