TACC: Starting up job 7574103
TACC: Setting up parallel environment for MVAPICH2+mpispawn.
TACC: Starting parallel tasks...

CPPTRAJ: Trajectory Analysis. V16.00b MPI
    ___  ___  ___  ___
     | \/ | \/ | \/ | 
    _|_/\_|_/\_|_/\_|_

| Running on 128 threads
| Date/time: 09/02/16 18:45:39
| Available memory: 29.171 GB

INPUT: Reading input from 'cpptraj_ens.in'
  [parm /scratch/03170/tg824689/amber_test/utah_DNA/amber.utah.edu/DNA-dynamics/GAAC/Anton-data/GAAC3/GAAC.topo]
	Reading '/scratch/03170/tg824689/amber_test/utah_DNA/amber.utah.edu/DNA-dynamics/GAAC/Anton-data/GAAC3/GAAC.topo' as Amber Topology
  [ensemble /scratch/03170/tg824689/amber_test/utah_DNA/amber.utah.edu/DNA-dynamics/GAAC/Anton-data/GAAC3/GAAC3.dcd.1 1 20000 nosort trajnames /scratch/03170/tg824689/amber_test/utah_DNA/amber.utah.edu/DNA-dynamics/GAAC/Anton-data/GAAC3/GAAC3.dcd.2,/scratch/03170/tg824689/amber_test/utah_DNA/amber.utah.edu/DNA-dynamics/GAAC/Anton-data/GAAC3/GAAC3.dcd.3,/scratch/03170/tg824689/amber_test/utah_DNA/amber.utah.edu/DNA-dynamics/GAAC/Anton-data/GAAC3/GAAC3.dcd.4,/scratch/03170/tg824689/amber_test/utah_DNA/amber.utah.edu/DNA-dynamics/GAAC/Anton-data/GAAC3/GAAC3.dcd.5,/scratch/03170/tg824689/amber_test/utah_DNA/amber.utah.edu/DNA-dynamics/GAAC/Anton-data/GAAC3/GAAC3.dcd.6,/scratch/03170/tg824689/amber_test/utah_DNA/amber.utah.edu/DNA-dynamics/GAAC/Anton-data/GAAC3/GAAC3.dcd.7,/scratch/03170/tg824689/amber_test/utah_DNA/amber.utah.edu/DNA-dynamics/GAAC/Anton-data/GAAC3/GAAC3.dcd.8,/scratch/03170/tg824689/amber_test/utah_DNA/amber.utah.edu/DNA-dynamics/GAAC/Anton-data/GAAC3/GAAC3.dcd.9,/scratch/03170/tg824689/amber_test/utah_DNA/amber.utah.edu/DNA-dynamics/GAAC/Anton-data/GAAC3/GAAC3.dcd.10,/scratch/03170/tg824689/amber_test/utah_DNA/amber.utah.edu/DNA-dynamics/GAAC/Anton-data/GAAC3/GAAC3.dcd.11,/scratch/03170/tg824689/amber_test/utah_DNA/amber.utah.edu/DNA-dynamics/GAAC/Anton-data/GAAC3/GAAC3.dcd.12,/scratch/03170/tg824689/amber_test/utah_DNA/amber.utah.edu/DNA-dynamics/GAAC/Anton-data/GAAC3/GAAC3.dcd.13,/scratch/03170/tg824689/amber_test/utah_DNA/amber.utah.edu/DNA-dynamics/GAAC/Anton-data/GAAC3/GAAC3.dcd.14,/scratch/03170/tg824689/amber_test/utah_DNA/amber.utah.edu/DNA-dynamics/GAAC/Anton-data/GAAC3/GAAC3.dcd.15,/scratch/03170/tg824689/amber_test/utah_DNA/amber.utah.edu/DNA-dynamics/GAAC/Anton-data/GAAC3/GAAC3.dcd.16]
Warning: Ensemble setup efficiency in parallel is greatly
Warning:   improved via the 'ensemblesize' command.
	Reading '/scratch/03170/tg824689/amber_test/utah_DNA/amber.utah.edu/DNA-dynamics/GAAC/Anton-data/GAAC3/GAAC3.dcd.1' as Charmm DCD
Warning: Replica GAAC3.dcd.2 frames (20000) does not match # frames in first replica (20001).
Warning: Setting total # of frames to read from replica ensemble to 20000
Warning: Replica GAAC3.dcd.3 frames (20000) does not match # frames in first replica (20001).
Warning: Replica GAAC3.dcd.4 frames (20000) does not match # frames in first replica (20001).
Warning: Replica GAAC3.dcd.5 frames (20000) does not match # frames in first replica (20001).
Warning: Replica GAAC3.dcd.6 frames (20000) does not match # frames in first replica (20001).
Warning: Replica GAAC3.dcd.7 frames (20000) does not match # frames in first replica (20001).
Warning: Replica GAAC3.dcd.8 frames (20000) does not match # frames in first replica (20001).
Warning: Replica GAAC3.dcd.9 frames (20000) does not match # frames in first replica (20001).
Warning: Replica GAAC3.dcd.10 frames (20000) does not match # frames in first replica (20001).
Warning: Replica GAAC3.dcd.11 frames (20000) does not match # frames in first replica (20001).
Warning: Replica GAAC3.dcd.12 frames (20000) does not match # frames in first replica (20001).
Warning: Replica GAAC3.dcd.13 frames (20000) does not match # frames in first replica (20001).
Warning: Replica GAAC3.dcd.14 frames (20000) does not match # frames in first replica (20001).
Warning: Replica GAAC3.dcd.15 frames (20000) does not match # frames in first replica (20001).
Warning: Replica GAAC3.dcd.16 frames (20000) does not match # frames in first replica (20001).
  [rmsd first @H* out rsmd_exp_ens.dat]
    RMSD: (@H*), reference is first frame (@H*).
	Best-fit RMSD will be calculated, coords will be rotated and translated.
  [run]
---------- RUN BEGIN -------------------------------------------------

ENSEMBLE INFO:
  Ensemble size is 16

PARAMETER FILES (1 total):
 0: GAAC.topo, 58329 atoms, 19202 res, box: Orthogonal, 19168 mol, 19012 solvent

INPUT ENSEMBLES (1 total):
 0: Trajectory ensemble (16 total), lowest replica 'GAAC3.dcd.1' (reading 20000 of 20000)
	Not sorting ensemble.
  Coordinate processing will occur on 20000 frames.

PARALLEL INFO:
  8 threads per ensemble member.
  Thread 0 will process 2500 frames.
  Thread 1 will process 2500 frames.
  Thread 2 will process 2500 frames.
  Thread 3 will process 2500 frames.
  Thread 4 will process 2500 frames.
  Thread 5 will process 2500 frames.
  Thread 6 will process 2500 frames.
  Thread 7 will process 2500 frames.
.....................................................
ACTION SETUP FOR PARM 'GAAC.topo' (1 actions):
  0: [rmsd first @H* out rsmd_exp_ens.dat]
	Target mask: [@H*](38431)
	Reference mask: [@H*](38431)
Warning: Coordinates are being rotated and box coordinates are present.
Warning: Unit cell vectors are NOT rotated; imaging will not be possible
Warning:  after the RMS-fit is performed.

BEGIN PARALLEL ENSEMBLE PROCESSING:
 0% 10% 20% 30% 40% 50% 60% 70% 80% 90% 100% Complete.
TIME: Member    0 ranks FPS=    68.47    69.07    67.72    76.13    75.55    82.39    68.48    71.74
TIME: Member    1 ranks FPS=    38.57    38.50    43.33    42.90    45.44    42.29    38.85    44.22
TIME: Member    2 ranks FPS=    87.57    79.54    81.08    88.72    93.12    86.15    89.70    80.72
TIME: Member    3 ranks FPS=    65.69    69.96    85.45    61.91    63.53    61.48    64.00    67.51
TIME: Member    4 ranks FPS=    62.15    62.61    71.18    61.58    61.64    81.24    63.18    74.37
TIME: Member    5 ranks FPS=    76.65    85.49    97.54    80.89    82.38    81.04   100.55    82.12
TIME: Member    6 ranks FPS=    79.66    89.64    86.54    87.79   103.06    90.14    85.79    79.23
TIME: Member    7 ranks FPS=   109.02    86.84   134.23    81.13    88.15    81.30    82.48    93.84
TIME: Member    8 ranks FPS=    81.54    77.69    74.80    87.52    82.84    84.35    77.60    79.39
TIME: Member    9 ranks FPS=    71.68    80.82    73.90    79.06    75.49    72.54    79.56    72.93
TIME: Member   10 ranks FPS=    68.30    70.25    70.69    76.12    73.95    87.70    85.02    98.87
TIME: Member   11 ranks FPS=    69.89    80.59    77.19    78.32    70.33    70.61    74.87    71.56
TIME: Member   12 ranks FPS=    66.88    89.76    86.61    75.23    77.80    76.39    75.01    82.69
TIME: Member   13 ranks FPS=    66.50    65.62    64.40    70.22    67.78    94.03    77.52    74.05
TIME: Member   14 ranks FPS=    64.72   137.66    68.57   126.06    70.72    91.96    65.35    75.75
TIME: Member   15 ranks FPS=    58.46    66.44    64.05    61.85    58.97    79.21    62.45    71.21
TIME: Avg. throughput= 307.9724 frames / second.

ACTION OUTPUT:

DATASETS (1 total):
	RMSD_00001%0 "RMSD_00001%0" (double, rms), size is 20000

DATAFILES (1 total):
  rsmd_exp_ens.dat.0 (Standard Data File):  RMSD_00001%0

RUN TIMING:
TIME:		Init               : 0.0188 s (  0.03%)
TIME:		Trajectory Process : 64.9409 s ( 99.90%)
TIME:		Data Set Sync      : 0.0002 s (  0.00%)
TIME:		Action Post        : 0.0000 s (  0.00%)
TIME:		Analysis           : 0.0000 s (  0.00%)
TIME:		Data File Write    : 0.0396 s (  0.06%)
TIME:		Other              : 0.0036 s (  0.00%)
TIME:	Run Total 65.0031 s
---------- RUN END ---------------------------------------------------
  [quit]
TIME: Total execution time: 66.9180 seconds.
--------------------------------------------------------------------------------
To cite CPPTRAJ use:
Daniel R. Roe and Thomas E. Cheatham, III, "PTRAJ and CPPTRAJ: Software for
  Processing and Analysis of Molecular Dynamics Trajectory Data". J. Chem.
  Theory Comput., 2013, 9 (7), pp 3084-3095.

 
TACC: Shutdown complete. Exiting.
