TACC: Starting up job 8081256
TACC: Setting up parallel environment for MVAPICH2+mpispawn.
TACC: Starting parallel tasks...

CPPTRAJ: Trajectory Analysis. V16.00b MPI
    ___  ___  ___  ___
     | \/ | \/ | \/ | 
    _|_/\_|_/\_|_/\_|_

| Running on 16 threads
| Date/time: 01/06/17 17:04:43
| Available memory: 29.467 GB

INPUT: Reading input from 'cpptraj_ens.in'
  [parm /scratch/03170/tg824689/amber_test/utah_DNA/amber.utah.edu/DNA-dynamics/GAAC/Anton-data/GAAC3/GAAC.topo]
	Reading '/scratch/03170/tg824689/amber_test/utah_DNA/amber.utah.edu/DNA-dynamics/GAAC/Anton-data/GAAC3/GAAC.topo' as Amber Topology
  [trajin ens2.dcd 1 160000 nosort]
	Reading 'ens2.dcd' as Charmm DCD
  [rmsd first @H* out rsmd_exp_ens.dat]
    RMSD: (@H*), reference is first frame (@H*).
	Best-fit RMSD will be calculated, coords will be rotated and translated.
  [run]
---------- RUN BEGIN -------------------------------------------------

PARAMETER FILES (1 total):
 0: GAAC.topo, 58329 atoms, 19202 res, box: Orthogonal, 19168 mol, 19012 solvent

INPUT TRAJECTORIES (1 total):
 0: 'ens2.dcd' is a CHARMM DCD file Little Endian 32 bit, Parm GAAC.topo (Orthogonal box) (reading 160000 of 160000)
  Coordinate processing will occur on 160000 frames.

PARALLEL INFO:
  Thread 0 will process 10000 frames.
  Thread 1 will process 10000 frames.
  Thread 2 will process 10000 frames.
  Thread 3 will process 10000 frames.
  Thread 4 will process 10000 frames.
  Thread 5 will process 10000 frames.
  Thread 6 will process 10000 frames.
  Thread 7 will process 10000 frames.
  Thread 8 will process 10000 frames.
  Thread 9 will process 10000 frames.
  Thread 10 will process 10000 frames.
  Thread 11 will process 10000 frames.
  Thread 12 will process 10000 frames.
  Thread 13 will process 10000 frames.
  Thread 14 will process 10000 frames.
  Thread 15 will process 10000 frames.
.....................................................
ACTION SETUP FOR PARM 'GAAC.topo' (1 actions):
  0: [rmsd first @H* out rsmd_exp_ens.dat]
	Target mask: [@H*](38431)
	Reference mask: [@H*](38431)
Warning: Coordinates are being rotated and box coordinates are present.
Warning: Unit cell vectors are NOT rotated; imaging will not be possible
Warning:  after the RMS-fit is performed.

BEGIN PARALLEL TRAJECTORY PROCESSING:
 0% 10% 20% 30% 40% 50% 60% 70% 80% 90% 100% Complete.
TIME: Rank 0 throughput= 122.3023 frames / second.
TIME: Rank 1 throughput= 125.9028 frames / second.
TIME: Rank 2 throughput= 126.9634 frames / second.
TIME: Rank 3 throughput= 126.5994 frames / second.
TIME: Rank 4 throughput= 129.9858 frames / second.
TIME: Rank 5 throughput= 135.3803 frames / second.
TIME: Rank 6 throughput= 138.9998 frames / second.
TIME: Rank 7 throughput= 137.7919 frames / second.
TIME: Rank 8 throughput= 142.8478 frames / second.
TIME: Rank 9 throughput= 136.3770 frames / second.
TIME: Rank 10 throughput= 138.3880 frames / second.
TIME: Rank 11 throughput= 138.0879 frames / second.
TIME: Rank 12 throughput= 130.1158 frames / second.
TIME: Rank 13 throughput= 131.7301 frames / second.
TIME: Rank 14 throughput= 130.5760 frames / second.
TIME: Rank 15 throughput= 126.4319 frames / second.
TIME: Avg. throughput= 1956.8287 frames / second.

ACTION OUTPUT:

DATASETS (1 total):
	RMSD_00001 "RMSD_00001" (double, rms), size is 160000

DATAFILES (1 total):
  rsmd_exp_ens.dat (Standard Data File):  RMSD_00001

RUN TIMING:
TIME:		Init               : 0.0179 s (  0.02%)
TIME:		Trajectory Process : 81.7650 s ( 99.69%)
TIME:		Data Set Sync      : 0.0083 s (  0.01%)
TIME:		Action Post        : 0.0000 s (  0.00%)
TIME:		Analysis           : 0.0000 s (  0.00%)
TIME:		Data File Write    : 0.2228 s (  0.27%)
TIME:		Other              : 0.0036 s (  0.00%)
TIME:	Run Total 82.0175 s
---------- RUN END ---------------------------------------------------
  [quit]
TIME: Total execution time: 82.4546 seconds.
--------------------------------------------------------------------------------
To cite CPPTRAJ use:
Daniel R. Roe and Thomas E. Cheatham, III, "PTRAJ and CPPTRAJ: Software for
  Processing and Analysis of Molecular Dynamics Trajectory Data". J. Chem.
  Theory Comput., 2013, 9 (7), pp 3084-3095.

 
TACC: Shutdown complete. Exiting.

=============================== REMORA SUMMARY ===============================
 Max Memory Used Per Node     : 1.76 GB
 Total Elapsed Time           : 0d 0h 1m 31s 222ms
------------------------------------------------------------------------------
 Max IO Load / home1          :     332 IOPS     242 RD(MB/S)       0 WR(MB/S)
 Max IO Load / scratch        :     644 IOPS    2068 RD(MB/S)       0 WR(MB/S)
 Max IO Load / work           :       2 IOPS       0 RD(MB/S)       0 WR(MB/S)
==============================================================================
 Sampling Period              : 1 seconds
 Complete Report Data         : /scratch/03170/tg824689/cpptraj_exp/x2_scratch_2/16_1/remora_8081256
==============================================================================

