TACC: Starting up job 7609789
TACC: Setting up parallel environment for MVAPICH2+mpispawn.
TACC: Starting parallel tasks...

CPPTRAJ: Trajectory Analysis. V16.00b MPI
    ___  ___  ___  ___
     | \/ | \/ | \/ | 
    _|_/\_|_/\_|_/\_|_

| Running on 32 threads
| Date/time: 09/13/16 13:02:43
| Available memory: 29.135 GB

INPUT: Reading input from 'cpptraj_ens.in'
  [parm /scratch/03170/tg824689/amber_test/utah_DNA/amber.utah.edu/DNA-dynamics/GAAC/Anton-data/GAAC3/GAAC.topo]
	Reading '/scratch/03170/tg824689/amber_test/utah_DNA/amber.utah.edu/DNA-dynamics/GAAC/Anton-data/GAAC3/GAAC.topo' as Amber Topology
  [ensemble /scratch/03170/tg824689/cpptraj_exp_data/ens/test.dcd.0 1 80000 nosort trajnames /scratch/03170/tg824689/cpptraj_exp_data/ens/test.dcd.1,/scratch/03170/tg824689/cpptraj_exp_data/ens/test.dcd.2,/scratch/03170/tg824689/cpptraj_exp_data/ens/test.dcd.3,/scratch/03170/tg824689/cpptraj_exp_data/ens/test.dcd.4,/scratch/03170/tg824689/cpptraj_exp_data/ens/test.dcd.5,/scratch/03170/tg824689/cpptraj_exp_data/ens/test.dcd.6,/scratch/03170/tg824689/cpptraj_exp_data/ens/test.dcd.7,/scratch/03170/tg824689/cpptraj_exp_data/ens/test.dcd.8,/scratch/03170/tg824689/cpptraj_exp_data/ens/test.dcd.9,/scratch/03170/tg824689/cpptraj_exp_data/ens/test.dcd.10,/scratch/03170/tg824689/cpptraj_exp_data/ens/test.dcd.11,/scratch/03170/tg824689/cpptraj_exp_data/ens/test.dcd.12,/scratch/03170/tg824689/cpptraj_exp_data/ens/test.dcd.13,/scratch/03170/tg824689/cpptraj_exp_data/ens/test.dcd.14,/scratch/03170/tg824689/cpptraj_exp_data/ens/test.dcd.15]
Warning: Ensemble setup efficiency in parallel is greatly
Warning:   improved via the 'ensemblesize' command.
	Reading '/scratch/03170/tg824689/cpptraj_exp_data/ens/test.dcd.0' as Charmm DCD
  [rmsd first @H* out rsmd_exp_ens.dat]
    RMSD: (@H*), reference is first frame (@H*).
	Best-fit RMSD will be calculated, coords will be rotated and translated.
  [run]
---------- RUN BEGIN -------------------------------------------------

ENSEMBLE INFO:
  Ensemble size is 16

PARAMETER FILES (1 total):
 0: GAAC.topo, 58329 atoms, 19202 res, box: Orthogonal, 19168 mol, 19012 solvent

INPUT ENSEMBLES (1 total):
 0: Trajectory ensemble (16 total), lowest replica 'test.dcd.0' (reading 80000 of 80000)
	Not sorting ensemble.
  Coordinate processing will occur on 80000 frames.

PARALLEL INFO:
  2 threads per ensemble member.
  Thread 0 will process 40000 frames.
  Thread 1 will process 40000 frames.
.....................................................
ACTION SETUP FOR PARM 'GAAC.topo' (1 actions):
  0: [rmsd first @H* out rsmd_exp_ens.dat]
	Target mask: [@H*](38431)
	Reference mask: [@H*](38431)
Warning: Coordinates are being rotated and box coordinates are present.
Warning: Unit cell vectors are NOT rotated; imaging will not be possible
Warning:  after the RMS-fit is performed.

BEGIN PARALLEL ENSEMBLE PROCESSING:
 0% 10% 20% 30% 40% 50% 60% 70% 80% 90% 100% Complete.
TIME: Member    0 ranks FPS=   108.09   111.83
TIME: Member    1 ranks FPS=   108.67   113.54
TIME: Member    2 ranks FPS=   109.52   119.06
TIME: Member    3 ranks FPS=   108.87   114.60
TIME: Member    4 ranks FPS=   108.03   115.15
TIME: Member    5 ranks FPS=   109.26   116.37
TIME: Member    6 ranks FPS=   109.95   120.83
TIME: Member    7 ranks FPS=   106.32   112.14
TIME: Member    8 ranks FPS=   112.96   116.44
TIME: Member    9 ranks FPS=   115.60   126.80
TIME: Member   10 ranks FPS=   111.48   124.11
TIME: Member   11 ranks FPS=   111.02   119.23
TIME: Member   12 ranks FPS=   113.60   115.50
TIME: Member   13 ranks FPS=    97.56   101.19
TIME: Member   14 ranks FPS=   105.65   110.22
TIME: Member   15 ranks FPS=   108.86   117.37
TIME: Avg. throughput= 195.1262 frames / second.

ACTION OUTPUT:

DATASETS (1 total):
	RMSD_00001%0 "RMSD_00001%0" (double, rms), size is 80000

DATAFILES (1 total):
  rsmd_exp_ens.dat.0 (Standard Data File):  RMSD_00001%0

RUN TIMING:
TIME:		Init               : 0.0145 s (  0.00%)
TIME:		Trajectory Process : 409.9911 s ( 99.97%)
TIME:		Data Set Sync      : 0.0004 s (  0.00%)
TIME:		Action Post        : 0.0000 s (  0.00%)
TIME:		Analysis           : 0.0000 s (  0.00%)
TIME:		Data File Write    : 0.0959 s (  0.02%)
TIME:		Other              : 0.0015 s (  0.00%)
TIME:	Run Total 410.1034 s
---------- RUN END ---------------------------------------------------
  [quit]
TIME: Total execution time: 413.4290 seconds.
--------------------------------------------------------------------------------
To cite CPPTRAJ use:
Daniel R. Roe and Thomas E. Cheatham, III, "PTRAJ and CPPTRAJ: Software for
  Processing and Analysis of Molecular Dynamics Trajectory Data". J. Chem.
  Theory Comput., 2013, 9 (7), pp 3084-3095.

 
TACC: Shutdown complete. Exiting.
