TACC: Starting up job 7609806
TACC: Setting up parallel environment for MVAPICH2+mpispawn.
TACC: Starting parallel tasks...

CPPTRAJ: Trajectory Analysis. V16.00b MPI
    ___  ___  ___  ___
     | \/ | \/ | \/ | 
    _|_/\_|_/\_|_/\_|_

| Running on 128 threads
| Date/time: 09/13/16 13:39:16
| Available memory: 29.144 GB

INPUT: Reading input from 'cpptraj_ens.in'
  [parm /scratch/03170/tg824689/amber_test/utah_DNA/amber.utah.edu/DNA-dynamics/GAAC/Anton-data/GAAC3/GAAC.topo]
	Reading '/scratch/03170/tg824689/amber_test/utah_DNA/amber.utah.edu/DNA-dynamics/GAAC/Anton-data/GAAC3/GAAC.topo' as Amber Topology
  [ensemble /scratch/03170/tg824689/cpptraj_exp_data/ens/test.dcd.0 1 80000 nosort trajnames /scratch/03170/tg824689/cpptraj_exp_data/ens/test.dcd.1,/scratch/03170/tg824689/cpptraj_exp_data/ens/test.dcd.2,/scratch/03170/tg824689/cpptraj_exp_data/ens/test.dcd.3,/scratch/03170/tg824689/cpptraj_exp_data/ens/test.dcd.4,/scratch/03170/tg824689/cpptraj_exp_data/ens/test.dcd.5,/scratch/03170/tg824689/cpptraj_exp_data/ens/test.dcd.6,/scratch/03170/tg824689/cpptraj_exp_data/ens/test.dcd.7,/scratch/03170/tg824689/cpptraj_exp_data/ens/test.dcd.8,/scratch/03170/tg824689/cpptraj_exp_data/ens/test.dcd.9,/scratch/03170/tg824689/cpptraj_exp_data/ens/test.dcd.10,/scratch/03170/tg824689/cpptraj_exp_data/ens/test.dcd.11,/scratch/03170/tg824689/cpptraj_exp_data/ens/test.dcd.12,/scratch/03170/tg824689/cpptraj_exp_data/ens/test.dcd.13,/scratch/03170/tg824689/cpptraj_exp_data/ens/test.dcd.14,/scratch/03170/tg824689/cpptraj_exp_data/ens/test.dcd.15]
Warning: Ensemble setup efficiency in parallel is greatly
Warning:   improved via the 'ensemblesize' command.
	Reading '/scratch/03170/tg824689/cpptraj_exp_data/ens/test.dcd.0' as Charmm DCD
  [rmsd first @H* out rsmd_exp_ens.dat]
    RMSD: (@H*), reference is first frame (@H*).
	Best-fit RMSD will be calculated, coords will be rotated and translated.
  [run]
---------- RUN BEGIN -------------------------------------------------

ENSEMBLE INFO:
  Ensemble size is 16

PARAMETER FILES (1 total):
 0: GAAC.topo, 58329 atoms, 19202 res, box: Orthogonal, 19168 mol, 19012 solvent

INPUT ENSEMBLES (1 total):
 0: Trajectory ensemble (16 total), lowest replica 'test.dcd.0' (reading 80000 of 80000)
	Not sorting ensemble.
  Coordinate processing will occur on 80000 frames.

PARALLEL INFO:
  8 threads per ensemble member.
  Thread 0 will process 10000 frames.
  Thread 1 will process 10000 frames.
  Thread 2 will process 10000 frames.
  Thread 3 will process 10000 frames.
  Thread 4 will process 10000 frames.
  Thread 5 will process 10000 frames.
  Thread 6 will process 10000 frames.
  Thread 7 will process 10000 frames.
.....................................................
ACTION SETUP FOR PARM 'GAAC.topo' (1 actions):
  0: [rmsd first @H* out rsmd_exp_ens.dat]
	Target mask: [@H*](38431)
	Reference mask: [@H*](38431)
Warning: Coordinates are being rotated and box coordinates are present.
Warning: Unit cell vectors are NOT rotated; imaging will not be possible
Warning:  after the RMS-fit is performed.

BEGIN PARALLEL ENSEMBLE PROCESSING:
 0% 10% 20% 30% 40% 50% 60% 70% 80% 90% 100% Complete.
TIME: Member    0 ranks FPS=    39.37    41.17    40.25    42.03    39.69    41.01    40.40    40.48
TIME: Member    1 ranks FPS=    46.57    48.47    47.43    46.92    47.24    48.89    47.84    47.05
TIME: Member    2 ranks FPS=    60.82    61.02    65.48    63.81    64.63    68.77    67.70    61.38
TIME: Member    3 ranks FPS=    58.71    59.55    63.11    58.55    58.45    62.21    61.50    58.70
TIME: Member    4 ranks FPS=    55.04    60.03    57.81    61.71    59.15    61.46    57.30    56.76
TIME: Member    5 ranks FPS=    46.30    48.66    46.79    48.15    51.26    47.73    46.52    48.70
TIME: Member    6 ranks FPS=    61.98    61.33    62.24    61.72    62.61    60.84    67.67    61.92
TIME: Member    7 ranks FPS=    56.13    56.75    58.68    58.54    59.93    60.19    63.15    64.45
TIME: Member    8 ranks FPS=    74.28    76.84    80.77    78.08    75.22    79.17    79.22    78.16
TIME: Member    9 ranks FPS=    64.09    72.76    65.58    77.57    71.14    70.69    66.48    66.73
TIME: Member   10 ranks FPS=    66.96    69.22    68.39    66.83    67.61    72.85    66.42    66.16
TIME: Member   11 ranks FPS=    61.67    64.47    66.98    63.53    62.81    63.09    65.77    67.71
TIME: Member   12 ranks FPS=    42.79    47.33    43.50    43.45    46.55    43.73    45.35    44.61
TIME: Member   13 ranks FPS=    37.40    38.00    40.34    37.80    37.89    39.53    39.59    39.52
TIME: Member   14 ranks FPS=    44.53    44.27    44.49    44.72    44.95    47.96    45.21    46.23
TIME: Member   15 ranks FPS=    57.65    60.54    59.70    67.42    60.61    60.29    65.94    62.68
TIME: Avg. throughput= 299.1847 frames / second.

ACTION OUTPUT:

DATASETS (1 total):
	RMSD_00001%0 "RMSD_00001%0" (double, rms), size is 80000

DATAFILES (1 total):
  rsmd_exp_ens.dat.0 (Standard Data File):  RMSD_00001%0

RUN TIMING:
TIME:		Init               : 0.0191 s (  0.01%)
TIME:		Trajectory Process : 267.3934 s ( 99.95%)
TIME:		Data Set Sync      : 0.0009 s (  0.00%)
TIME:		Action Post        : 0.0000 s (  0.00%)
TIME:		Analysis           : 0.0000 s (  0.00%)
TIME:		Data File Write    : 0.0988 s (  0.04%)
TIME:		Other              : 0.0037 s (  0.00%)
TIME:	Run Total 267.5158 s
---------- RUN END ---------------------------------------------------
  [quit]
TIME: Total execution time: 269.3263 seconds.
--------------------------------------------------------------------------------
To cite CPPTRAJ use:
Daniel R. Roe and Thomas E. Cheatham, III, "PTRAJ and CPPTRAJ: Software for
  Processing and Analysis of Molecular Dynamics Trajectory Data". J. Chem.
  Theory Comput., 2013, 9 (7), pp 3084-3095.

 
TACC: Shutdown complete. Exiting.
