TACC: Starting up job 7609807
TACC: Setting up parallel environment for MVAPICH2+mpispawn.
TACC: Starting parallel tasks...

CPPTRAJ: Trajectory Analysis. V16.00b MPI
    ___  ___  ___  ___
     | \/ | \/ | \/ | 
    _|_/\_|_/\_|_/\_|_

| Running on 128 threads
| Date/time: 09/13/16 13:45:03
| Available memory: 29.142 GB

INPUT: Reading input from 'cpptraj_ens.in'
  [parm /scratch/03170/tg824689/amber_test/utah_DNA/amber.utah.edu/DNA-dynamics/GAAC/Anton-data/GAAC3/GAAC.topo]
	Reading '/scratch/03170/tg824689/amber_test/utah_DNA/amber.utah.edu/DNA-dynamics/GAAC/Anton-data/GAAC3/GAAC.topo' as Amber Topology
  [ensemble /scratch/03170/tg824689/cpptraj_exp_data/ens/test.dcd.0 1 80000 nosort trajnames /scratch/03170/tg824689/cpptraj_exp_data/ens/test.dcd.1,/scratch/03170/tg824689/cpptraj_exp_data/ens/test.dcd.2,/scratch/03170/tg824689/cpptraj_exp_data/ens/test.dcd.3,/scratch/03170/tg824689/cpptraj_exp_data/ens/test.dcd.4,/scratch/03170/tg824689/cpptraj_exp_data/ens/test.dcd.5,/scratch/03170/tg824689/cpptraj_exp_data/ens/test.dcd.6,/scratch/03170/tg824689/cpptraj_exp_data/ens/test.dcd.7,/scratch/03170/tg824689/cpptraj_exp_data/ens/test.dcd.8,/scratch/03170/tg824689/cpptraj_exp_data/ens/test.dcd.9,/scratch/03170/tg824689/cpptraj_exp_data/ens/test.dcd.10,/scratch/03170/tg824689/cpptraj_exp_data/ens/test.dcd.11,/scratch/03170/tg824689/cpptraj_exp_data/ens/test.dcd.12,/scratch/03170/tg824689/cpptraj_exp_data/ens/test.dcd.13,/scratch/03170/tg824689/cpptraj_exp_data/ens/test.dcd.14,/scratch/03170/tg824689/cpptraj_exp_data/ens/test.dcd.15]
Warning: Ensemble setup efficiency in parallel is greatly
Warning:   improved via the 'ensemblesize' command.
	Reading '/scratch/03170/tg824689/cpptraj_exp_data/ens/test.dcd.0' as Charmm DCD
  [rmsd first @H* out rsmd_exp_ens.dat]
    RMSD: (@H*), reference is first frame (@H*).
	Best-fit RMSD will be calculated, coords will be rotated and translated.
  [run]
---------- RUN BEGIN -------------------------------------------------

ENSEMBLE INFO:
  Ensemble size is 16

PARAMETER FILES (1 total):
 0: GAAC.topo, 58329 atoms, 19202 res, box: Orthogonal, 19168 mol, 19012 solvent

INPUT ENSEMBLES (1 total):
 0: Trajectory ensemble (16 total), lowest replica 'test.dcd.0' (reading 80000 of 80000)
	Not sorting ensemble.
  Coordinate processing will occur on 80000 frames.

PARALLEL INFO:
  8 threads per ensemble member.
  Thread 0 will process 10000 frames.
  Thread 1 will process 10000 frames.
  Thread 2 will process 10000 frames.
  Thread 3 will process 10000 frames.
  Thread 4 will process 10000 frames.
  Thread 5 will process 10000 frames.
  Thread 6 will process 10000 frames.
  Thread 7 will process 10000 frames.
.....................................................
ACTION SETUP FOR PARM 'GAAC.topo' (1 actions):
  0: [rmsd first @H* out rsmd_exp_ens.dat]
	Target mask: [@H*](38431)
	Reference mask: [@H*](38431)
Warning: Coordinates are being rotated and box coordinates are present.
Warning: Unit cell vectors are NOT rotated; imaging will not be possible
Warning:  after the RMS-fit is performed.

BEGIN PARALLEL ENSEMBLE PROCESSING:
 0% 10% 20% 30% 40% 50% 60% 70% 80% 90% 100% Complete.
TIME: Member    0 ranks FPS=    37.72    38.34    40.11    39.09    38.09    39.01    40.30    38.41
TIME: Member    1 ranks FPS=    45.18    48.32    48.58    47.45    46.64    46.84    46.78    46.39
TIME: Member    2 ranks FPS=    56.00    57.64    61.26    62.27    55.99    59.29    59.86    57.30
TIME: Member    3 ranks FPS=    54.67    55.94    58.15    56.10    56.10    61.32    61.01    59.83
TIME: Member    4 ranks FPS=    56.52    61.34    60.01    59.55    64.37    65.76    62.25    63.31
TIME: Member    5 ranks FPS=    40.39    42.03    40.98    43.68    41.77    45.24    42.49    44.42
TIME: Member    6 ranks FPS=    59.65    59.69    60.66    65.44    61.07    64.16    60.00    60.19
TIME: Member    7 ranks FPS=    53.56    57.00    56.55    53.62    58.26    58.40    57.48    57.81
TIME: Member    8 ranks FPS=    67.75    70.19    73.67    74.17    75.98    74.08    77.54    94.15
TIME: Member    9 ranks FPS=    58.75    63.17    59.27    65.09    60.34    59.46    60.01    60.57
TIME: Member   10 ranks FPS=    63.71    64.31    64.49    70.08    72.82    73.44    71.92    69.10
TIME: Member   11 ranks FPS=    56.46    59.20    58.18    58.56    58.93    61.31    58.03    62.16
TIME: Member   12 ranks FPS=    42.76    44.50    43.70    43.85    42.96    43.76    45.68    44.11
TIME: Member   13 ranks FPS=    37.13    37.50    38.38    37.87    37.20    37.25    38.80    37.46
TIME: Member   14 ranks FPS=    40.19    43.45    43.20    42.49    44.29    44.39    44.21    40.27
TIME: Member   15 ranks FPS=    57.46    58.81    62.98    60.81    65.83    67.15    74.70    72.83
TIME: Avg. throughput= 297.0213 frames / second.

ACTION OUTPUT:

DATASETS (1 total):
	RMSD_00001%0 "RMSD_00001%0" (double, rms), size is 80000

DATAFILES (1 total):
  rsmd_exp_ens.dat.0 (Standard Data File):  RMSD_00001%0

RUN TIMING:
TIME:		Init               : 0.0195 s (  0.01%)
TIME:		Trajectory Process : 269.3410 s ( 99.95%)
TIME:		Data Set Sync      : 0.0008 s (  0.00%)
TIME:		Action Post        : 0.0000 s (  0.00%)
TIME:		Analysis           : 0.0000 s (  0.00%)
TIME:		Data File Write    : 0.0985 s (  0.04%)
TIME:		Other              : 0.0034 s (  0.00%)
TIME:	Run Total 269.4632 s
---------- RUN END ---------------------------------------------------
  [quit]
TIME: Total execution time: 271.2947 seconds.
--------------------------------------------------------------------------------
To cite CPPTRAJ use:
Daniel R. Roe and Thomas E. Cheatham, III, "PTRAJ and CPPTRAJ: Software for
  Processing and Analysis of Molecular Dynamics Trajectory Data". J. Chem.
  Theory Comput., 2013, 9 (7), pp 3084-3095.

 
TACC: Shutdown complete. Exiting.
