TACC: Starting up job 8011172
TACC: Setting up parallel environment for MVAPICH2+mpispawn.
TACC: Starting parallel tasks...

CPPTRAJ: Trajectory Analysis. V16.00b MPI
    ___  ___  ___  ___
     | \/ | \/ | \/ | 
    _|_/\_|_/\_|_/\_|_

| Running on 8 threads
| Date/time: 12/14/16 19:54:41
| Available memory: 29.526 GB

INPUT: Reading input from 'cpptraj_ens.in'
  [parm /scratch/03170/tg824689/amber_test/utah_DNA/amber.utah.edu/DNA-dynamics/GAAC/Anton-data/GAAC3/GAAC.topo]
	Reading '/scratch/03170/tg824689/amber_test/utah_DNA/amber.utah.edu/DNA-dynamics/GAAC/Anton-data/GAAC3/GAAC.topo' as Amber Topology
  [trajin /scratch/03170/tg824689/cpptraj_exp_data/ens/ens2.dcd 1 160000 nosort]
	Reading '/scratch/03170/tg824689/cpptraj_exp_data/ens/ens2.dcd' as Charmm DCD
  [rmsd first @H* out rsmd_exp_ens.dat]
    RMSD: (@H*), reference is first frame (@H*).
	Best-fit RMSD will be calculated, coords will be rotated and translated.
  [run]
---------- RUN BEGIN -------------------------------------------------

PARAMETER FILES (1 total):
 0: GAAC.topo, 58329 atoms, 19202 res, box: Orthogonal, 19168 mol, 19012 solvent

INPUT TRAJECTORIES (1 total):
 0: 'ens2.dcd' is a CHARMM DCD file Little Endian 32 bit, Parm GAAC.topo (Orthogonal box) (reading 160000 of 160000)
  Coordinate processing will occur on 160000 frames.

PARALLEL INFO:
  Thread 0 will process 20000 frames.
  Thread 1 will process 20000 frames.
  Thread 2 will process 20000 frames.
  Thread 3 will process 20000 frames.
  Thread 4 will process 20000 frames.
  Thread 5 will process 20000 frames.
  Thread 6 will process 20000 frames.
  Thread 7 will process 20000 frames.
.....................................................
ACTION SETUP FOR PARM 'GAAC.topo' (1 actions):
  0: [rmsd first @H* out rsmd_exp_ens.dat]
	Target mask: [@H*](38431)
	Reference mask: [@H*](38431)
Warning: Coordinates are being rotated and box coordinates are present.
Warning: Unit cell vectors are NOT rotated; imaging will not be possible
Warning:  after the RMS-fit is performed.

BEGIN PARALLEL TRAJECTORY PROCESSING:
 0% 10% 20% 30% 40% 50% 60% 70% 80% 90% 100% Complete.
TIME: Rank 0 throughput= 76.0166 frames / second.
TIME: Rank 1 throughput= 76.6818 frames / second.
TIME: Rank 2 throughput= 81.2344 frames / second.
TIME: Rank 3 throughput= 86.9968 frames / second.
TIME: Rank 4 throughput= 103.1226 frames / second.
TIME: Rank 5 throughput= 98.6542 frames / second.
TIME: Rank 6 throughput= 89.1906 frames / second.
TIME: Rank 7 throughput= 80.1367 frames / second.
TIME: Avg. throughput= 608.1324 frames / second.

ACTION OUTPUT:

DATASETS (1 total):
	RMSD_00001 "RMSD_00001" (double, rms), size is 160000

DATAFILES (1 total):
  rsmd_exp_ens.dat (Standard Data File):  RMSD_00001

RUN TIMING:
TIME:		Init               : 0.0155 s (  0.01%)
TIME:		Trajectory Process : 263.1006 s ( 99.90%)
TIME:		Data Set Sync      : 0.0206 s (  0.01%)
TIME:		Action Post        : 0.0001 s (  0.00%)
TIME:		Analysis           : 0.0000 s (  0.00%)
TIME:		Data File Write    : 0.2127 s (  0.08%)
TIME:		Other              : 0.0036 s (  0.00%)
TIME:	Run Total 263.3530 s
---------- RUN END ---------------------------------------------------
  [quit]
TIME: Total execution time: 263.9510 seconds.
--------------------------------------------------------------------------------
To cite CPPTRAJ use:
Daniel R. Roe and Thomas E. Cheatham, III, "PTRAJ and CPPTRAJ: Software for
  Processing and Analysis of Molecular Dynamics Trajectory Data". J. Chem.
  Theory Comput., 2013, 9 (7), pp 3084-3095.

 
TACC: Shutdown complete. Exiting.

=============================== REMORA SUMMARY ===============================
 Max Memory Used Per Node     : 1.51 GB
 Total Elapsed Time           : 0d 0h 4m 32s 263ms
------------------------------------------------------------------------------
 Max IO Load / home1          :     306 IOPS      60 RD(MB/S)       0 WR(MB/S)
 Max IO Load / scratch        :     389 IOPS     810 RD(MB/S)       2 WR(MB/S)
 Max IO Load / work           :       2 IOPS       0 RD(MB/S)       0 WR(MB/S)
==============================================================================
 Sampling Period              : 1 seconds
 Complete Report Data         : /scratch/03170/tg824689/cpptraj_exp/x2_2/8_3/remora_8011172
==============================================================================

