SCHEDULER: c251-101.wrangler.tacc.utexas.edu
c251-101
====-get to work-====
Iteration 1
Iteration 1 Dask, 2048, Runtime, 1.7186
Iteration 1 Dask, 512, Runtime, 0.5176
Iteration 1 Dask, 64, Runtime, 0.1146
Iteration 1 Dask, 16, Runtime, 0.0636
Iteration 1 Dask, 65536, Runtime, 56.6554
Iteration 1 Dask, 128, Runtime, 3.1697
Iteration 1 Dask, 2, Runtime, 0.0315
Iteration 1 Dask, 4, Runtime, 0.0639
Iteration 1 Dask, 1, Runtime, 0.0316
Iteration 1 Dask, 32768, Runtime, 29.4949
Iteration 1 Dask, 8192, Runtime, 7.4340
Iteration 1 Dask, 4096, Runtime, 3.5111
Iteration 1 Dask, 8, Runtime, 0.0637
Iteration 1 Dask, 1024, Runtime, 0.9757
Iteration 1 Dask, 131072, Runtime, 122.5209
Iteration 1 Dask, 256, Runtime, 1.4167
Iteration 1 Dask, 16384, Runtime, 14.6596
Iteration 1 Dask, 32, Runtime, 0.2140
Iteration 2
Iteration 2 Dask, 32768, Runtime, 28.2513
Iteration 2 Dask, 128, Runtime, 1.5227
Iteration 2 Dask, 8, Runtime, 0.0640
Iteration 2 Dask, 2, Runtime, 0.0315
Iteration 2 Dask, 2048, Runtime, 1.8357
Iteration 2 Dask, 1, Runtime, 0.0317
Iteration 2 Dask, 64, Runtime, 0.1643
Iteration 2 Dask, 16384, Runtime, 13.8467
Iteration 2 Dask, 512, Runtime, 0.5893
Iteration 2 Dask, 65536, Runtime, 55.9746
Iteration 2 Dask, 8192, Runtime, 7.9957
Iteration 2 Dask, 131072, Runtime, 112.8510
Iteration 2 Dask, 1024, Runtime, 7.2869
Iteration 2 Dask, 32, Runtime, 0.1166
Iteration 2 Dask, 4096, Runtime, 3.4142
Iteration 2 Dask, 256, Runtime, 0.3146
Iteration 2 Dask, 16, Runtime, 0.0637
Iteration 2 Dask, 4, Runtime, 0.0637
Iteration 3
Iteration 3 Dask, 512, Runtime, 0.5185
Iteration 3 Dask, 16, Runtime, 0.0636
Iteration 3 Dask, 131072, Runtime, 114.0648
Iteration 3 Dask, 64, Runtime, 6.6252
Iteration 3 Dask, 8192, Runtime, 7.0909
Iteration 3 Dask, 65536, Runtime, 58.3755
Iteration 3 Dask, 2, Runtime, 0.6148
Iteration 3 Dask, 32768, Runtime, 29.8409
Iteration 3 Dask, 2048, Runtime, 2.2609
Iteration 3 Dask, 256, Runtime, 0.3644
Iteration 3 Dask, 32, Runtime, 0.1138
Iteration 3 Dask, 4096, Runtime, 3.5652
Iteration 3 Dask, 1024, Runtime, 0.9744
Iteration 3 Dask, 128, Runtime, 0.2149
Iteration 3 Dask, 1, Runtime, 0.0155
Iteration 3 Dask, 16384, Runtime, 15.4808
Iteration 3 Dask, 8, Runtime, 0.1639
Iteration 3 Dask, 4, Runtime, 0.0316
Iteration 4
Iteration 4 Dask, 16384, Runtime, 13.3514
Iteration 4 Dask, 1, Runtime, 0.1640
Iteration 4 Dask, 1024, Runtime, 2.6613
Iteration 4 Dask, 4, Runtime, 0.0316
Iteration 4 Dask, 4096, Runtime, 3.7106
Iteration 4 Dask, 8192, Runtime, 7.3901
Iteration 4 Dask, 131072, Runtime, 117.3558
Iteration 4 Dask, 32, Runtime, 1.2689
Iteration 4 Dask, 16, Runtime, 0.0637
Iteration 4 Dask, 2, Runtime, 0.0637
Iteration 4 Dask, 64, Runtime, 5.5827
Iteration 4 Dask, 2048, Runtime, 1.9782
Iteration 4 Dask, 256, Runtime, 0.3224
Iteration 4 Dask, 32768, Runtime, 30.5029
Iteration 4 Dask, 512, Runtime, 0.9335
Iteration 4 Dask, 65536, Runtime, 64.5606
Iteration 4 Dask, 8, Runtime, 0.6150
Iteration 4 Dask, 128, Runtime, 0.2144
Iteration 5
Iteration 5 Dask, 256, Runtime, 0.3173
Iteration 5 Dask, 64, Runtime, 0.1639
Iteration 5 Dask, 4, Runtime, 0.0315
Iteration 5 Dask, 2048, Runtime, 2.0426
Iteration 5 Dask, 32, Runtime, 0.1141
Iteration 5 Dask, 1024, Runtime, 1.0475
Iteration 5 Dask, 8, Runtime, 0.0671
Iteration 5 Dask, 1, Runtime, 0.0901
Iteration 5 Dask, 8192, Runtime, 7.2297
Iteration 5 Dask, 32768, Runtime, 32.2898
Iteration 5 Dask, 16, Runtime, 0.4168
Iteration 5 Dask, 128, Runtime, 0.2148
Iteration 5 Dask, 65536, Runtime, 64.1730
Iteration 5 Dask, 512, Runtime, 1.1304
Iteration 5 Dask, 131072, Runtime, 127.2227
Iteration 5 Dask, 2, Runtime, 1.2160
Iteration 5 Dask, 16384, Runtime, 14.8055
Iteration 5 Dask, 4096, Runtime, 5.2704
Iteration 6
Iteration 6 Dask, 4096, Runtime, 3.6154
Iteration 6 Dask, 64, Runtime, 0.1947
Iteration 6 Dask, 2048, Runtime, 1.8879
Iteration 6 Dask, 1024, Runtime, 0.9853
Iteration 6 Dask, 256, Runtime, 0.3167
Iteration 6 Dask, 1, Runtime, 0.0316
Iteration 6 Dask, 128, Runtime, 0.2141
Iteration 6 Dask, 2, Runtime, 0.0326
Iteration 6 Dask, 512, Runtime, 0.5685
Iteration 6 Dask, 131072, Runtime, 129.6323
Iteration 6 Dask, 16, Runtime, 1.2677
Iteration 6 Dask, 32, Runtime, 0.1209
Iteration 6 Dask, 8, Runtime, 0.0636
Iteration 6 Dask, 4, Runtime, 0.0316
Iteration 6 Dask, 16384, Runtime, 14.3982
Iteration 6 Dask, 8192, Runtime, 9.5893
Iteration 6 Dask, 32768, Runtime, 31.7972
Iteration 6 Dask, 65536, Runtime, 65.0155
Iteration 7
Iteration 7 Dask, 32768, Runtime, 32.8211
Iteration 7 Dask, 1, Runtime, 0.2680
Iteration 7 Dask, 8192, Runtime, 7.7287
Iteration 7 Dask, 64, Runtime, 0.2146
Iteration 7 Dask, 131072, Runtime, 130.8614
Iteration 7 Dask, 128, Runtime, 1.3164
Iteration 7 Dask, 2, Runtime, 0.0636
Iteration 7 Dask, 16, Runtime, 0.0644
Iteration 7 Dask, 32, Runtime, 0.1139
Iteration 7 Dask, 2048, Runtime, 2.0118
Iteration 7 Dask, 256, Runtime, 0.3172
Iteration 7 Dask, 4096, Runtime, 3.7300
Iteration 7 Dask, 8, Runtime, 0.0637
Iteration 7 Dask, 1024, Runtime, 1.0271
Iteration 7 Dask, 512, Runtime, 0.6723
Iteration 7 Dask, 65536, Runtime, 64.8813
Iteration 7 Dask, 16384, Runtime, 14.9081
Iteration 7 Dask, 4, Runtime, 0.1141
Iteration 8
Iteration 8 Dask, 32768, Runtime, 33.2719
Iteration 8 Dask, 1024, Runtime, 1.2793
Iteration 8 Dask, 1, Runtime, 0.0315
Iteration 8 Dask, 256, Runtime, 0.3172
Iteration 8 Dask, 512, Runtime, 0.5384
Iteration 8 Dask, 4, Runtime, 0.0421
Iteration 8 Dask, 16, Runtime, 0.0637
Iteration 8 Dask, 8, Runtime, 0.0637
Iteration 8 Dask, 4096, Runtime, 3.7495
Iteration 8 Dask, 65536, Runtime, 68.4957
Iteration 8 Dask, 2048, Runtime, 2.5127
Iteration 8 Dask, 32, Runtime, 0.1138
Iteration 8 Dask, 131072, Runtime, 131.8039
Iteration 8 Dask, 2, Runtime, 1.1689
Iteration 8 Dask, 64, Runtime, 0.1650
Iteration 8 Dask, 16384, Runtime, 16.9436
Iteration 8 Dask, 8192, Runtime, 7.8273
Iteration 8 Dask, 128, Runtime, 0.2642
Iteration 9
Iteration 9 Dask, 8, Runtime, 0.0636
Iteration 9 Dask, 1024, Runtime, 1.0729
Iteration 9 Dask, 128, Runtime, 0.2143
Iteration 9 Dask, 16, Runtime, 0.0637
Iteration 9 Dask, 65536, Runtime, 66.1729
Iteration 9 Dask, 16384, Runtime, 15.2272
Iteration 9 Dask, 2048, Runtime, 1.9936
Iteration 9 Dask, 8192, Runtime, 9.6120
Iteration 9 Dask, 512, Runtime, 0.6182
Iteration 9 Dask, 4096, Runtime, 3.8452
Iteration 9 Dask, 32, Runtime, 0.1199
Iteration 9 Dask, 131072, Runtime, 134.6622
Iteration 9 Dask, 4, Runtime, 1.1801
Iteration 9 Dask, 64, Runtime, 0.1917
Iteration 9 Dask, 1, Runtime, 0.0451
Iteration 9 Dask, 256, Runtime, 0.3645
Iteration 9 Dask, 2, Runtime, 0.0315
Iteration 9 Dask, 32768, Runtime, 31.0855
Iteration 10
Iteration 10 Dask, 4096, Runtime, 3.9959
Iteration 10 Dask, 16, Runtime, 0.0637
Iteration 10 Dask, 16384, Runtime, 16.2385
Iteration 10 Dask, 512, Runtime, 1.0710
Iteration 10 Dask, 2, Runtime, 0.0315
Iteration 10 Dask, 4, Runtime, 0.0647
Iteration 10 Dask, 32768, Runtime, 34.2866
Iteration 10 Dask, 8192, Runtime, 8.2386
Iteration 10 Dask, 65536, Runtime, 69.3276
Iteration 10 Dask, 32, Runtime, 0.6659
Iteration 10 Dask, 64, Runtime, 0.1649
Iteration 10 Dask, 1024, Runtime, 1.1343
Iteration 10 Dask, 128, Runtime, 0.2242
Iteration 10 Dask, 1, Runtime, 0.0318
Iteration 10 Dask, 131072, Runtime, 136.7697
Iteration 10 Dask, 8, Runtime, 1.2165
Iteration 10 Dask, 2048, Runtime, 2.0488
Iteration 10 Dask, 256, Runtime, 0.3656
