SCHEDULER: c251-101.wrangler.tacc.utexas.edu
c251-101 c251-106 c251-107 c251-108 c251-112 c251-113
Working on c251-101 ....
Working on c251-106 ....
Working on c251-107 ....
Working on c251-108 ....
Working on c251-112 ....
Working on c251-113 ....
====-get to work-====
Start,Overhead,Init,AdjMatrix,ConnComp,End

1496280360.720963,1496280360.727184,1496280365.643602,1496280369.582054,1496280369.587187
Start,Overhead,Init,AdjMatrix,ConnComp,End

1496280370.749104,1496280370.757307,1496280380.731745,1496280389.278909,1496280389.286064
Start,Overhead,Init,AdjMatrix,ConnComp,End

1496280390.813067,1496280390.823930,1496280420.236275,1496280437.654200,1496280437.725798
Start,Overhead,Init,AdjMatrix,ConnComp,End

1496280440.327140,1496280440.331077,1496280445.122379,1496280448.922577,1496280448.928644
Start,Overhead,Init,AdjMatrix,ConnComp,End

1496280450.065834,1496280450.070669,1496280459.808416,1496280467.641425,1496280467.648395
Start,Overhead,Init,AdjMatrix,ConnComp,End

1496280469.110854,1496280469.117769,1496280501.769281,1496280518.352242,1496280518.532767
Start,Overhead,Init,AdjMatrix,ConnComp,End

1496280521.069378,1496280521.073667,1496280525.771284,1496280529.771280,1496280529.776585
Start,Overhead,Init,AdjMatrix,ConnComp,End

1496280530.851367,1496280530.856147,1496280540.809001,1496280548.931026,1496280548.937472
Start,Overhead,Init,AdjMatrix,ConnComp,End

1496280550.425278,1496280550.432268,1496280582.344667,1496280598.676971,1496280598.846269
