SCHEDULER: c251-112.wrangler.tacc.utexas.edu
c251-112 c251-113
====-get to work-====
Start,Overhead,Init,AdjMatrix,ConnComp,End

1496277787.900626,1496277787.906538,1496277794.308482,1496277798.194397,1496277798.199916
Start,Overhead,Init,AdjMatrix,ConnComp,End

1496277799.284753,1496277799.292198,1496277820.860315,1496277828.598449,1496277828.605114
Start,Overhead,Init,AdjMatrix,ConnComp,End

1496277830.118383,1496277830.129854,1496277913.253036,1496277929.426378,1496277929.600595
Start,Overhead,Init,AdjMatrix,ConnComp,End

1496277932.012200,1496277932.016014,1496277938.618998,1496277942.282515,1496277942.287781
Start,Overhead,Init,AdjMatrix,ConnComp,End

1496277943.338465,1496277943.343585,1496277965.196762,1496277973.379322,1496277973.385901
Start,Overhead,Init,AdjMatrix,ConnComp,End

1496277974.883021,1496277974.889850,1496278057.889354,1496278075.572414,1496278075.581726
Start,Overhead,Init,AdjMatrix,ConnComp,End

1496278078.322061,1496278078.326408,1496278085.120175,1496278089.034298,1496278089.039470
Start,Overhead,Init,AdjMatrix,ConnComp,End

1496278090.104307,1496278090.109827,1496278111.690437,1496278119.345770,1496278119.352208
Start,Overhead,Init,AdjMatrix,ConnComp,End

1496278120.956021,1496278120.962958,1496278205.112828,1496278221.435888,1496278221.444535
